#
# There is insufficient memory for the Java Runtime Environment to continue.
# Native memory allocation (malloc) failed to allocate 322096 bytes. Error detail: Chunk::new
# Possible reasons:
#   The system is out of physical RAM or swap space
#   This process is running with CompressedOops enabled, and the Java Heap may be blocking the growth of the native heap
# Possible solutions:
#   Reduce memory load on the system
#   Increase physical memory or swap space
#   Check if swap backing store is full
#   Decrease Java heap size (-Xmx/-Xms)
#   Decrease number of Java threads
#   Decrease Java thread stack sizes (-Xss)
#   Set larger code cache with -XX:ReservedCodeCacheSize=
#   JVM is running with Unscaled Compressed Oops mode in which the Java heap is
#     placed in the first 4GB address space. The Java Heap base address is the
#     maximum limit for the native heap growth. Please use -XX:HeapBaseMinAddress
#     to set the Java Heap base and to place the Java Heap above 4GB virtual address.
# This output file may be truncated or incomplete.
#
#  Out of Memory Error (arena.cpp:150), pid=11860, tid=4904
#
# JRE version: Java(TM) SE Runtime Environment (22.0.2+9) (build 22.0.2+9-70)
# Java VM: Java HotSpot(TM) 64-Bit Server VM (22.0.2+9-70, mixed mode, sharing, tiered, compressed oops, compressed class ptrs, g1 gc, windows-amd64)
# No core dump will be written. Minidumps are not enabled by default on client versions of Windows
#

---------------  S U M M A R Y ------------

Command Line: -Dfile.encoding=UTF-8 -Dstdout.encoding=UTF-8 -Dstderr.encoding=UTF-8 -XX:+ShowCodeDetailsInExceptionMessages com.app.Manager2Application

Host: Intel(R) Core(TM) i5-2450M CPU @ 2.50GHz, 4 cores, 3G,  Windows 10 , 64 bit Build 19041 (10.0.19041.4597)
Time: Wed Aug 14 21:58:19 2024 India Standard Time elapsed time: 30.500864 seconds (0d 0h 0m 30s)

---------------  T H R E A D  ---------------

Current thread (0x000001ee7716de50):  JavaThread "C2 CompilerThread0" daemon [_thread_in_native, id=4904, stack(0x00000029c7d00000,0x00000029c7e00000) (1024K)]


Current CompileTask:
C2:30501 6705       4       org.springframework.beans.factory.support.AbstractBeanFactory::isTypeMatch (745 bytes)

Stack: [0x00000029c7d00000,0x00000029c7e00000]
Native frames: (J=compiled Java code, j=interpreted, Vv=VM code, C=native code)
V  [jvm.dll+0x6e26e9]  (no source info available)
V  [jvm.dll+0x875753]  (no source info available)
V  [jvm.dll+0x877b7e]  (no source info available)
V  [jvm.dll+0x878253]  (no source info available)
V  [jvm.dll+0x27fc86]  (no source info available)
V  [jvm.dll+0xc3d0f]  (no source info available)
V  [jvm.dll+0xc3f6b]  (no source info available)
V  [jvm.dll+0x5edbaa]  (no source info available)
V  [jvm.dll+0x387d7a]  (no source info available)
V  [jvm.dll+0x3871ba]  (no source info available)
V  [jvm.dll+0x2477f8]  (no source info available)
V  [jvm.dll+0x246e9f]  (no source info available)
V  [jvm.dll+0x1c4e80]  (no source info available)
V  [jvm.dll+0x2568f3]  (no source info available)
V  [jvm.dll+0x254baa]  (no source info available)
V  [jvm.dll+0x3f57a6]  (no source info available)
V  [jvm.dll+0x81dc0b]  (no source info available)
V  [jvm.dll+0x6e0d85]  (no source info available)
C  [ucrtbase.dll+0x21bb2]  (no source info available)
C  [KERNEL32.DLL+0x17374]  (no source info available)
C  [ntdll.dll+0x4cc91]  (no source info available)


---------------  P R O C E S S  ---------------

Threads class SMR info:
_java_thread_list=0x000001ee7d0bf580, length=18, elements={
0x000001ee194c9730, 0x000001ee7713cca0, 0x000001ee7713d900, 0x000001ee7713fc10,
0x000001ee77142680, 0x000001ee77147100, 0x000001ee7714d0b0, 0x000001ee7716de50,
0x000001ee7717ae30, 0x000001ee773c02f0, 0x000001ee773ca940, 0x000001ee77d71dc0,
0x000001ee77d75100, 0x000001ee7deae960, 0x000001ee7cabc250, 0x000001ee7cabbbc0,
0x000001ee7cabc8e0, 0x000001ee7cabd600
}

Java Threads: ( => current thread )
  0x000001ee194c9730 JavaThread "main"                              [_thread_blocked, id=12936, stack(0x00000029c6f00000,0x00000029c7000000) (1024K)]
  0x000001ee7713cca0 JavaThread "Reference Handler"          daemon [_thread_blocked, id=7868, stack(0x00000029c7700000,0x00000029c7800000) (1024K)]
  0x000001ee7713d900 JavaThread "Finalizer"                  daemon [_thread_blocked, id=4360, stack(0x00000029c7800000,0x00000029c7900000) (1024K)]
  0x000001ee7713fc10 JavaThread "Signal Dispatcher"          daemon [_thread_blocked, id=10900, stack(0x00000029c7900000,0x00000029c7a00000) (1024K)]
  0x000001ee77142680 JavaThread "Attach Listener"            daemon [_thread_blocked, id=7588, stack(0x00000029c7a00000,0x00000029c7b00000) (1024K)]
  0x000001ee77147100 JavaThread "Service Thread"             daemon [_thread_blocked, id=14088, stack(0x00000029c7b00000,0x00000029c7c00000) (1024K)]
  0x000001ee7714d0b0 JavaThread "Monitor Deflation Thread"   daemon [_thread_blocked, id=13840, stack(0x00000029c7c00000,0x00000029c7d00000) (1024K)]
=>0x000001ee7716de50 JavaThread "C2 CompilerThread0"         daemon [_thread_in_native, id=4904, stack(0x00000029c7d00000,0x00000029c7e00000) (1024K)]
  0x000001ee7717ae30 JavaThread "C1 CompilerThread0"         daemon [_thread_blocked, id=1080, stack(0x00000029c7e00000,0x00000029c7f00000) (1024K)]
  0x000001ee773c02f0 JavaThread "Notification Thread"        daemon [_thread_blocked, id=11500, stack(0x00000029c7f00000,0x00000029c8000000) (1024K)]
  0x000001ee773ca940 JavaThread "Common-Cleaner"             daemon [_thread_blocked, id=7464, stack(0x00000029c8000000,0x00000029c8100000) (1024K)]
  0x000001ee77d71dc0 JavaThread "Thread-0"                          [_thread_blocked, id=9688, stack(0x00000029c8400000,0x00000029c8500000) (1024K)]
  0x000001ee77d75100 JavaThread "restartedMain"                     [_thread_in_vm, id=12384, stack(0x00000029c8500000,0x00000029c8600000) (1024K)]
  0x000001ee7deae960 JavaThread "Catalina-utility-1"                [_thread_blocked, id=7448, stack(0x00000029c8600000,0x00000029c8700000) (1024K)]
  0x000001ee7cabc250 JavaThread "Catalina-utility-2"                [_thread_blocked, id=5620, stack(0x00000029c8700000,0x00000029c8800000) (1024K)]
  0x000001ee7cabbbc0 JavaThread "container-0"                       [_thread_blocked, id=1164, stack(0x00000029c8800000,0x00000029c8900000) (1024K)]
  0x000001ee7cabc8e0 JavaThread "mysql-cj-abandoned-connection-cleanup" daemon [_thread_blocked, id=2412, stack(0x00000029c8900000,0x00000029c8a00000) (1024K)]
  0x000001ee7cabd600 JavaThread "HikariPool-1 housekeeper"   daemon [_thread_blocked, id=3848, stack(0x00000029c8b00000,0x00000029c8c00000) (1024K)]
Total: 18

Other Threads:
  0x000001ee77123480 VMThread "VM Thread"                           [id=4352, stack(0x00000029c7600000,0x00000029c7700000) (1024K)]
  0x000001ee1b64cea0 WatcherThread "VM Periodic Task Thread"        [id=5548, stack(0x00000029c7500000,0x00000029c7600000) (1024K)]
  0x000001ee1b5d67c0 WorkerThread "GC Thread#0"                     [id=11852, stack(0x00000029c7000000,0x00000029c7100000) (1024K)]
  0x000001ee77c52a10 WorkerThread "GC Thread#1"                     [id=9388, stack(0x00000029c8100000,0x00000029c8200000) (1024K)]
  0x000001ee77c32ea0 WorkerThread "GC Thread#2"                     [id=6964, stack(0x00000029c8200000,0x00000029c8300000) (1024K)]
  0x000001ee779bc420 WorkerThread "GC Thread#3"                     [id=12992, stack(0x00000029c8300000,0x00000029c8400000) (1024K)]
  0x000001ee1b5dfd50 ConcurrentGCThread "G1 Main Marker"            [id=9584, stack(0x00000029c7100000,0x00000029c7200000) (1024K)]
  0x000001ee1b5e0770 WorkerThread "G1 Conc#0"                       [id=12516, stack(0x00000029c7200000,0x00000029c7300000) (1024K)]
  0x000001ee1b63aec0 ConcurrentGCThread "G1 Refine#0"               [id=6620, stack(0x00000029c7300000,0x00000029c7400000) (1024K)]
  0x000001ee1b63c800 ConcurrentGCThread "G1 Service"                [id=10012, stack(0x00000029c7400000,0x00000029c7500000) (1024K)]
Total: 10

Threads with active compile tasks:
C2 CompilerThread0  30757 6705       4       org.springframework.beans.factory.support.AbstractBeanFactory::isTypeMatch (745 bytes)
Total: 1

VM state: not at safepoint (normal execution)

VM Mutex/Monitor currently owned by a thread:  ([mutex/lock_event])
[0x00007ffb0e7fab00] Metaspace_lock - owner thread: 0x000001ee77d75100

Heap address: 0x00000000c1600000, size: 1002 MB, Compressed Oops mode: 32-bit

CDS archive(s) mapped at: [0x000001ee36000000-0x000001ee36c60000-0x000001ee36c60000), size 12976128, SharedBaseAddress: 0x000001ee36000000, ArchiveRelocationMode: 1.
Compressed class space mapped at: 0x000001ee37000000-0x000001ee77000000, reserved size: 1073741824
Narrow klass base: 0x000001ee36000000, Narrow klass shift: 0, Narrow klass range: 0x41000000

GC Precious Log:
 CardTable entry size: 512
 Card Set container configuration: InlinePtr #cards 5 size 8 Array Of Cards #cards 12 size 40 Howl #buckets 4 coarsen threshold 1843 Howl Bitmap #cards 512 size 80 coarsen threshold 460 Card regions per heap region 1 cards per card region 2048
 CPUs: 4 total, 4 available
 Memory: 4002M
 Large Page Support: Disabled
 NUMA Support: Disabled
 Compressed Oops: Enabled (32-bit)
 Heap Region Size: 1M
 Heap Min Capacity: 8M
 Heap Initial Capacity: 64M
 Heap Max Capacity: 1002M
 Pre-touch: Disabled
 Parallel Workers: 4
 Concurrent Workers: 1
 Concurrent Refinement Workers: 4
 Periodic GC: Disabled

Heap:
 garbage-first heap   total reserved 1026048K, committed 61440K, used 34671K [0x00000000c1600000, 0x0000000100000000)
  region size 1024K, 10 young (10240K), 4 survivors (4096K)
 Metaspace       used 66648K, committed 67328K, reserved 1114112K
  class space    used 9153K, committed 9472K, reserved 1048576K

Heap Regions: E=young(eden), S=young(survivor), O=old, HS=humongous(starts), HC=humongous(continues), CS=collection set, F=free, TAMS=top-at-mark-start, PB=parsable bottom
|   0|0x00000000c1600000, 0x00000000c1700000, 0x00000000c1700000|100%|HS|  |TAMS 0x00000000c1600000| PB 0x00000000c1600000| Complete |  0
|   1|0x00000000c1700000, 0x00000000c1800000, 0x00000000c1800000|100%| O|  |TAMS 0x00000000c1700000| PB 0x00000000c1700000| Untracked |  0
|   2|0x00000000c1800000, 0x00000000c1900000, 0x00000000c1900000|100%| O|  |TAMS 0x00000000c1800000| PB 0x00000000c1800000| Untracked |  0
|   3|0x00000000c1900000, 0x00000000c1a00000, 0x00000000c1a00000|100%| O|  |TAMS 0x00000000c1900000| PB 0x00000000c1900000| Untracked |  0
|   4|0x00000000c1a00000, 0x00000000c1b00000, 0x00000000c1b00000|100%| O|  |TAMS 0x00000000c1a00000| PB 0x00000000c1a00000| Untracked |  0
|   5|0x00000000c1b00000, 0x00000000c1c00000, 0x00000000c1c00000|100%| O|  |TAMS 0x00000000c1b00000| PB 0x00000000c1b00000| Untracked |  0
|   6|0x00000000c1c00000, 0x00000000c1d00000, 0x00000000c1d00000|100%| O|  |TAMS 0x00000000c1c00000| PB 0x00000000c1c00000| Untracked |  0
|   7|0x00000000c1d00000, 0x00000000c1e00000, 0x00000000c1e00000|100%| O|  |TAMS 0x00000000c1d00000| PB 0x00000000c1d00000| Untracked |  0
|   8|0x00000000c1e00000, 0x00000000c1f00000, 0x00000000c1f00000|100%| O|  |TAMS 0x00000000c1e00000| PB 0x00000000c1e00000| Untracked |  0
|   9|0x00000000c1f00000, 0x00000000c2000000, 0x00000000c2000000|100%| O|  |TAMS 0x00000000c1f00000| PB 0x00000000c1f00000| Untracked |  0
|  10|0x00000000c2000000, 0x00000000c2100000, 0x00000000c2100000|100%| O|  |TAMS 0x00000000c2000000| PB 0x00000000c2000000| Untracked |  0
|  11|0x00000000c2100000, 0x00000000c2200000, 0x00000000c2200000|100%| O|  |TAMS 0x00000000c2100000| PB 0x00000000c2100000| Untracked |  0
|  12|0x00000000c2200000, 0x00000000c2300000, 0x00000000c2300000|100%| O|  |TAMS 0x00000000c2200000| PB 0x00000000c2200000| Untracked |  0
|  13|0x00000000c2300000, 0x00000000c2400000, 0x00000000c2400000|100%| O|  |TAMS 0x00000000c2300000| PB 0x00000000c2300000| Untracked |  0
|  14|0x00000000c2400000, 0x00000000c2500000, 0x00000000c2500000|100%| O|  |TAMS 0x00000000c2400000| PB 0x00000000c2400000| Untracked |  0
|  15|0x00000000c2500000, 0x00000000c2600000, 0x00000000c2600000|100%| O|  |TAMS 0x00000000c2500000| PB 0x00000000c2500000| Untracked |  0
|  16|0x00000000c2600000, 0x00000000c2700000, 0x00000000c2700000|100%| O|Cm|TAMS 0x00000000c2600000| PB 0x00000000c2600000| Complete |  0
|  17|0x00000000c2700000, 0x00000000c2800000, 0x00000000c2800000|100%| O|  |TAMS 0x00000000c2700000| PB 0x00000000c2700000| Untracked |  0
|  18|0x00000000c2800000, 0x00000000c2900000, 0x00000000c2900000|100%| O|  |TAMS 0x00000000c2800000| PB 0x00000000c2800000| Untracked |  0
|  19|0x00000000c2900000, 0x00000000c2a00000, 0x00000000c2a00000|100%| O|  |TAMS 0x00000000c2900000| PB 0x00000000c2900000| Untracked |  0
|  20|0x00000000c2a00000, 0x00000000c2b00000, 0x00000000c2b00000|100%| O|  |TAMS 0x00000000c2a00000| PB 0x00000000c2a00000| Untracked |  0
|  21|0x00000000c2b00000, 0x00000000c2c00000, 0x00000000c2c00000|100%| O|  |TAMS 0x00000000c2b00000| PB 0x00000000c2b00000| Untracked |  0
|  22|0x00000000c2c00000, 0x00000000c2cdbf28, 0x00000000c2d00000| 85%| O|  |TAMS 0x00000000c2c00000| PB 0x00000000c2c00000| Untracked |  0
|  23|0x00000000c2d00000, 0x00000000c2e00000, 0x00000000c2e00000|100%| S|CS|TAMS 0x00000000c2d00000| PB 0x00000000c2d00000| Complete |  0
|  24|0x00000000c2e00000, 0x00000000c2f00000, 0x00000000c2f00000|100%| S|CS|TAMS 0x00000000c2e00000| PB 0x00000000c2e00000| Complete |  0
|  25|0x00000000c2f00000, 0x00000000c3000000, 0x00000000c3000000|100%| S|CS|TAMS 0x00000000c2f00000| PB 0x00000000c2f00000| Complete |  0
|  26|0x00000000c3000000, 0x00000000c3100000, 0x00000000c3100000|100%| S|CS|TAMS 0x00000000c3000000| PB 0x00000000c3000000| Complete |  0
|  27|0x00000000c3100000, 0x00000000c3200000, 0x00000000c3200000|100%| O|  |TAMS 0x00000000c3100000| PB 0x00000000c3100000| Untracked |  0
|  28|0x00000000c3200000, 0x00000000c3300000, 0x00000000c3300000|100%| O|  |TAMS 0x00000000c3200000| PB 0x00000000c3200000| Untracked |  0
|  29|0x00000000c3300000, 0x00000000c3300000, 0x00000000c3400000|  0%| F|  |TAMS 0x00000000c3300000| PB 0x00000000c3300000| Untracked |  0
|  30|0x00000000c3400000, 0x00000000c3400000, 0x00000000c3500000|  0%| F|  |TAMS 0x00000000c3400000| PB 0x00000000c3400000| Untracked |  0
|  31|0x00000000c3500000, 0x00000000c3500000, 0x00000000c3600000|  0%| F|  |TAMS 0x00000000c3500000| PB 0x00000000c3500000| Untracked |  0
|  32|0x00000000c3600000, 0x00000000c3600000, 0x00000000c3700000|  0%| F|  |TAMS 0x00000000c3600000| PB 0x00000000c3600000| Untracked |  0
|  33|0x00000000c3700000, 0x00000000c3700000, 0x00000000c3800000|  0%| F|  |TAMS 0x00000000c3700000| PB 0x00000000c3700000| Untracked |  0
|  34|0x00000000c3800000, 0x00000000c3800000, 0x00000000c3900000|  0%| F|  |TAMS 0x00000000c3800000| PB 0x00000000c3800000| Untracked |  0
|  35|0x00000000c3900000, 0x00000000c3900000, 0x00000000c3a00000|  0%| F|  |TAMS 0x00000000c3900000| PB 0x00000000c3900000| Untracked |  0
|  36|0x00000000c3a00000, 0x00000000c3a00000, 0x00000000c3b00000|  0%| F|  |TAMS 0x00000000c3a00000| PB 0x00000000c3a00000| Untracked |  0
|  37|0x00000000c3b00000, 0x00000000c3b00000, 0x00000000c3c00000|  0%| F|  |TAMS 0x00000000c3b00000| PB 0x00000000c3b00000| Untracked |  0
|  38|0x00000000c3c00000, 0x00000000c3c00000, 0x00000000c3d00000|  0%| F|  |TAMS 0x00000000c3c00000| PB 0x00000000c3c00000| Untracked |  0
|  39|0x00000000c3d00000, 0x00000000c3d00000, 0x00000000c3e00000|  0%| F|  |TAMS 0x00000000c3d00000| PB 0x00000000c3d00000| Untracked |  0
|  40|0x00000000c3e00000, 0x00000000c3e00000, 0x00000000c3f00000|  0%| F|  |TAMS 0x00000000c3e00000| PB 0x00000000c3e00000| Untracked |  0
|  41|0x00000000c3f00000, 0x00000000c3f00000, 0x00000000c4000000|  0%| F|  |TAMS 0x00000000c3f00000| PB 0x00000000c3f00000| Untracked |  0
|  42|0x00000000c4000000, 0x00000000c4000000, 0x00000000c4100000|  0%| F|  |TAMS 0x00000000c4000000| PB 0x00000000c4000000| Untracked |  0
|  43|0x00000000c4100000, 0x00000000c4100000, 0x00000000c4200000|  0%| F|  |TAMS 0x00000000c4100000| PB 0x00000000c4100000| Untracked |  0
|  44|0x00000000c4200000, 0x00000000c4200000, 0x00000000c4300000|  0%| F|  |TAMS 0x00000000c4200000| PB 0x00000000c4200000| Untracked |  0
|  45|0x00000000c4300000, 0x00000000c4300000, 0x00000000c4400000|  0%| F|  |TAMS 0x00000000c4300000| PB 0x00000000c4300000| Untracked |  0
|  46|0x00000000c4400000, 0x00000000c4400000, 0x00000000c4500000|  0%| F|  |TAMS 0x00000000c4400000| PB 0x00000000c4400000| Untracked |  0
|  47|0x00000000c4500000, 0x00000000c4500000, 0x00000000c4600000|  0%| F|  |TAMS 0x00000000c4500000| PB 0x00000000c4500000| Untracked |  0
|  48|0x00000000c4600000, 0x00000000c4600000, 0x00000000c4700000|  0%| F|  |TAMS 0x00000000c4600000| PB 0x00000000c4600000| Untracked |  0
|  49|0x00000000c4700000, 0x00000000c4700000, 0x00000000c4800000|  0%| F|  |TAMS 0x00000000c4700000| PB 0x00000000c4700000| Untracked |  0
|  50|0x00000000c4800000, 0x00000000c4800000, 0x00000000c4900000|  0%| F|  |TAMS 0x00000000c4800000| PB 0x00000000c4800000| Untracked |  0
|  51|0x00000000c4900000, 0x00000000c4900000, 0x00000000c4a00000|  0%| F|  |TAMS 0x00000000c4900000| PB 0x00000000c4900000| Untracked |  0
|  52|0x00000000c4a00000, 0x00000000c4a00000, 0x00000000c4b00000|  0%| F|  |TAMS 0x00000000c4a00000| PB 0x00000000c4a00000| Untracked |  0
|  53|0x00000000c4b00000, 0x00000000c4b00000, 0x00000000c4c00000|  0%| F|  |TAMS 0x00000000c4b00000| PB 0x00000000c4b00000| Untracked |  0
|  54|0x00000000c4c00000, 0x00000000c4c87508, 0x00000000c4d00000| 52%| E|  |TAMS 0x00000000c4c00000| PB 0x00000000c4c00000| Complete |  0
|  55|0x00000000c4d00000, 0x00000000c4e00000, 0x00000000c4e00000|100%| E|CS|TAMS 0x00000000c4d00000| PB 0x00000000c4d00000| Complete |  0
|  56|0x00000000c4e00000, 0x00000000c4f00000, 0x00000000c4f00000|100%| E|CS|TAMS 0x00000000c4e00000| PB 0x00000000c4e00000| Complete |  0
|  57|0x00000000c4f00000, 0x00000000c5000000, 0x00000000c5000000|100%| E|CS|TAMS 0x00000000c4f00000| PB 0x00000000c4f00000| Complete |  0
|  58|0x00000000c5000000, 0x00000000c5100000, 0x00000000c5100000|100%| E|CS|TAMS 0x00000000c5000000| PB 0x00000000c5000000| Complete |  0
|  59|0x00000000c5100000, 0x00000000c5200000, 0x00000000c5200000|100%| E|CS|TAMS 0x00000000c5100000| PB 0x00000000c5100000| Complete |  0

Card table byte_map: [0x000001ee32af0000,0x000001ee32cf0000] _byte_map_base: 0x000001ee324e5000

Marking Bits: (CMBitMap*) 0x000001ee1b5d6de0
 Bits: [0x000001ee32cf0000, 0x000001ee33c98000)

Polling page: 0x000001ee1ad60000

Metaspace:

Usage:
  Non-class:     56.15 MB used.
      Class:      8.94 MB used.
       Both:     65.09 MB used.

Virtual space:
  Non-class space:       64.00 MB reserved,      56.50 MB ( 88%) committed,  1 nodes.
      Class space:        1.00 GB reserved,       9.25 MB ( <1%) committed,  1 nodes.
             Both:        1.06 GB reserved,      65.75 MB (  6%) committed. 

Chunk freelists:
   Non-Class:  7.11 MB
       Class:  6.61 MB
        Both:  13.72 MB

MaxMetaspaceSize: unlimited
CompressedClassSpaceSize: 1.00 GB
Initial GC threshold: 21.00 MB
Current GC threshold: 99.38 MB
CDS: on
 - commit_granule_bytes: 65536.
 - commit_granule_words: 8192.
 - virtual_space_node_default_size: 8388608.
 - enlarge_chunks_in_place: 1.
 - use_allocation_guard: 0.


Internal statistics:

num_allocs_failed_limit: 15.
num_arena_births: 882.
num_arena_deaths: 0.
num_vsnodes_births: 2.
num_vsnodes_deaths: 0.
num_space_committed: 1052.
num_space_uncommitted: 0.
num_chunks_returned_to_freelist: 15.
num_chunks_taken_from_freelist: 3206.
num_chunk_merges: 15.
num_chunk_splits: 2259.
num_chunks_enlarged: 1732.
num_inconsistent_stats: 0.

CodeHeap 'non-profiled nmethods': size=120000Kb used=2659Kb max_used=2659Kb free=117340Kb
 bounds [0x000001ee2b3c0000, 0x000001ee2b660000, 0x000001ee328f0000]
CodeHeap 'profiled nmethods': size=120000Kb used=11473Kb max_used=11473Kb free=108526Kb
 bounds [0x000001ee238f0000, 0x000001ee24430000, 0x000001ee2ae20000]
CodeHeap 'non-nmethods': size=5760Kb used=1738Kb max_used=1778Kb free=4021Kb
 bounds [0x000001ee2ae20000, 0x000001ee2b090000, 0x000001ee2b3c0000]
 total_blobs=6893 nmethods=6136 adapters=661
 compilation: enabled
              stopped_count=0, restarted_count=0
 full_count=0

Compilation events (20 events):
Event: 30.212 Thread 0x000001ee7717ae30 6735       2       org.antlr.v4.runtime.atn.EpsilonTransition::<init> (11 bytes)
Event: 30.213 Thread 0x000001ee7717ae30 nmethod 6735 0x000001ee24415490 code [0x000001ee24415640, 0x000001ee24415870]
Event: 30.213 Thread 0x000001ee7717ae30 6740       1       org.antlr.v4.runtime.atn.EpsilonTransition::isEpsilon (2 bytes)
Event: 30.213 Thread 0x000001ee7717ae30 nmethod 6740 0x000001ee2b658110 code [0x000001ee2b6582a0, 0x000001ee2b658368]
Event: 30.213 Thread 0x000001ee7717ae30 6739       1       org.antlr.v4.runtime.atn.RuleTransition::isEpsilon (2 bytes)
Event: 30.214 Thread 0x000001ee7717ae30 nmethod 6739 0x000001ee2b658410 code [0x000001ee2b6585a0, 0x000001ee2b658668]
Event: 30.214 Thread 0x000001ee7717ae30 6741       2       org.antlr.v4.runtime.atn.RuleTransition::<init> (22 bytes)
Event: 30.215 Thread 0x000001ee7717ae30 nmethod 6741 0x000001ee24415990 code [0x000001ee24415b40, 0x000001ee24415dd8]
Event: 30.215 Thread 0x000001ee7717ae30 6745 %     3       org.antlr.v4.runtime.atn.ATNState::addTransition @ 78 (192 bytes)
Event: 30.221 Thread 0x000001ee7717ae30 nmethod 6745% 0x000001ee24415f10 code [0x000001ee24416260, 0x000001ee24417ae0]
Event: 30.221 Thread 0x000001ee7717ae30 6734       2       org.antlr.v4.runtime.atn.EpsilonTransition::<init> (7 bytes)
Event: 30.222 Thread 0x000001ee7717ae30 nmethod 6734 0x000001ee24418110 code [0x000001ee244182c0, 0x000001ee244184f8]
Event: 30.225 Thread 0x000001ee7717ae30 6747       2       org.antlr.v4.runtime.atn.ATNDeserializer::checkCondition (7 bytes)
Event: 30.226 Thread 0x000001ee7717ae30 nmethod 6747 0x000001ee24418610 code [0x000001ee244187c0, 0x000001ee24418988]
Event: 30.226 Thread 0x000001ee7717ae30 6748       2       org.antlr.v4.runtime.atn.ATNDeserializer::checkCondition (14 bytes)
Event: 30.227 Thread 0x000001ee7717ae30 nmethod 6748 0x000001ee24418a90 code [0x000001ee24418c40, 0x000001ee24418df8]
Event: 30.227 Thread 0x000001ee7717ae30 6749       1       org.antlr.v4.runtime.atn.ATNState::onlyHasEpsilonTransitions (5 bytes)
Event: 30.228 Thread 0x000001ee7717ae30 nmethod 6749 0x000001ee2b658710 code [0x000001ee2b6588a0, 0x000001ee2b658970]
Event: 30.228 Thread 0x000001ee7717ae30 6750       3       org.antlr.v4.runtime.atn.ATNDeserializer::checkCondition (7 bytes)
Event: 30.229 Thread 0x000001ee7717ae30 nmethod 6750 0x000001ee24418f10 code [0x000001ee244190c0, 0x000001ee24419320]

GC Heap History (20 events):
Event: 8.415 GC heap before
{Heap before GC invocations=3 (full 0):
 garbage-first heap   total reserved 1026048K, committed 65536K, used 45230K [0x00000000c1600000, 0x0000000100000000)
  region size 1024K, 38 young (38912K), 4 survivors (4096K)
 Metaspace       used 20922K, committed 21184K, reserved 1114112K
  class space    used 2532K, committed 2624K, reserved 1048576K
}
Event: 8.438 GC heap after
{Heap after GC invocations=4 (full 0):
 garbage-first heap   total reserved 1026048K, committed 65536K, used 13800K [0x00000000c1600000, 0x0000000100000000)
  region size 1024K, 5 young (5120K), 5 survivors (5120K)
 Metaspace       used 20922K, committed 21184K, reserved 1114112K
  class space    used 2532K, committed 2624K, reserved 1048576K
}
Event: 8.914 GC heap before
{Heap before GC invocations=4 (full 0):
 garbage-first heap   total reserved 1026048K, committed 65536K, used 19944K [0x00000000c1600000, 0x0000000100000000)
  region size 1024K, 12 young (12288K), 5 survivors (5120K)
 Metaspace       used 21243K, committed 21504K, reserved 1114112K
  class space    used 2573K, committed 2688K, reserved 1048576K
}
Event: 8.930 GC heap after
{Heap after GC invocations=5 (full 0):
 garbage-first heap   total reserved 1026048K, committed 65536K, used 15100K [0x00000000c1600000, 0x0000000100000000)
  region size 1024K, 1 young (1024K), 1 survivors (1024K)
 Metaspace       used 21243K, committed 21504K, reserved 1114112K
  class space    used 2573K, committed 2688K, reserved 1048576K
}
Event: 12.584 GC heap before
{Heap before GC invocations=6 (full 0):
 garbage-first heap   total reserved 1026048K, committed 51200K, used 43772K [0x00000000c1600000, 0x0000000100000000)
  region size 1024K, 30 young (30720K), 1 survivors (1024K)
 Metaspace       used 25930K, committed 26368K, reserved 1114112K
  class space    used 3235K, committed 3456K, reserved 1048576K
}
Event: 12.605 GC heap after
{Heap after GC invocations=7 (full 0):
 garbage-first heap   total reserved 1026048K, committed 51200K, used 17013K [0x00000000c1600000, 0x0000000100000000)
  region size 1024K, 3 young (3072K), 3 survivors (3072K)
 Metaspace       used 25930K, committed 26368K, reserved 1114112K
  class space    used 3235K, committed 3456K, reserved 1048576K
}
Event: 14.865 GC heap before
{Heap before GC invocations=7 (full 0):
 garbage-first heap   total reserved 1026048K, committed 51200K, used 41589K [0x00000000c1600000, 0x0000000100000000)
  region size 1024K, 27 young (27648K), 3 survivors (3072K)
 Metaspace       used 30787K, committed 31296K, reserved 1114112K
  class space    used 3895K, committed 4096K, reserved 1048576K
}
Event: 14.906 GC heap after
{Heap after GC invocations=8 (full 0):
 garbage-first heap   total reserved 1026048K, committed 51200K, used 19437K [0x00000000c1600000, 0x0000000100000000)
  region size 1024K, 3 young (3072K), 3 survivors (3072K)
 Metaspace       used 30787K, committed 31296K, reserved 1114112K
  class space    used 3895K, committed 4096K, reserved 1048576K
}
Event: 16.946 GC heap before
{Heap before GC invocations=8 (full 0):
 garbage-first heap   total reserved 1026048K, committed 51200K, used 41965K [0x00000000c1600000, 0x0000000100000000)
  region size 1024K, 25 young (25600K), 3 survivors (3072K)
 Metaspace       used 34909K, committed 35456K, reserved 1114112K
  class space    used 4470K, committed 4736K, reserved 1048576K
}
Event: 16.970 GC heap after
{Heap after GC invocations=9 (full 0):
 garbage-first heap   total reserved 1026048K, committed 51200K, used 21087K [0x00000000c1600000, 0x0000000100000000)
  region size 1024K, 2 young (2048K), 2 survivors (2048K)
 Metaspace       used 34909K, committed 35456K, reserved 1114112K
  class space    used 4470K, committed 4736K, reserved 1048576K
}
Event: 17.139 GC heap before
{Heap before GC invocations=9 (full 0):
 garbage-first heap   total reserved 1026048K, committed 51200K, used 22111K [0x00000000c1600000, 0x0000000100000000)
  region size 1024K, 4 young (4096K), 2 survivors (2048K)
 Metaspace       used 35438K, committed 35968K, reserved 1114112K
  class space    used 4542K, committed 4800K, reserved 1048576K
}
Event: 17.154 GC heap after
{Heap after GC invocations=10 (full 0):
 garbage-first heap   total reserved 1026048K, committed 61440K, used 20852K [0x00000000c1600000, 0x0000000100000000)
  region size 1024K, 2 young (2048K), 2 survivors (2048K)
 Metaspace       used 35438K, committed 35968K, reserved 1114112K
  class space    used 4542K, committed 4800K, reserved 1048576K
}
Event: 21.652 GC heap before
{Heap before GC invocations=11 (full 0):
 garbage-first heap   total reserved 1026048K, committed 61440K, used 52596K [0x00000000c1600000, 0x0000000100000000)
  region size 1024K, 33 young (33792K), 2 survivors (2048K)
 Metaspace       used 47172K, committed 47744K, reserved 1114112K
  class space    used 6166K, committed 6400K, reserved 1048576K
}
Event: 21.671 GC heap after
{Heap after GC invocations=12 (full 0):
 garbage-first heap   total reserved 1026048K, committed 61440K, used 24092K [0x00000000c1600000, 0x0000000100000000)
  region size 1024K, 5 young (5120K), 5 survivors (5120K)
 Metaspace       used 47172K, committed 47744K, reserved 1114112K
  class space    used 6166K, committed 6400K, reserved 1048576K
}
Event: 23.890 GC heap before
{Heap before GC invocations=12 (full 0):
 garbage-first heap   total reserved 1026048K, committed 61440K, used 52764K [0x00000000c1600000, 0x0000000100000000)
  region size 1024K, 33 young (33792K), 5 survivors (5120K)
 Metaspace       used 55185K, committed 55744K, reserved 1114112K
  class space    used 7289K, committed 7552K, reserved 1048576K
}
Event: 23.913 GC heap after
{Heap after GC invocations=13 (full 0):
 garbage-first heap   total reserved 1026048K, committed 61440K, used 25594K [0x00000000c1600000, 0x0000000100000000)
  region size 1024K, 2 young (2048K), 2 survivors (2048K)
 Metaspace       used 55185K, committed 55744K, reserved 1114112K
  class space    used 7289K, committed 7552K, reserved 1048576K
}
Event: 26.480 GC heap before
{Heap before GC invocations=13 (full 0):
 garbage-first heap   total reserved 1026048K, committed 61440K, used 51194K [0x00000000c1600000, 0x0000000100000000)
  region size 1024K, 28 young (28672K), 2 survivors (2048K)
 Metaspace       used 59997K, committed 60608K, reserved 1114112K
  class space    used 8055K, committed 8384K, reserved 1048576K
}
Event: 26.497 GC heap after
{Heap after GC invocations=14 (full 0):
 garbage-first heap   total reserved 1026048K, committed 61440K, used 26374K [0x00000000c1600000, 0x0000000100000000)
  region size 1024K, 3 young (3072K), 3 survivors (3072K)
 Metaspace       used 59997K, committed 60608K, reserved 1114112K
  class space    used 8055K, committed 8384K, reserved 1048576K
}
Event: 29.956 GC heap before
{Heap before GC invocations=15 (full 0):
 garbage-first heap   total reserved 1026048K, committed 61440K, used 55046K [0x00000000c1600000, 0x0000000100000000)
  region size 1024K, 31 young (31744K), 3 survivors (3072K)
 Metaspace       used 65216K, committed 65920K, reserved 1114112K
  class space    used 8858K, committed 9152K, reserved 1048576K
}
Event: 29.987 GC heap after
{Heap after GC invocations=16 (full 0):
 garbage-first heap   total reserved 1026048K, committed 61440K, used 29551K [0x00000000c1600000, 0x0000000100000000)
  region size 1024K, 4 young (4096K), 4 survivors (4096K)
 Metaspace       used 65216K, committed 65920K, reserved 1114112K
  class space    used 8858K, committed 9152K, reserved 1048576K
}

Dll operation events (12 events):
Event: 0.048 Loaded shared library C:\Program Files\Java\jdk-22\bin\java.dll
Event: 0.200 Loaded shared library C:\Program Files\Java\jdk-22\bin\jsvml.dll
Event: 0.581 Loaded shared library C:\Program Files\Java\jdk-22\bin\net.dll
Event: 0.589 Loaded shared library C:\Program Files\Java\jdk-22\bin\nio.dll
Event: 0.606 Loaded shared library C:\Program Files\Java\jdk-22\bin\zip.dll
Event: 1.322 Loaded shared library C:\Program Files\Java\jdk-22\bin\jimage.dll
Event: 2.813 Loaded shared library C:\Program Files\Java\jdk-22\bin\management.dll
Event: 2.827 Loaded shared library C:\Program Files\Java\jdk-22\bin\management_ext.dll
Event: 5.174 Loaded shared library C:\Program Files\Java\jdk-22\bin\le.dll
Event: 7.159 Loaded shared library C:\Program Files\Java\jdk-22\bin\sunmscapi.dll
Event: 17.515 Loaded shared library C:\Program Files\Java\jdk-22\bin\verify.dll
Event: 19.349 Loaded shared library C:\Program Files\Java\jdk-22\bin\extnet.dll

Deoptimization events (20 events):
Event: 29.328 Thread 0x000001ee77d75100 DEOPT PACKING pc=0x000001ee2b57e1bc sp=0x00000029c85fc960
Event: 29.328 Thread 0x000001ee77d75100 DEOPT UNPACKING pc=0x000001ee2ae746a2 sp=0x00000029c85fc788 mode 2
Event: 29.332 Thread 0x000001ee77d75100 Uncommon trap: trap_request=0xffffffde fr.pc=0x000001ee2b57f244 relative=0x0000000000000504
Event: 29.332 Thread 0x000001ee77d75100 Uncommon trap: reason=class_check action=maybe_recompile pc=0x000001ee2b57f244 method=org.springframework.util.ConcurrentReferenceHashMap$Segment.findInChain(Lorg/springframework/util/ConcurrentReferenceHashMap$Reference;Ljava/lang/Object;I)Lorg/springfra
Event: 29.332 Thread 0x000001ee77d75100 DEOPT PACKING pc=0x000001ee2b57f244 sp=0x00000029c85fc8d0
Event: 29.332 Thread 0x000001ee77d75100 DEOPT UNPACKING pc=0x000001ee2ae746a2 sp=0x00000029c85fc788 mode 2
Event: 29.332 Thread 0x000001ee77d75100 Uncommon trap: trap_request=0xffffffde fr.pc=0x000001ee2b461968 relative=0x00000000000003c8
Event: 29.332 Thread 0x000001ee77d75100 Uncommon trap: reason=class_check action=maybe_recompile pc=0x000001ee2b461968 method=org.springframework.util.ConcurrentReferenceHashMap$Segment.findInChain(Lorg/springframework/util/ConcurrentReferenceHashMap$Reference;Ljava/lang/Object;I)Lorg/springfra
Event: 29.332 Thread 0x000001ee77d75100 DEOPT PACKING pc=0x000001ee2b461968 sp=0x00000029c85fc850
Event: 29.332 Thread 0x000001ee77d75100 DEOPT UNPACKING pc=0x000001ee2ae746a2 sp=0x00000029c85fc788 mode 2
Event: 29.336 Thread 0x000001ee77d75100 Uncommon trap: trap_request=0xffffffde fr.pc=0x000001ee2b42dcbc relative=0x00000000000001fc
Event: 29.336 Thread 0x000001ee77d75100 Uncommon trap: reason=class_check action=maybe_recompile pc=0x000001ee2b42dcbc method=org.springframework.util.ConcurrentReferenceHashMap$Segment.findInChain(Lorg/springframework/util/ConcurrentReferenceHashMap$Reference;Ljava/lang/Object;I)Lorg/springfra
Event: 29.336 Thread 0x000001ee77d75100 DEOPT PACKING pc=0x000001ee2b42dcbc sp=0x00000029c85fc7c0
Event: 29.337 Thread 0x000001ee77d75100 DEOPT UNPACKING pc=0x000001ee2ae746a2 sp=0x00000029c85fc788 mode 2
Event: 29.462 Thread 0x000001ee77d75100 DEOPT PACKING pc=0x000001ee243e1ba1 sp=0x00000029c85fbbc0
Event: 29.463 Thread 0x000001ee77d75100 DEOPT UNPACKING pc=0x000001ee2ae74e42 sp=0x00000029c85fb0d0 mode 0
Event: 29.784 Thread 0x000001ee77d75100 Uncommon trap: trap_request=0xffffff45 fr.pc=0x000001ee2b5816f4 relative=0x00000000000015b4
Event: 29.784 Thread 0x000001ee77d75100 Uncommon trap: reason=unstable_if action=reinterpret pc=0x000001ee2b5816f4 method=java.util.HashMap.putVal(ILjava/lang/Object;Ljava/lang/Object;ZZ)Ljava/lang/Object; @ 206 c2
Event: 29.784 Thread 0x000001ee77d75100 DEOPT PACKING pc=0x000001ee2b5816f4 sp=0x00000029c85fcc00
Event: 29.784 Thread 0x000001ee77d75100 DEOPT UNPACKING pc=0x000001ee2ae746a2 sp=0x00000029c85fcac0 mode 2

Classes loaded (20 events):
Event: 29.351 Loading class java/util/WeakHashMap$EntrySet
Event: 29.352 Loading class java/util/WeakHashMap$EntrySet done
Event: 29.352 Loading class java/util/WeakHashMap$EntryIterator
Event: 29.352 Loading class java/util/WeakHashMap$EntryIterator done
Event: 29.771 Loading class java/lang/Package$1PackageInfoProxy
Event: 29.771 Loading class java/lang/Package$1PackageInfoProxy done
Event: 29.833 Loading class java/util/stream/ReduceOps$5
Event: 29.834 Loading class java/util/stream/ReduceOps$5 done
Event: 29.834 Loading class java/util/stream/ReduceOps$CountingSink$OfRef
Event: 29.834 Loading class java/util/stream/ReduceOps$CountingSink
Event: 29.835 Loading class java/util/stream/ReduceOps$CountingSink done
Event: 29.835 Loading class java/util/stream/ReduceOps$CountingSink$OfRef done
Event: 29.920 Loading class java/util/regex/Pattern$Bound
Event: 29.921 Loading class java/util/regex/Pattern$Bound done
Event: 29.927 Loading class java/util/regex/Pattern$Behind
Event: 29.928 Loading class java/util/regex/Pattern$Behind done
Event: 30.057 Loading class java/util/EmptyStackException
Event: 30.057 Loading class java/util/EmptyStackException done
Event: 30.138 Loading class java/io/InvalidClassException
Event: 30.139 Loading class java/io/InvalidClassException done

Classes unloaded (0 events):
No events

Classes redefined (0 events):
No events

Internal exceptions (20 events):
Event: 26.526 Thread 0x000001ee77d75100 Exception <a 'java/lang/NoSuchMethodError'{0x00000000c513dd70}: 'java.lang.Object java.lang.invoke.DirectMethodHandle$Holder.newInvokeSpecial(java.lang.Object, java.lang.Object, java.lang.Object, java.lang.Object, java.lang.Object, int, java.lang.Object)'> (0x00000000c513dd70) 
thrown [s\open\src\hotspot\share\interpreter\linkResolver.cpp, line 774]
Event: 26.545 Thread 0x000001ee77d75100 Exception <a 'java/lang/NoSuchMethodError'{0x00000000c516ea80}: 'java.lang.Object java.lang.invoke.DirectMethodHandle$Holder.newInvokeSpecial(java.lang.Object, java.lang.Object, java.lang.Object, java.lang.Object, java.lang.Object, java.lang.Object, java.lang.Object, java.lang.Object, java.lang.Object, java.lang.Object, java.lang.Object, java.lang.Object)'> (0x00000000c516ea80) 
thrown [s\open\src\hotspot\share\interpreter\linkResolver.cpp, line 774]
Event: 26.547 Thread 0x000001ee77d75100 Exception <a 'java/lang/NoSuchMethodError'{0x00000000c51733a8}: 'java.lang.Object java.lang.invoke.DirectMethodHandle$Holder.invokeSpecial(java.lang.Object, java.lang.Object, java.lang.Object, java.lang.Object, java.lang.Object, java.lang.Object, java.lang.Object, java.lang.Object, java.lang.Object, java.lang.Object, java.lang.Object, java.lang.Object, java.lang.Object)'> (0x00000000c51733a8) 
thrown [s\open\src\hotspot\share\interpreter\linkResolver.cpp, line 774]
Event: 26.548 Thread 0x000001ee77d75100 Exception <a 'java/lang/NoSuchMethodError'{0x00000000c5177890}: 'java.lang.Object java.lang.invoke.Invokers$Holder.linkToTargetMethod(java.lang.Object, java.lang.Object, java.lang.Object, java.lang.Object, java.lang.Object, java.lang.Object, java.lang.Object, java.lang.Object, java.lang.Object, java.lang.Object, java.lang.Object, java.lang.Object)'> (0x00000000c5177890) 
thrown [s\open\src\hotspot\share\interpreter\linkResolver.cpp, line 774]
Event: 26.820 Thread 0x000001ee77d75100 Exception <a 'java/lang/NoSuchMethodError'{0x00000000c4f59328}: 'java.lang.Object java.lang.invoke.DirectMethodHandle$Holder.newInvokeSpecial(java.lang.Object, java.lang.Object, int, java.lang.Object, int, java.lang.Object, java.lang.Object)'> (0x00000000c4f59328) 
thrown [s\open\src\hotspot\share\interpreter\linkResolver.cpp, line 774]
Event: 26.844 Thread 0x000001ee77d75100 Exception <a 'java/lang/NoSuchMethodError'{0x00000000c4f9ecf8}: 'java.lang.Object java.lang.invoke.DirectMethodHandle$Holder.newInvokeSpecial(java.lang.Object, java.lang.Object, java.lang.Object, java.lang.Object, java.lang.Object, java.lang.Object, java.lang.Object, int)'> (0x00000000c4f9ecf8) 
thrown [s\open\src\hotspot\share\interpreter\linkResolver.cpp, line 774]
Event: 26.845 Thread 0x000001ee77d75100 Exception <a 'java/lang/NoSuchMethodError'{0x00000000c4fa3338}: 'java.lang.Object java.lang.invoke.DirectMethodHandle$Holder.invokeSpecial(java.lang.Object, java.lang.Object, java.lang.Object, java.lang.Object, java.lang.Object, java.lang.Object, java.lang.Object, java.lang.Object, int)'> (0x00000000c4fa3338) 
thrown [s\open\src\hotspot\share\interpreter\linkResolver.cpp, line 774]
Event: 26.846 Thread 0x000001ee77d75100 Exception <a 'java/lang/NoSuchMethodError'{0x00000000c4fa7360}: 'java.lang.Object java.lang.invoke.Invokers$Holder.linkToTargetMethod(java.lang.Object, java.lang.Object, java.lang.Object, java.lang.Object, java.lang.Object, java.lang.Object, int, java.lang.Object)'> (0x00000000c4fa7360) 
thrown [s\open\src\hotspot\share\interpreter\linkResolver.cpp, line 774]
Event: 27.021 Thread 0x000001ee77d75100 Exception <a 'java/lang/NoSuchMethodError'{0x00000000c4ef4d60}: 'void java.lang.invoke.DirectMethodHandle$Holder.invokeInterface(java.lang.Object, java.lang.Object)'> (0x00000000c4ef4d60) 
thrown [s\open\src\hotspot\share\interpreter\linkResolver.cpp, line 774]
Event: 27.638 Thread 0x000001ee77d75100 Exception <a 'java/lang/NoSuchMethodError'{0x00000000c495bfa8}: 'java.lang.Object java.lang.invoke.DirectMethodHandle$Holder.invokeSpecial(java.lang.Object, java.lang.Object, int, java.lang.Object, int)'> (0x00000000c495bfa8) 
thrown [s\open\src\hotspot\share\interpreter\linkResolver.cpp, line 774]
Event: 28.149 Thread 0x000001ee77d75100 Exception <a 'java/lang/NoSuchMethodError'{0x00000000c48d9cb8}: 'void java.lang.invoke.Invokers$Holder.invokeExact_MT(java.lang.Object, java.lang.Object, java.lang.Object, java.lang.Object)'> (0x00000000c48d9cb8) 
thrown [s\open\src\hotspot\share\interpreter\linkResolver.cpp, line 774]
Event: 28.300 Thread 0x000001ee77d75100 Exception <a 'java/io/FileNotFoundException'{0x00000000c47eb6d0}> (0x00000000c47eb6d0) 
thrown [s\open\src\hotspot\share\prims\jni.cpp, line 520]
Event: 28.303 Thread 0x000001ee77d75100 Exception <a 'java/io/FileNotFoundException'{0x00000000c47f57f0}> (0x00000000c47f57f0) 
thrown [s\open\src\hotspot\share\prims\jni.cpp, line 520]
Event: 28.483 Thread 0x000001ee77d75100 Implicit null exception at 0x000001ee2b627f73 to 0x000001ee2b6281dc
Event: 28.564 Thread 0x000001ee77d75100 Implicit null exception at 0x000001ee2b617b1a to 0x000001ee2b617b54
Event: 28.739 Thread 0x000001ee77d75100 Exception <a 'java/lang/IncompatibleClassChangeError'{0x00000000c424e3e0}: Found class java.lang.Object, but interface was expected> (0x00000000c424e3e0) 
thrown [s\open\src\hotspot\share\interpreter\linkResolver.cpp, line 841]
Event: 28.808 Thread 0x000001ee77d75100 Exception <a 'java/lang/IncompatibleClassChangeError'{0x00000000c42c1640}: Found class java.lang.Object, but interface was expected> (0x00000000c42c1640) 
thrown [s\open\src\hotspot\share\interpreter\linkResolver.cpp, line 841]
Event: 28.930 Thread 0x000001ee77d75100 Exception <a 'java/lang/IncompatibleClassChangeError'{0x00000000c40206a8}: Found class java.lang.Object, but interface was expected> (0x00000000c40206a8) 
thrown [s\open\src\hotspot\share\interpreter\linkResolver.cpp, line 841]
Event: 28.950 Thread 0x000001ee77d75100 Exception <a 'java/lang/NoSuchMethodError'{0x00000000c4062710}: 'java.lang.Object java.lang.invoke.DirectMethodHandle$Holder.invokeSpecialIFC(java.lang.Object, java.lang.Object, java.lang.Object)'> (0x00000000c4062710) 
thrown [s\open\src\hotspot\share\interpreter\linkResolver.cpp, line 774]
Event: 29.746 Thread 0x000001ee77d75100 Exception <a 'java/lang/IncompatibleClassChangeError'{0x00000000c38e33b8}: Found class java.lang.Object, but interface was expected> (0x00000000c38e33b8) 
thrown [s\open\src\hotspot\share\interpreter\linkResolver.cpp, line 841]

ZGC Phase Switch (0 events):
No events

VM Operations (20 events):
Event: 26.823 Executing VM operation: G1PauseCleanup
Event: 26.823 Executing VM operation: G1PauseCleanup done
Event: 26.898 Executing VM operation: HandshakeAllThreads (Deoptimize)
Event: 26.898 Executing VM operation: HandshakeAllThreads (Deoptimize) done
Event: 27.361 Executing VM operation: HandshakeAllThreads (Deoptimize)
Event: 27.361 Executing VM operation: HandshakeAllThreads (Deoptimize) done
Event: 27.465 Executing VM operation: HandshakeAllThreads (Deoptimize)
Event: 27.465 Executing VM operation: HandshakeAllThreads (Deoptimize) done
Event: 28.473 Executing VM operation: Cleanup
Event: 28.474 Executing VM operation: Cleanup done
Event: 29.305 Executing VM operation: HandshakeAllThreads (Deoptimize)
Event: 29.305 Executing VM operation: HandshakeAllThreads (Deoptimize) done
Event: 29.791 Executing VM operation: HandshakeAllThreads (Deoptimize)
Event: 29.791 Executing VM operation: HandshakeAllThreads (Deoptimize) done
Event: 29.791 Executing VM operation: Cleanup
Event: 29.791 Executing VM operation: Cleanup done
Event: 29.956 Executing VM operation: G1CollectForAllocation (G1 Evacuation Pause)
Event: 29.987 Executing VM operation: G1CollectForAllocation (G1 Evacuation Pause) done
Event: 30.198 Executing VM operation: HandshakeAllThreads (Deoptimize)
Event: 30.198 Executing VM operation: HandshakeAllThreads (Deoptimize) done

Memory protections (0 events):
No events

Nmethod flushes (20 events):
Event: 26.730 Thread 0x000001ee77123480 flushing  nmethod 0x000001ee23df2e10
Event: 26.730 Thread 0x000001ee77123480 flushing  nmethod 0x000001ee23eb6710
Event: 26.730 Thread 0x000001ee77123480 flushing  nmethod 0x000001ee23f4ff90
Event: 26.730 Thread 0x000001ee77123480 flushing  nmethod 0x000001ee23f57810
Event: 26.730 Thread 0x000001ee77123480 flushing  nmethod 0x000001ee23f59310
Event: 26.730 Thread 0x000001ee77123480 flushing  nmethod 0x000001ee23f5ee90
Event: 26.730 Thread 0x000001ee77123480 flushing  nmethod 0x000001ee23f9eb10
Event: 26.730 Thread 0x000001ee77123480 flushing  nmethod 0x000001ee23fa3010
Event: 26.730 Thread 0x000001ee77123480 flushing  nmethod 0x000001ee23fa3f10
Event: 26.730 Thread 0x000001ee77123480 flushing  nmethod 0x000001ee23fa6990
Event: 26.730 Thread 0x000001ee77123480 flushing  nmethod 0x000001ee24013510
Event: 26.730 Thread 0x000001ee77123480 flushing  nmethod 0x000001ee24062d90
Event: 26.730 Thread 0x000001ee77123480 flushing  nmethod 0x000001ee24158b90
Event: 26.730 Thread 0x000001ee77123480 flushing  nmethod 0x000001ee24159110
Event: 26.730 Thread 0x000001ee77123480 flushing  nmethod 0x000001ee24159690
Event: 26.730 Thread 0x000001ee77123480 flushing  nmethod 0x000001ee24159b10
Event: 26.730 Thread 0x000001ee77123480 flushing  nmethod 0x000001ee2416fe90
Event: 26.730 Thread 0x000001ee77123480 flushing  nmethod 0x000001ee24170190
Event: 26.730 Thread 0x000001ee77123480 flushing  nmethod 0x000001ee24170890
Event: 26.730 Thread 0x000001ee77123480 flushing  nmethod 0x000001ee24171110

Events (20 events):
Event: 0.193 Thread 0x000001ee194c9730 Thread added: 0x000001ee7717ae30
Event: 0.543 Thread 0x000001ee194c9730 Thread added: 0x000001ee773c02f0
Event: 0.558 Thread 0x000001ee194c9730 Thread added: 0x000001ee773ca940
Event: 0.684 Thread 0x000001ee7716de50 Thread added: 0x000001ee774742b0
Event: 1.234 Thread 0x000001ee774742b0 Thread exited: 0x000001ee774742b0
Event: 1.578 Thread 0x000001ee7716de50 Thread added: 0x000001ee7791b4c0
Event: 2.332 Thread 0x000001ee7791b4c0 Thread exited: 0x000001ee7791b4c0
Event: 3.043 Thread 0x000001ee194c9730 Thread added: 0x000001ee77d71dc0
Event: 3.051 Thread 0x000001ee77d71dc0 Thread added: 0x000001ee77d75100
Event: 5.028 Thread 0x000001ee77d75100 Thread added: 0x000001ee7c396cf0
Event: 7.200 Thread 0x000001ee7c396cf0 Thread exited: 0x000001ee7c396cf0
Event: 7.423 Thread 0x000001ee77d75100 Thread added: 0x000001ee7c7c32a0
Event: 7.622 Thread 0x000001ee7c7c32a0 Thread exited: 0x000001ee7c7c32a0
Event: 15.596 Thread 0x000001ee77d75100 Thread added: 0x000001ee7deae960
Event: 15.599 Thread 0x000001ee7deae960 Thread added: 0x000001ee7cabc250
Event: 15.613 Thread 0x000001ee77d75100 Thread added: 0x000001ee7cabbbc0
Event: 15.684 Thread 0x000001ee77d75100 Thread added: 0x000001ee7cabc8e0
Event: 21.093 Thread 0x000001ee77d75100 Thread added: 0x000001ee7cabd600
Event: 21.214 Thread 0x000001ee7cabd600 Thread added: 0x000001ee7cabdc90
Event: 27.346 Thread 0x000001ee7cabdc90 Thread exited: 0x000001ee7cabdc90


Dynamic libraries:
0x00007ff652020000 - 0x00007ff652030000 	C:\Program Files\Java\jdk-22\bin\javaw.exe
0x00007ffb58cf0000 - 0x00007ffb58ee8000 	C:\Windows\SYSTEM32\ntdll.dll
0x00007ffb57d40000 - 0x00007ffb57e01000 	C:\Windows\System32\KERNEL32.DLL
0x00007ffb56480000 - 0x00007ffb56776000 	C:\Windows\System32\KERNELBASE.dll
0x00007ffb56b80000 - 0x00007ffb56c80000 	C:\Windows\System32\ucrtbase.dll
0x00007ffb53090000 - 0x00007ffb530ab000 	C:\Program Files\Java\jdk-22\bin\VCRUNTIME140.dll
0x00007ffb53070000 - 0x00007ffb53087000 	C:\Program Files\Java\jdk-22\bin\jli.dll
0x00007ffb57f30000 - 0x00007ffb580cf000 	C:\Windows\System32\USER32.dll
0x00007ffb56980000 - 0x00007ffb569a2000 	C:\Windows\System32\win32u.dll
0x00007ffb46150000 - 0x00007ffb463ea000 	C:\Windows\WinSxS\amd64_microsoft.windows.common-controls_6595b64144ccf1df_6.0.19041.4355_none_60b8b9eb71f62e16\COMCTL32.dll
0x00007ffb575f0000 - 0x00007ffb5761b000 	C:\Windows\System32\GDI32.dll
0x00007ffb56a60000 - 0x00007ffb56b77000 	C:\Windows\System32\gdi32full.dll
0x00007ffb56fa0000 - 0x00007ffb5703e000 	C:\Windows\System32\msvcrt.dll
0x00007ffb56c80000 - 0x00007ffb56d1d000 	C:\Windows\System32\msvcp_win.dll
0x00007ffb57450000 - 0x00007ffb5747f000 	C:\Windows\System32\IMM32.DLL
0x00007ffb52920000 - 0x00007ffb5292c000 	C:\Program Files\Java\jdk-22\bin\vcruntime140_1.dll
0x00007ffb3d4c0000 - 0x00007ffb3d54e000 	C:\Program Files\Java\jdk-22\bin\msvcp140.dll
0x00007ffb0db90000 - 0x00007ffb0e8d9000 	C:\Program Files\Java\jdk-22\bin\server\jvm.dll
0x00007ffb576b0000 - 0x00007ffb57760000 	C:\Windows\System32\ADVAPI32.dll
0x00007ffb56d20000 - 0x00007ffb56dc0000 	C:\Windows\System32\sechost.dll
0x00007ffb572a0000 - 0x00007ffb573c3000 	C:\Windows\System32\RPCRT4.dll
0x00007ffb56780000 - 0x00007ffb567a7000 	C:\Windows\System32\bcrypt.dll
0x00007ffb573d0000 - 0x00007ffb5743b000 	C:\Windows\System32\WS2_32.dll
0x00007ffb55920000 - 0x00007ffb5596b000 	C:\Windows\SYSTEM32\POWRPROF.dll
0x00007ffb4a840000 - 0x00007ffb4a84a000 	C:\Windows\SYSTEM32\VERSION.dll
0x00007ffb4a810000 - 0x00007ffb4a837000 	C:\Windows\SYSTEM32\WINMM.dll
0x00007ffb55790000 - 0x00007ffb557a2000 	C:\Windows\SYSTEM32\UMPDC.dll
0x00007ffb54c00000 - 0x00007ffb54c12000 	C:\Windows\SYSTEM32\kernel.appcore.dll
0x00007ffb52910000 - 0x00007ffb5291a000 	C:\Program Files\Java\jdk-22\bin\jimage.dll
0x00007ffb3fd70000 - 0x00007ffb3ff54000 	C:\Windows\SYSTEM32\DBGHELP.DLL
0x00007ffb402b0000 - 0x00007ffb402e4000 	C:\Windows\SYSTEM32\dbgcore.DLL
0x00007ffb563f0000 - 0x00007ffb56472000 	C:\Windows\System32\bcryptPrimitives.dll
0x00007ffb4f900000 - 0x00007ffb4f91e000 	C:\Program Files\Java\jdk-22\bin\java.dll
0x00007ffb580d0000 - 0x00007ffb5883c000 	C:\Windows\System32\SHELL32.dll
0x00007ffb570a0000 - 0x00007ffb571cb000 	C:\Windows\System32\ole32.dll
0x00007ffb588f0000 - 0x00007ffb58c43000 	C:\Windows\System32\combase.dll
0x00007ffb54350000 - 0x00007ffb54aee000 	C:\Windows\SYSTEM32\windows.storage.dll
0x00007ffb55dc0000 - 0x00007ffb55dee000 	C:\Windows\SYSTEM32\Wldp.dll
0x00007ffb571d0000 - 0x00007ffb5729d000 	C:\Windows\System32\OLEAUT32.dll
0x00007ffb58840000 - 0x00007ffb588ed000 	C:\Windows\System32\SHCORE.dll
0x00007ffb58c50000 - 0x00007ffb58ca5000 	C:\Windows\System32\shlwapi.dll
0x00007ffb562d0000 - 0x00007ffb562f4000 	C:\Windows\SYSTEM32\profapi.dll
0x00007ffb2eaf0000 - 0x00007ffb2ebc7000 	C:\Program Files\Java\jdk-22\bin\jsvml.dll
0x00007ffb528f0000 - 0x00007ffb52900000 	C:\Program Files\Java\jdk-22\bin\net.dll
0x00007ffb55b20000 - 0x00007ffb55b8a000 	C:\Windows\system32\mswsock.dll
0x00007ffb4ecb0000 - 0x00007ffb4ecc6000 	C:\Program Files\Java\jdk-22\bin\nio.dll
0x00007ffb4daa0000 - 0x00007ffb4dab7000 	C:\Program Files\Java\jdk-22\bin\zip.dll
0x00007ffb4f8f0000 - 0x00007ffb4f8fa000 	C:\Program Files\Java\jdk-22\bin\management.dll
0x00007ffb4eca0000 - 0x00007ffb4ecab000 	C:\Program Files\Java\jdk-22\bin\management_ext.dll
0x00007ffb57440000 - 0x00007ffb57448000 	C:\Windows\System32\PSAPI.DLL
0x00007ffb4da70000 - 0x00007ffb4da7b000 	C:\Program Files\Java\jdk-22\bin\le.dll
0x00007ffb4d1f0000 - 0x00007ffb4d1fe000 	C:\Program Files\Java\jdk-22\bin\sunmscapi.dll
0x00007ffb567b0000 - 0x00007ffb5690e000 	C:\Windows\System32\CRYPT32.dll
0x00007ffb55e30000 - 0x00007ffb55e59000 	C:\Windows\SYSTEM32\ncrypt.dll
0x00007ffb55df0000 - 0x00007ffb55e2b000 	C:\Windows\SYSTEM32\NTASN1.dll
0x00007ffb55d20000 - 0x00007ffb55d38000 	C:\Windows\SYSTEM32\CRYPTSP.dll
0x00007ffb553d0000 - 0x00007ffb55404000 	C:\Windows\system32\rsaenh.dll
0x00007ffb56240000 - 0x00007ffb5626e000 	C:\Windows\SYSTEM32\USERENV.dll
0x00007ffb55d10000 - 0x00007ffb55d1c000 	C:\Windows\SYSTEM32\CRYPTBASE.dll
0x00007ffb557b0000 - 0x00007ffb557eb000 	C:\Windows\SYSTEM32\IPHLPAPI.DLL
0x00007ffb575e0000 - 0x00007ffb575e8000 	C:\Windows\System32\NSI.dll
0x00007ffb4cae0000 - 0x00007ffb4caf0000 	C:\Program Files\Java\jdk-22\bin\verify.dll
0x00007ffb55800000 - 0x00007ffb558ca000 	C:\Windows\SYSTEM32\DNSAPI.dll
0x00007ffb474e0000 - 0x00007ffb474ea000 	C:\Windows\System32\rasadhlp.dll
0x00007ffb47450000 - 0x00007ffb474d0000 	C:\Windows\System32\fwpuclnt.dll
0x00007ffb4cad0000 - 0x00007ffb4cad9000 	C:\Program Files\Java\jdk-22\bin\extnet.dll

dbghelp: loaded successfully - version: 4.0.5 - missing functions: none
symbol engine: initialized successfully - sym options: 0x614 - pdb path: .;C:\Program Files\Java\jdk-22\bin;C:\Windows\SYSTEM32;C:\Windows\WinSxS\amd64_microsoft.windows.common-controls_6595b64144ccf1df_6.0.19041.4355_none_60b8b9eb71f62e16;C:\Program Files\Java\jdk-22\bin\server

VM Arguments:
jvm_args: -Dfile.encoding=UTF-8 -Dstdout.encoding=UTF-8 -Dstderr.encoding=UTF-8 -XX:+ShowCodeDetailsInExceptionMessages 
java_command: com.app.Manager2Application
java_class_path (initial): E:\CDAC\Project\FinanceProject2\BackEnd\manager2\target\classes;C:\Users\GURU\.m2\repository\org\springframework\boot\spring-boot-starter-data-jpa\3.3.2\spring-boot-starter-data-jpa-3.3.2.jar;C:\Users\GURU\.m2\repository\org\springframework\boot\spring-boot-starter-aop\3.3.2\spring-boot-starter-aop-3.3.2.jar;C:\Users\GURU\.m2\repository\org\aspectj\aspectjweaver\1.9.22.1\aspectjweaver-1.9.22.1.jar;C:\Users\GURU\.m2\repository\org\hibernate\orm\hibernate-core\6.5.2.Final\hibernate-core-6.5.2.Final.jar;C:\Users\GURU\.m2\repository\jakarta\persistence\jakarta.persistence-api\3.1.0\jakarta.persistence-api-3.1.0.jar;C:\Users\GURU\.m2\repository\jakarta\transaction\jakarta.transaction-api\2.0.1\jakarta.transaction-api-2.0.1.jar;C:\Users\GURU\.m2\repository\org\jboss\logging\jboss-logging\3.5.3.Final\jboss-logging-3.5.3.Final.jar;C:\Users\GURU\.m2\repository\org\hibernate\common\hibernate-commons-annotations\6.0.6.Final\hibernate-commons-annotations-6.0.6.Final.jar;C:\Users\GURU\.m2\repository\io\smallrye\jandex\3.1.2\jandex-3.1.2.jar;C:\Users\GURU\.m2\repository\com\fasterxml\classmate\1.7.0\classmate-1.7.0.jar;C:\Users\GURU\.m2\repository\net\bytebuddy\byte-buddy\1.14.18\byte-buddy-1.14.18.jar;C:\Users\GURU\.m2\repository\org\glassfish\jaxb\jaxb-runtime\4.0.5\jaxb-runtime-4.0.5.jar;C:\Users\GURU\.m2\repository\org\glassfish\jaxb\jaxb-core\4.0.5\jaxb-core-4.0.5.jar;C:\Users\GURU\.m2\repository\org\glassfish\jaxb\txw2\4.0.5\txw2-4.0.5.jar;C:\Users\GURU\.m2\repository\com\sun\istack\istack-commons-runtime\4.1.2\istack-commons-runtime-4.1.2.jar;C:\Users\GURU\.m2\repository\jakarta\inject\jakarta.inject-api\2.0.1\jakarta.inject-api-2.0.1.jar;C:\Users\GURU\.m2\repository\org\antlr\antlr4-runtime\4.13.0\antlr4-runtime-4.13.0.jar;C:\Users\GURU\.m2\repository\org\springframework\data\spring-data-jpa\3.3.2\spring-data-jpa-3.3.2.jar;C:\Users\GURU\.m2\repository\org\springframework\data\spring-data-commons\3.3.2\spring-data-commons-3.3.2.jar;C:\Users\GURU\.m2\repository\org\springframework\spring-orm\6.1.11\spring-orm-6.1.11.jar;C:\Users\GURU\.m2\repository\org\springframework\spring-context\6.1.11\spring-context-6.1.11.jar;C:\Users\GURU\.m2\repository\org\springframework\spring-tx\6.1.11\spring-tx-6.1.11.jar;C:\Users\GURU\.m2\repository\org\springframework\spring-beans\6.1.11\spring-beans-6.1.11.jar;C:\Users\GURU\.m2\repository\org\springframework\spring-aspects\6.1.11\spring-aspects-6.1.11.jar;C:\Users\GURU\.m2\repository\org\springframework\boot\spring-boot-starter-data-rest\3.3.2\spring-boot-starter-data-rest-3.3.2.jar;C:\Users\GURU\.m2\repository\org\springframework\data\spring-data-rest-webmvc\4.3.2\spring-data-rest-webmvc-4.3.2.jar;C:\Users\GURU\.m2\repository\org\springframework\data\spring-data-rest-core\4.3.2\spring-data-rest-core-4.3.2.jar;C:\Users\GURU\.m2\repository\org\springframework\hateoas\spring-hateoas\2.3.1\spring-hateoas-2.3.1.jar;C:\Users\GURU\.m2\repository\org\springframework\plugin\spring-plugin-core\3.0.0\spring-plugin-core-3.0.0.jar;C:\Users\GURU\.m2\repository\org\atteo\evo-inflector\1.3\evo-inflector-1.3.jar;C:\Users\GURU\.m2\repository\com\fasterxml\jackson\core\jackson-databind\2.17.2\jackson-databind-2.17.2.jar;C:\Users\GURU\.m2\repository\com\fasterxml\jackson\core\jackson-core\2.17.2\jackson-core-2.17.2.jar;C:\Users\GURU\.m2\repository\com\fasterxml\jackson\core\jackson-annotations\2.17.2\jackson-annotations-2.17.2.jar;C:\Users\GURU\.m2\repository\org\springframework\boot\spring-boot-starter-jdbc\3.3.2\spring-boot-starter-jdbc-3.3.2.jar;C:\Users\GURU\.m2\repository\org\springframework\boot\spring-boot-starter\3.3.2\spring-boot-starter-3.3.2.jar;C:\Users\GURU\.m2\repository\org\springframework\boot\spring-boot-starter-logging\3.3.2\spring-boot-starter-logging-3.3.2.jar;C:\Users\GURU\.m2\repository\ch\qos\logback\logback-classic\1.5.6\logback-classic-1.5.6.jar;C:\Users\GURU\.m2\repository\ch\qos\logback\logback-core\1.5.6\logback-core-1.5.6.jar;C:\Users\GURU\.m2\repository\org\apache\logging\log4j\log4j-to-slf4j\2.23.1\log4j-to-slf4j-2.23.1.jar;C:\Users\GURU\.m2\repository\org\apache\logging\log4j\log4j-api\2.23.1\log4j-api-2.23.1.jar;C:\Users\GURU\.m2\repository\org\slf4j\jul-to-slf4j\2.0.13\jul-to-slf4j-2.0.13.jar;C:\Users\GURU\.m2\repository\org\yaml\snakeyaml\2.2\snakeyaml-2.2.jar;C:\Users\GURU\.m2\repository\com\zaxxer\HikariCP\5.1.0\HikariCP-5.1.0.jar;C:\Users\GURU\.m2\repository\org\springframework\spring-jdbc\6.1.11\spring-jdbc-6.1.11.jar;C:\Users\GURU\.m2\repository\org\springframework\boot\spring-boot-starter-mail\3.3.2\spring-boot-starter-mail-3.3.2.jar;C:\Users\GURU\.m2\repository\org\springframework\spring-context-support\6.1.11\spring-context-support-6.1.11.jar;C:\Users\GURU\.m2\repository\org\eclipse\angus\jakarta.mail\2.0.3\jakarta.mail-2.0.3.jar;C:\Users\GURU\.m2\repository\jakarta\activation\jakarta.activation-api\2.1.3\jakarta.activation-api-2.1.3.jar;C:\Users\GURU\.m2\repository\org\eclipse\angus\angus-activation\2.0.2\angus-activation-2.0.2.jar;C:\Users\GURU\.m2\repository\org\springframework\boot\spring-boot-starter-security\3.3.2\spring-boot-starter-security-3.3.2.jar;C:\Users\GURU\.m2\repository\org\springframework\spring-aop\6.1.11\spring-aop-6.1.11.jar;C:\Users\GURU\.m2\repository\org\springframework\security\spring-security-config\6.3.1\spring-security-config-6.3.1.jar;C:\Users\GURU\.m2\repository\org\springframework\security\spring-security-web\6.3.1\spring-security-web-6.3.1.jar;C:\Users\GURU\.m2\repository\org\springframework\spring-expression\6.1.11\spring-expression-6.1.11.jar;C:\Users\GURU\.m2\repository\org\springframework\boot\spring-boot-starter-web\3.3.2\spring-boot-starter-web-3.3.2.jar;C:\Users\GURU\.m2\repository\org\springframework\boot\spring-boot-starter-json\3.3.2\spring-boot-starter-json-3.3.2.jar;C:\Users\GURU\.m2\repository\com\fasterxml\jackson\datatype\jackson-datatype-jdk8\2.17.2\jackson-datatype-jdk8-2.17.2.jar;C:\Users\GURU\.m2\repository\com\fasterxml\jackson\datatype\jackson-datatype-jsr310\2.17.2\jackson-datatype-jsr310-2.17.2.jar;C:\Users\GURU\.m2\repository\com\fasterxml\jackson\module\jackson-module-parameter-names\2.17.2\jackson-module-parameter-names-2.17.2.jar;C:\Users\GURU\.m2\repository\org\springframework\spring-web\6.1.11\spring-web-6.1.11.jar;C:\Users\GURU\.m2\repository\io\micrometer\micrometer-observation\1.13.2\micrometer-observation-1.13.2.jar;C:\Users\GURU\.m2\repository\io\micrometer\micrometer-commons\1.13.2\micrometer-commons-1.13.2.jar;C:\Users\GURU\.m2\repository\org\springframework\spring-webmvc\6.1.11\spring-webmvc-6.1.11.jar;C:\Users\GURU\.m2\repository\org\springframework\data\spring-data-rest-hal-explorer\4.3.2\spring-data-rest-hal-explorer-4.3.2.jar;C:\Users\GURU\.m2\repository\org\slf4j\slf4j-api\2.0.13\slf4j-api-2.0.13.jar;C:\Users\GURU\.m2\repository\org\springframework\boot\spring-boot-devtools\3.3.2\spring-boot-devtools-3.3.2.jar;C:\Users\GURU\.m2\repository\org\springframework\boot\spring-boot\3.3.2\spring-boot-3.3.2.jar;C:\Users\GURU\.m2\repository\org\springframework\boot\spring-boot-autoconfigure\3.3.2\spring-boot-autoconfigure-3.3.2.jar;C:\Users\GURU\.m2\repository\com\mysql\mysql-connector-j\8.3.0\mysql-connector-j-8.3.0.jar;C:\Users\GURU\.m2\repository\org\springframework\boot\spring-boot-starter-tomcat\3.3.2\spring-boot-starter-tomcat-3.3.2.jar;C:\Users\GURU\.m2\repository\jakarta\annotation\jakarta.annotation-api\2.1.1\jakarta.annotation-api-2.1.1.jar;C:\Users\GURU\.m2\repository\org\apache\tomcat\embed\tomcat-embed-core\10.1.26\tomcat-embed-core-10.1.26.jar;C:\Users\GURU\.m2\repository\org\apache\tomcat\embed\tomcat-embed-el\10.1.26\tomcat-embed-el-10.1.26.jar;C:\Users\GURU\.m2\repository\org\apache\tomcat\embed\tomcat-embed-websocket\10.1.26\tomcat-embed-websocket-10.1.26.jar;C:\Users\GURU\.m2\repository\com\jayway\jsonpath\json-path\2.9.0\json-path-2.9.0.jar;C:\Users\GURU\.m2\repository\jakarta\xml\bind\jakarta.xml.bind-api\4.0.2\jakarta.xml.bind-api-4.0.2.jar;C:\Users\GURU\.m2\repository\net\minidev\json-smart\2.5.1\json-smart-2.5.1.jar;C:\Users\GURU\.m2\repository\net\minidev\accessors-smart\2.5.1\accessors-smart-2.5.1.jar;C:\Users\GURU\.m2\repository\org\ow2\asm\asm\9.6\asm-9.6.jar;C:\Users\GURU\.m2\repository\org\springframework\spring-core\6.1.11\spring-core-6.1.11.jar;C:\Users\GURU\.m2\repository\org\springframework\spring-jcl\6.1.11\spring-jcl-6.1.11.jar;C:\Users\GURU\.m2\repository\org\springframework\security\spring-security-core\6.3.1\spring-security-core-6.3.1.jar;C:\Users\GURU\.m2\repository\org\springframework\security\spring-security-crypto\6.3.1\spring-security-crypto-6.3.1.jar
Launcher Type: SUN_STANDARD

[Global flags]
     intx CICompilerCount                          = 3                                         {product} {ergonomic}
     uint ConcGCThreads                            = 1                                         {product} {ergonomic}
     uint G1ConcRefinementThreads                  = 4                                         {product} {ergonomic}
   size_t G1HeapRegionSize                         = 1048576                                   {product} {ergonomic}
   size_t InitialHeapSize                          = 67108864                                  {product} {ergonomic}
   size_t MarkStackSize                            = 4194304                                   {product} {ergonomic}
   size_t MaxHeapSize                              = 1050673152                                {product} {ergonomic}
   size_t MaxNewSize                               = 630194176                                 {product} {ergonomic}
   size_t MinHeapDeltaBytes                        = 1048576                                   {product} {ergonomic}
   size_t MinHeapSize                              = 8388608                                   {product} {ergonomic}
    uintx NonNMethodCodeHeapSize                   = 5832780                                {pd product} {ergonomic}
    uintx NonProfiledCodeHeapSize                  = 122912730                              {pd product} {ergonomic}
    uintx ProfiledCodeHeapSize                     = 122912730                              {pd product} {ergonomic}
    uintx ReservedCodeCacheSize                    = 251658240                              {pd product} {ergonomic}
     bool SegmentedCodeCache                       = true                                      {product} {ergonomic}
     bool ShowCodeDetailsInExceptionMessages       = true                                   {manageable} {command line}
   size_t SoftMaxHeapSize                          = 1050673152                             {manageable} {ergonomic}
     bool UseCompressedOops                        = true                           {product lp64_product} {ergonomic}
     bool UseG1GC                                  = true                                      {product} {ergonomic}
     bool UseLargePagesIndividualAllocation        = false                                  {pd product} {ergonomic}

Logging:
Log output configuration:
 #0: stdout all=warning uptime,level,tags foldmultilines=false
 #1: stderr all=off uptime,level,tags foldmultilines=false

Environment Variables:
PATH=E:/CDAC/Java/eclipse-jee-2024-06-R-win32-x86_64/eclipse//plugins/org.eclipse.justj.openjdk.hotspot.jre.full.win32.x86_64_21.0.3.v20240426-1530/jre/bin/server;E:/CDAC/Java/eclipse-jee-2024-06-R-win32-x86_64/eclipse//plugins/org.eclipse.justj.openjdk.hotspot.jre.full.win32.x86_64_21.0.3.v20240426-1530/jre/bin;C:\Program Files\Common Files\Oracle\Java\javapath;C:\Python312\Scripts\;C:\Python312\;C:\Windows\system32;C:\Windows;C:\Windows\System32\Wbem;C:\Windows\System32\WindowsPowerShell\v1.0\;C:\Windows\System32\OpenSSH\;C:\Program Files (x86)\ATI Technologies\ATI.ACE\Core-Static;C:\Program Files\nodejs\;C:\ProgramData\chocolatey\bin;C:\Program Files\Java\jdk-17\bin;C:\Program Files\Git\cmd;C:\Program Files\Microsoft SQL Server\150\Tools\Binn\;C:\Program Files\Microsoft SQL Server\Client SDK\ODBC\170\Tools\Binn\;C:\Program Files\dotnet\;C:\Program Files\Java\jdk-22\bin;C:\Program Files\MySQL\MySQL Shell 8.0\bin\;C:\Users\GURU\AppData\Local\Microsoft\WindowsApps;C:\Users\GURU\AppData\Local\Programs\Microsoft VS Code\bin;C:\Users\GURU\AppData\Roaming\npm;C:\Users\GURU\.dotnet\tools;E:\CDAC\Java\eclipse-jee-2024-06-R-win32-x86_64\eclipse;
USERNAME=GURU
OS=Windows_NT
PROCESSOR_IDENTIFIER=Intel64 Family 6 Model 42 Stepping 7, GenuineIntel
TMP=C:\Users\GURU\AppData\Local\Temp
TEMP=C:\Users\GURU\AppData\Local\Temp




Periodic native trim disabled

---------------  S Y S T E M  ---------------

OS:
 Windows 10 , 64 bit Build 19041 (10.0.19041.4597)
OS uptime: 8 days 1:44 hours

CPU: total 4 (initial active 4) (2 cores per cpu, 2 threads per core) family 6 model 42 stepping 7 microcode 0x2f, cx8, cmov, fxsr, ht, mmx, sse, sse2, sse3, ssse3, sse4.1, sse4.2, popcnt, tsc, tscinvbit, avx, aes, clmul, vzeroupper, clflush, rdtscp
Processor Information for all 4 processors :
  Max Mhz: 2501, Current Mhz: 1000, Mhz Limit: 2501

Memory: 4k page, system-wide physical 4002M (237M free)
TotalPageFile size 16290M (AvailPageFile size 2M)
current process WorkingSet (physical memory assigned to process): 251M, peak: 251M
current process commit charge ("private bytes"): 280M, peak: 280M

vm_info: Java HotSpot(TM) 64-Bit Server VM (22.0.2+9-70) for windows-amd64 JRE (22.0.2+9-70), built on 2024-06-04T16:52:23Z by "mach5one" with MS VC++ 17.6 (VS2022)

END.
