#
# There is insufficient memory for the Java Runtime Environment to continue.
# Native memory allocation (malloc) failed to allocate 3227328 bytes. Error detail: Chunk::new
# Possible reasons:
#   The system is out of physical RAM or swap space
#   This process is running with CompressedOops enabled, and the Java Heap may be blocking the growth of the native heap
# Possible solutions:
#   Reduce memory load on the system
#   Increase physical memory or swap space
#   Check if swap backing store is full
#   Decrease Java heap size (-Xmx/-Xms)
#   Decrease number of Java threads
#   Decrease Java thread stack sizes (-Xss)
#   Set larger code cache with -XX:ReservedCodeCacheSize=
#   JVM is running with Unscaled Compressed Oops mode in which the Java heap is
#     placed in the first 4GB address space. The Java Heap base address is the
#     maximum limit for the native heap growth. Please use -XX:HeapBaseMinAddress
#     to set the Java Heap base and to place the Java Heap above 4GB virtual address.
# This output file may be truncated or incomplete.
#
#  Out of Memory Error (arena.cpp:150), pid=7196, tid=12948
#
# JRE version: Java(TM) SE Runtime Environment (22.0.2+9) (build 22.0.2+9-70)
# Java VM: Java HotSpot(TM) 64-Bit Server VM (22.0.2+9-70, mixed mode, sharing, tiered, compressed oops, compressed class ptrs, g1 gc, windows-amd64)
# No core dump will be written. Minidumps are not enabled by default on client versions of Windows
#

---------------  S U M M A R Y ------------

Command Line: -XX:+ShowCodeDetailsInExceptionMessages -agentlib:jdwp=transport=dt_socket,suspend=y,address=localhost:54717 -javaagent:E:\CDAC\Java\eclipse-jee-2024-06-R-win32-x86_64\eclipse\configuration\org.eclipse.osgi\448\0\.cp\lib\javaagent-shaded.jar -Dfile.encoding=UTF-8 -Dstdout.encoding=UTF-8 -Dstderr.encoding=UTF-8 com.app.Manager2Application

Host: Intel(R) Core(TM) i5-2450M CPU @ 2.50GHz, 4 cores, 3G,  Windows 10 , 64 bit Build 19041 (10.0.19041.4597)
Time: Wed Aug 14 21:59:46 2024 India Standard Time elapsed time: 17.044688 seconds (0d 0h 0m 17s)

---------------  T H R E A D  ---------------

Current thread (0x0000025f3f9bfc30):  JavaThread "C2 CompilerThread0" daemon [_thread_in_native, id=12948, stack(0x000000a420b00000,0x000000a420c00000) (1024K)]


Current CompileTask:
C2:17044 4908       4       java.lang.invoke.MethodType::methodType (69 bytes)

Stack: [0x000000a420b00000,0x000000a420c00000]
Native frames: (J=compiled Java code, j=interpreted, Vv=VM code, C=native code)
V  [jvm.dll+0x6e26e9]  (no source info available)
V  [jvm.dll+0x875753]  (no source info available)
V  [jvm.dll+0x877b7e]  (no source info available)
V  [jvm.dll+0x878253]  (no source info available)
V  [jvm.dll+0x27fc86]  (no source info available)
V  [jvm.dll+0xc3d0f]  (no source info available)
V  [jvm.dll+0xc3f6b]  (no source info available)
V  [jvm.dll+0x3bb47c]  (no source info available)
V  [jvm.dll+0x1df6ae]  (no source info available)
V  [jvm.dll+0x24793c]  (no source info available)
V  [jvm.dll+0x246e9f]  (no source info available)
V  [jvm.dll+0x1c4e80]  (no source info available)
V  [jvm.dll+0x2568f3]  (no source info available)
V  [jvm.dll+0x254baa]  (no source info available)
V  [jvm.dll+0x3f57a6]  (no source info available)
V  [jvm.dll+0x81dc0b]  (no source info available)
V  [jvm.dll+0x6e0d85]  (no source info available)
C  [ucrtbase.dll+0x21bb2]  (no source info available)
C  [KERNEL32.DLL+0x17374]  (no source info available)
C  [ntdll.dll+0x4cc91]  (no source info available)


---------------  P R O C E S S  ---------------

Threads class SMR info:
_java_thread_list=0x0000025f87cac110, length=20, elements={
0x0000025f22c3a510, 0x0000025f3f9accc0, 0x0000025f3f9adcd0, 0x0000025f3f9af460,
0x0000025f3f9b1be0, 0x0000025f3f9b86a0, 0x0000025f3f9bc4d0, 0x0000025f3f9bfc30,
0x0000025f3f9d8a90, 0x0000025f3f98c6f0, 0x0000025f3fcaf760, 0x0000025f3fcb3450,
0x0000025f3fcb3ae0, 0x0000025f3fe87e30, 0x0000025f859ef930, 0x0000025f859effa0,
0x0000025f88c1a080, 0x0000025f87f304b0, 0x0000025f881d7fd0, 0x0000025f886d3c60
}

Java Threads: ( => current thread )
  0x0000025f22c3a510 JavaThread "main"                              [_thread_blocked, id=8740, stack(0x000000a41fd00000,0x000000a41fe00000) (1024K)]
  0x0000025f3f9accc0 JavaThread "Reference Handler"          daemon [_thread_blocked, id=1280, stack(0x000000a420500000,0x000000a420600000) (1024K)]
  0x0000025f3f9adcd0 JavaThread "Finalizer"                  daemon [_thread_blocked, id=12156, stack(0x000000a420600000,0x000000a420700000) (1024K)]
  0x0000025f3f9af460 JavaThread "Signal Dispatcher"          daemon [_thread_blocked, id=12696, stack(0x000000a420700000,0x000000a420800000) (1024K)]
  0x0000025f3f9b1be0 JavaThread "Attach Listener"            daemon [_thread_blocked, id=5748, stack(0x000000a420800000,0x000000a420900000) (1024K)]
  0x0000025f3f9b86a0 JavaThread "Service Thread"             daemon [_thread_blocked, id=12276, stack(0x000000a420900000,0x000000a420a00000) (1024K)]
  0x0000025f3f9bc4d0 JavaThread "Monitor Deflation Thread"   daemon [_thread_blocked, id=5864, stack(0x000000a420a00000,0x000000a420b00000) (1024K)]
=>0x0000025f3f9bfc30 JavaThread "C2 CompilerThread0"         daemon [_thread_in_native, id=12948, stack(0x000000a420b00000,0x000000a420c00000) (1024K)]
  0x0000025f3f9d8a90 JavaThread "C1 CompilerThread0"         daemon [_thread_blocked, id=13556, stack(0x000000a420c00000,0x000000a420d00000) (1024K)]
  0x0000025f3f98c6f0 JavaThread "Common-Cleaner"             daemon [_thread_blocked, id=11816, stack(0x000000a420d00000,0x000000a420e00000) (1024K)]
  0x0000025f3fcaf760 JavaThread "JDWP Transport Listener: dt_socket" daemon [_thread_blocked, id=9888, stack(0x000000a420e00000,0x000000a420f00000) (1024K)]
  0x0000025f3fcb3450 JavaThread "JDWP Event Helper Thread"   daemon [_thread_blocked, id=1648, stack(0x000000a420f00000,0x000000a421000000) (1024K)]
  0x0000025f3fcb3ae0 JavaThread "JDWP Command Reader"        daemon [_thread_in_native, id=5224, stack(0x000000a421000000,0x000000a421100000) (1024K)]
  0x0000025f3fe87e30 JavaThread "Notification Thread"        daemon [_thread_blocked, id=13112, stack(0x000000a421100000,0x000000a421200000) (1024K)]
  0x0000025f859ef930 JavaThread "Thread-0"                          [_thread_blocked, id=10148, stack(0x000000a421500000,0x000000a421600000) (1024K)]
  0x0000025f859effa0 JavaThread "restartedMain"                     [_thread_in_vm, id=5956, stack(0x000000a421600000,0x000000a421700000) (1024K)]
  0x0000025f88c1a080 JavaThread "Catalina-utility-1"                [_thread_blocked, id=10140, stack(0x000000a421700000,0x000000a421800000) (1024K)]
  0x0000025f87f304b0 JavaThread "Catalina-utility-2"                [_thread_blocked, id=10620, stack(0x000000a421800000,0x000000a421900000) (1024K)]
  0x0000025f881d7fd0 JavaThread "container-0"                       [_thread_blocked, id=13092, stack(0x000000a421900000,0x000000a421a00000) (1024K)]
  0x0000025f886d3c60 JavaThread "mysql-cj-abandoned-connection-cleanup" daemon [_thread_blocked, id=12132, stack(0x000000a421a00000,0x000000a421b00000) (1024K)]
Total: 20

Other Threads:
  0x0000025f24efebd0 VMThread "VM Thread"                           [id=3128, stack(0x000000a420400000,0x000000a420500000) (1024K)]
  0x0000025f24eed480 WatcherThread "VM Periodic Task Thread"        [id=520, stack(0x000000a420300000,0x000000a420400000) (1024K)]
  0x0000025f24e757f0 WorkerThread "GC Thread#0"                     [id=9876, stack(0x000000a41fe00000,0x000000a41ff00000) (1024K)]
  0x0000025f856a48a0 WorkerThread "GC Thread#1"                     [id=3944, stack(0x000000a421200000,0x000000a421300000) (1024K)]
  0x0000025f85820630 WorkerThread "GC Thread#2"                     [id=6732, stack(0x000000a421300000,0x000000a421400000) (1024K)]
  0x0000025f85822d60 WorkerThread "GC Thread#3"                     [id=8836, stack(0x000000a421400000,0x000000a421500000) (1024K)]
  0x0000025f24e7ee70 ConcurrentGCThread "G1 Main Marker"            [id=5276, stack(0x000000a41ff00000,0x000000a420000000) (1024K)]
  0x0000025f24e7f980 WorkerThread "G1 Conc#0"                       [id=10280, stack(0x000000a420000000,0x000000a420100000) (1024K)]
  0x0000025f24edd910 ConcurrentGCThread "G1 Refine#0"               [id=7972, stack(0x000000a420100000,0x000000a420200000) (1024K)]
  0x0000025f24edf4a0 ConcurrentGCThread "G1 Service"                [id=5324, stack(0x000000a420200000,0x000000a420300000) (1024K)]
Total: 10

Threads with active compile tasks:
C2 CompilerThread0  17249 4908       4       java.lang.invoke.MethodType::methodType (69 bytes)
C1 CompilerThread0  17249 5057       2       sun.security.ssl.CipherSuite::isAvailable (52 bytes)
Total: 2

VM state: not at safepoint (normal execution)

VM Mutex/Monitor currently owned by a thread: None

Heap address: 0x00000000c1600000, size: 1002 MB, Compressed Oops mode: 32-bit

CDS archive(s) mapped at: [0x0000025f40000000-0x0000025f40c60000-0x0000025f40c60000), size 12976128, SharedBaseAddress: 0x0000025f40000000, ArchiveRelocationMode: 1.
Compressed class space mapped at: 0x0000025f41000000-0x0000025f81000000, reserved size: 1073741824
Narrow klass base: 0x0000025f40000000, Narrow klass shift: 0, Narrow klass range: 0x41000000

GC Precious Log:
 CardTable entry size: 512
 Card Set container configuration: InlinePtr #cards 5 size 8 Array Of Cards #cards 12 size 40 Howl #buckets 4 coarsen threshold 1843 Howl Bitmap #cards 512 size 80 coarsen threshold 460 Card regions per heap region 1 cards per card region 2048
 CPUs: 4 total, 4 available
 Memory: 4002M
 Large Page Support: Disabled
 NUMA Support: Disabled
 Compressed Oops: Enabled (32-bit)
 Heap Region Size: 1M
 Heap Min Capacity: 8M
 Heap Initial Capacity: 64M
 Heap Max Capacity: 1002M
 Pre-touch: Disabled
 Parallel Workers: 4
 Concurrent Workers: 1
 Concurrent Refinement Workers: 4
 Periodic GC: Disabled

Heap:
 garbage-first heap   total reserved 1026048K, committed 65536K, used 54147K [0x00000000c1600000, 0x0000000100000000)
  region size 1024K, 36 young (36864K), 2 survivors (2048K)
 Metaspace       used 45369K, committed 45952K, reserved 1114112K
  class space    used 5799K, committed 6080K, reserved 1048576K

Heap Regions: E=young(eden), S=young(survivor), O=old, HS=humongous(starts), HC=humongous(continues), CS=collection set, F=free, TAMS=top-at-mark-start, PB=parsable bottom
|   0|0x00000000c1600000, 0x00000000c1700000, 0x00000000c1700000|100%|HS|  |TAMS 0x00000000c1600000| PB 0x00000000c1600000| Complete |  0
|   1|0x00000000c1700000, 0x00000000c1800000, 0x00000000c1800000|100%| O|  |TAMS 0x00000000c1700000| PB 0x00000000c1700000| Untracked |  0
|   2|0x00000000c1800000, 0x00000000c1900000, 0x00000000c1900000|100%| O|  |TAMS 0x00000000c1800000| PB 0x00000000c1800000| Untracked |  0
|   3|0x00000000c1900000, 0x00000000c1a00000, 0x00000000c1a00000|100%| O|  |TAMS 0x00000000c1900000| PB 0x00000000c1900000| Untracked |  0
|   4|0x00000000c1a00000, 0x00000000c1b00000, 0x00000000c1b00000|100%| O|  |TAMS 0x00000000c1a00000| PB 0x00000000c1a00000| Untracked |  0
|   5|0x00000000c1b00000, 0x00000000c1c00000, 0x00000000c1c00000|100%| O|  |TAMS 0x00000000c1b00000| PB 0x00000000c1b00000| Untracked |  0
|   6|0x00000000c1c00000, 0x00000000c1d00000, 0x00000000c1d00000|100%| O|  |TAMS 0x00000000c1c00000| PB 0x00000000c1c00000| Untracked |  0
|   7|0x00000000c1d00000, 0x00000000c1e00000, 0x00000000c1e00000|100%| O|  |TAMS 0x00000000c1d00000| PB 0x00000000c1d00000| Untracked |  0
|   8|0x00000000c1e00000, 0x00000000c1f00000, 0x00000000c1f00000|100%| O|  |TAMS 0x00000000c1e00000| PB 0x00000000c1e00000| Untracked |  0
|   9|0x00000000c1f00000, 0x00000000c2000000, 0x00000000c2000000|100%| O|  |TAMS 0x00000000c1f00000| PB 0x00000000c1f00000| Untracked |  0
|  10|0x00000000c2000000, 0x00000000c2100000, 0x00000000c2100000|100%| O|  |TAMS 0x00000000c2000000| PB 0x00000000c2000000| Untracked |  0
|  11|0x00000000c2100000, 0x00000000c2200000, 0x00000000c2200000|100%| O|  |TAMS 0x00000000c2100000| PB 0x00000000c2100000| Untracked |  0
|  12|0x00000000c2200000, 0x00000000c2300000, 0x00000000c2300000|100%| O|  |TAMS 0x00000000c2200000| PB 0x00000000c2200000| Untracked |  0
|  13|0x00000000c2300000, 0x00000000c2400000, 0x00000000c2400000|100%| O|  |TAMS 0x00000000c2300000| PB 0x00000000c2300000| Untracked |  0
|  14|0x00000000c2400000, 0x00000000c2500000, 0x00000000c2500000|100%| O|  |TAMS 0x00000000c2400000| PB 0x00000000c2400000| Untracked |  0
|  15|0x00000000c2500000, 0x00000000c2600000, 0x00000000c2600000|100%| O|  |TAMS 0x00000000c2500000| PB 0x00000000c2500000| Untracked |  0
|  16|0x00000000c2600000, 0x00000000c2700000, 0x00000000c2700000|100%| O|  |TAMS 0x00000000c2600000| PB 0x00000000c2600000| Untracked |  0
|  17|0x00000000c2700000, 0x00000000c2700000, 0x00000000c2800000|  0%| F|  |TAMS 0x00000000c2700000| PB 0x00000000c2700000| Untracked |  0
|  18|0x00000000c2800000, 0x00000000c2900000, 0x00000000c2900000|100%| O|  |TAMS 0x00000000c2800000| PB 0x00000000c2800000| Untracked |  0
|  19|0x00000000c2900000, 0x00000000c29f6cb0, 0x00000000c2a00000| 96%| O|  |TAMS 0x00000000c2900000| PB 0x00000000c2900000| Untracked |  0
|  20|0x00000000c2a00000, 0x00000000c2a00000, 0x00000000c2b00000|  0%| F|  |TAMS 0x00000000c2a00000| PB 0x00000000c2a00000| Untracked |  0
|  21|0x00000000c2b00000, 0x00000000c2b00000, 0x00000000c2c00000|  0%| F|  |TAMS 0x00000000c2b00000| PB 0x00000000c2b00000| Untracked |  0
|  22|0x00000000c2c00000, 0x00000000c2c00000, 0x00000000c2d00000|  0%| F|  |TAMS 0x00000000c2c00000| PB 0x00000000c2c00000| Untracked |  0
|  23|0x00000000c2d00000, 0x00000000c2d00000, 0x00000000c2e00000|  0%| F|  |TAMS 0x00000000c2d00000| PB 0x00000000c2d00000| Untracked |  0
|  24|0x00000000c2e00000, 0x00000000c2e00000, 0x00000000c2f00000|  0%| F|  |TAMS 0x00000000c2e00000| PB 0x00000000c2e00000| Untracked |  0
|  25|0x00000000c2f00000, 0x00000000c2f00000, 0x00000000c3000000|  0%| F|  |TAMS 0x00000000c2f00000| PB 0x00000000c2f00000| Untracked |  0
|  26|0x00000000c3000000, 0x00000000c30e9fb0, 0x00000000c3100000| 91%| S|CS|TAMS 0x00000000c3000000| PB 0x00000000c3000000| Complete |  0
|  27|0x00000000c3100000, 0x00000000c3200000, 0x00000000c3200000|100%| S|CS|TAMS 0x00000000c3100000| PB 0x00000000c3100000| Complete |  0
|  28|0x00000000c3200000, 0x00000000c3200000, 0x00000000c3300000|  0%| F|  |TAMS 0x00000000c3200000| PB 0x00000000c3200000| Untracked |  0
|  29|0x00000000c3300000, 0x00000000c3300000, 0x00000000c3400000|  0%| F|  |TAMS 0x00000000c3300000| PB 0x00000000c3300000| Untracked |  0
|  30|0x00000000c3400000, 0x00000000c347f668, 0x00000000c3500000| 49%| E|  |TAMS 0x00000000c3400000| PB 0x00000000c3400000| Complete |  0
|  31|0x00000000c3500000, 0x00000000c3600000, 0x00000000c3600000|100%| E|CS|TAMS 0x00000000c3500000| PB 0x00000000c3500000| Complete |  0
|  32|0x00000000c3600000, 0x00000000c3700000, 0x00000000c3700000|100%| E|CS|TAMS 0x00000000c3600000| PB 0x00000000c3600000| Complete |  0
|  33|0x00000000c3700000, 0x00000000c3800000, 0x00000000c3800000|100%| E|CS|TAMS 0x00000000c3700000| PB 0x00000000c3700000| Complete |  0
|  34|0x00000000c3800000, 0x00000000c3900000, 0x00000000c3900000|100%| E|CS|TAMS 0x00000000c3800000| PB 0x00000000c3800000| Complete |  0
|  35|0x00000000c3900000, 0x00000000c3a00000, 0x00000000c3a00000|100%| E|CS|TAMS 0x00000000c3900000| PB 0x00000000c3900000| Complete |  0
|  36|0x00000000c3a00000, 0x00000000c3b00000, 0x00000000c3b00000|100%| E|  |TAMS 0x00000000c3a00000| PB 0x00000000c3a00000| Complete |  0
|  37|0x00000000c3b00000, 0x00000000c3c00000, 0x00000000c3c00000|100%| E|CS|TAMS 0x00000000c3b00000| PB 0x00000000c3b00000| Complete |  0
|  38|0x00000000c3c00000, 0x00000000c3d00000, 0x00000000c3d00000|100%| E|CS|TAMS 0x00000000c3c00000| PB 0x00000000c3c00000| Complete |  0
|  39|0x00000000c3d00000, 0x00000000c3e00000, 0x00000000c3e00000|100%| E|CS|TAMS 0x00000000c3d00000| PB 0x00000000c3d00000| Complete |  0
|  40|0x00000000c3e00000, 0x00000000c3f00000, 0x00000000c3f00000|100%| E|CS|TAMS 0x00000000c3e00000| PB 0x00000000c3e00000| Complete |  0
|  41|0x00000000c3f00000, 0x00000000c4000000, 0x00000000c4000000|100%| E|CS|TAMS 0x00000000c3f00000| PB 0x00000000c3f00000| Complete |  0
|  42|0x00000000c4000000, 0x00000000c4100000, 0x00000000c4100000|100%| E|CS|TAMS 0x00000000c4000000| PB 0x00000000c4000000| Complete |  0
|  43|0x00000000c4100000, 0x00000000c4200000, 0x00000000c4200000|100%| E|CS|TAMS 0x00000000c4100000| PB 0x00000000c4100000| Complete |  0
|  44|0x00000000c4200000, 0x00000000c4300000, 0x00000000c4300000|100%| E|CS|TAMS 0x00000000c4200000| PB 0x00000000c4200000| Complete |  0
|  45|0x00000000c4300000, 0x00000000c4400000, 0x00000000c4400000|100%| E|CS|TAMS 0x00000000c4300000| PB 0x00000000c4300000| Complete |  0
|  46|0x00000000c4400000, 0x00000000c4500000, 0x00000000c4500000|100%| E|CS|TAMS 0x00000000c4400000| PB 0x00000000c4400000| Complete |  0
|  47|0x00000000c4500000, 0x00000000c4600000, 0x00000000c4600000|100%| E|CS|TAMS 0x00000000c4500000| PB 0x00000000c4500000| Complete |  0
|  48|0x00000000c4600000, 0x00000000c4700000, 0x00000000c4700000|100%| E|CS|TAMS 0x00000000c4600000| PB 0x00000000c4600000| Complete |  0
|  49|0x00000000c4700000, 0x00000000c4800000, 0x00000000c4800000|100%| E|CS|TAMS 0x00000000c4700000| PB 0x00000000c4700000| Complete |  0
|  50|0x00000000c4800000, 0x00000000c4900000, 0x00000000c4900000|100%| E|CS|TAMS 0x00000000c4800000| PB 0x00000000c4800000| Complete |  0
|  51|0x00000000c4900000, 0x00000000c4a00000, 0x00000000c4a00000|100%| E|CS|TAMS 0x00000000c4900000| PB 0x00000000c4900000| Complete |  0
|  52|0x00000000c4a00000, 0x00000000c4b00000, 0x00000000c4b00000|100%| E|CS|TAMS 0x00000000c4a00000| PB 0x00000000c4a00000| Complete |  0
|  53|0x00000000c4b00000, 0x00000000c4c00000, 0x00000000c4c00000|100%| E|CS|TAMS 0x00000000c4b00000| PB 0x00000000c4b00000| Complete |  0
|  54|0x00000000c4c00000, 0x00000000c4d00000, 0x00000000c4d00000|100%| E|CS|TAMS 0x00000000c4c00000| PB 0x00000000c4c00000| Complete |  0
|  55|0x00000000c4d00000, 0x00000000c4e00000, 0x00000000c4e00000|100%| E|CS|TAMS 0x00000000c4d00000| PB 0x00000000c4d00000| Complete |  0
|  56|0x00000000c4e00000, 0x00000000c4f00000, 0x00000000c4f00000|100%| E|CS|TAMS 0x00000000c4e00000| PB 0x00000000c4e00000| Complete |  0
|  57|0x00000000c4f00000, 0x00000000c5000000, 0x00000000c5000000|100%| E|CS|TAMS 0x00000000c4f00000| PB 0x00000000c4f00000| Complete |  0
|  58|0x00000000c5000000, 0x00000000c5100000, 0x00000000c5100000|100%| E|CS|TAMS 0x00000000c5000000| PB 0x00000000c5000000| Complete |  0
|  59|0x00000000c5100000, 0x00000000c5200000, 0x00000000c5200000|100%| E|CS|TAMS 0x00000000c5100000| PB 0x00000000c5100000| Complete |  0
|  60|0x00000000c5200000, 0x00000000c5300000, 0x00000000c5300000|100%| E|CS|TAMS 0x00000000c5200000| PB 0x00000000c5200000| Complete |  0
|  61|0x00000000c5300000, 0x00000000c5400000, 0x00000000c5400000|100%| E|CS|TAMS 0x00000000c5300000| PB 0x00000000c5300000| Complete |  0
|  62|0x00000000c5400000, 0x00000000c5500000, 0x00000000c5500000|100%| E|CS|TAMS 0x00000000c5400000| PB 0x00000000c5400000| Complete |  0
|  63|0x00000000c5500000, 0x00000000c5600000, 0x00000000c5600000|100%| E|CS|TAMS 0x00000000c5500000| PB 0x00000000c5500000| Complete |  0

Card table byte_map: [0x0000025f3c390000,0x0000025f3c590000] _byte_map_base: 0x0000025f3bd85000

Marking Bits: (CMBitMap*) 0x0000025f24e75f00
 Bits: [0x0000025f3c590000, 0x0000025f3d538000)

Polling page: 0x0000025f24600000

Metaspace:

Usage:
  Non-class:     38.69 MB used.
      Class:      5.67 MB used.
       Both:     44.35 MB used.

Virtual space:
  Non-class space:       64.00 MB reserved,      39.00 MB ( 61%) committed,  1 nodes.
      Class space:        1.00 GB reserved,       5.94 MB ( <1%) committed,  1 nodes.
             Both:        1.06 GB reserved,      44.94 MB (  4%) committed. 

Chunk freelists:
   Non-Class:  9.00 MB
       Class:  10.03 MB
        Both:  19.03 MB

MaxMetaspaceSize: unlimited
CompressedClassSpaceSize: 1.00 GB
Initial GC threshold: 21.00 MB
Current GC threshold: 58.88 MB
CDS: on
 - commit_granule_bytes: 65536.
 - commit_granule_words: 8192.
 - virtual_space_node_default_size: 8388608.
 - enlarge_chunks_in_place: 1.
 - use_allocation_guard: 0.


Internal statistics:

num_allocs_failed_limit: 6.
num_arena_births: 722.
num_arena_deaths: 0.
num_vsnodes_births: 2.
num_vsnodes_deaths: 0.
num_space_committed: 719.
num_space_uncommitted: 0.
num_chunks_returned_to_freelist: 6.
num_chunks_taken_from_freelist: 2195.
num_chunk_merges: 6.
num_chunk_splits: 1552.
num_chunks_enlarged: 1153.
num_inconsistent_stats: 0.

CodeHeap 'non-profiled nmethods': size=120000Kb used=2144Kb max_used=2170Kb free=117855Kb
 bounds [0x0000025f34c60000, 0x0000025f34ed0000, 0x0000025f3c190000]
CodeHeap 'profiled nmethods': size=120000Kb used=9775Kb max_used=9898Kb free=110224Kb
 bounds [0x0000025f2d190000, 0x0000025f2db80000, 0x0000025f346c0000]
CodeHeap 'non-nmethods': size=5760Kb used=1637Kb max_used=1637Kb free=4122Kb
 bounds [0x0000025f346c0000, 0x0000025f34930000, 0x0000025f34c60000]
 total_blobs=5300 nmethods=4669 adapters=535
 compilation: enabled
              stopped_count=0, restarted_count=0
 full_count=0

Compilation events (20 events):
Event: 16.982 Thread 0x0000025f3f9d8a90 5012       1       java.nio.HeapByteBuffer::isReadOnly (2 bytes)
Event: 16.982 Thread 0x0000025f3f9d8a90 nmethod 5012 0x0000025f34cd3f10 code [0x0000025f34cd40a0, 0x0000025f34cd4168]
Event: 16.985 Thread 0x0000025f3f9d8a90 5013       2       jdk.internal.module.ServicesCatalog::findServices (17 bytes)
Event: 16.985 Thread 0x0000025f3f9d8a90 nmethod 5013 0x0000025f2d198010 code [0x0000025f2d1981c0, 0x0000025f2d198370]
Event: 16.986 Thread 0x0000025f3f9d8a90 5014       2       java.util.concurrent.ConcurrentHashMap::getOrDefault (16 bytes)
Event: 16.986 Thread 0x0000025f3f9d8a90 nmethod 5014 0x0000025f2d197b10 code [0x0000025f2d197ca0, 0x0000025f2d197de8]
Event: 16.997 Thread 0x0000025f3f9d8a90 5015       2       java.util.regex.Pattern$Slice::<init> (6 bytes)
Event: 16.998 Thread 0x0000025f3f9d8a90 nmethod 5015 0x0000025f2d572410 code [0x0000025f2d5725a0, 0x0000025f2d572768]
Event: 16.998 Thread 0x0000025f3f9d8a90 5016       2       java.util.regex.Pattern$TreeInfo::reset (21 bytes)
Event: 16.998 Thread 0x0000025f3f9d8a90 nmethod 5016 0x0000025f2d572090 code [0x0000025f2d572220, 0x0000025f2d572338]
Event: 16.998 Thread 0x0000025f3f9d8a90 5017       2       java.util.regex.Pattern$SliceNode::study (37 bytes)
Event: 16.999 Thread 0x0000025f3f9d8a90 nmethod 5017 0x0000025f2d571c90 code [0x0000025f2d571e40, 0x0000025f2d571fa8]
Event: 17.010 Thread 0x0000025f3f9d8a90 5018       2       java.util.regex.Pattern$Branch::match (66 bytes)
Event: 17.011 Thread 0x0000025f3f9d8a90 nmethod 5018 0x0000025f2d311d10 code [0x0000025f2d311ee0, 0x0000025f2d3121b0]
Event: 17.012 Thread 0x0000025f3f9d8a90 5019       2       java.util.regex.Pattern::newSlice (181 bytes)
Event: 17.015 Thread 0x0000025f3f9d8a90 nmethod 5019 0x0000025f2d2af990 code [0x0000025f2d2afc20, 0x0000025f2d2b0798]
Event: 17.020 Thread 0x0000025f3f9d8a90 5020       2       java.security.Provider::getService (142 bytes)
Event: 17.022 Thread 0x0000025f3f9d8a90 nmethod 5020 0x0000025f2d661490 code [0x0000025f2d6616a0, 0x0000025f2d661ba8]
Event: 17.023 Thread 0x0000025f3f9d8a90 5021       2       java.security.Provider$ServiceKey::matches (22 bytes)
Event: 17.023 Thread 0x0000025f3f9d8a90 nmethod 5021 0x0000025f2d660e90 code [0x0000025f2d661020, 0x0000025f2d661150]

GC Heap History (20 events):
Event: 10.480 GC heap before
{Heap before GC invocations=8 (full 0):
 garbage-first heap   total reserved 1026048K, committed 45056K, used 36475K [0x00000000c1600000, 0x0000000100000000)
  region size 1024K, 26 young (26624K), 2 survivors (2048K)
 Metaspace       used 22694K, committed 22976K, reserved 1114112K
  class space    used 2665K, committed 2816K, reserved 1048576K
}
Event: 10.486 GC heap after
{Heap after GC invocations=9 (full 0):
 garbage-first heap   total reserved 1026048K, committed 45056K, used 14577K [0x00000000c1600000, 0x0000000100000000)
  region size 1024K, 4 young (4096K), 4 survivors (4096K)
 Metaspace       used 22694K, committed 22976K, reserved 1114112K
  class space    used 2665K, committed 2816K, reserved 1048576K
}
Event: 11.058 GC heap before
{Heap before GC invocations=9 (full 0):
 garbage-first heap   total reserved 1026048K, committed 45056K, used 37105K [0x00000000c1600000, 0x0000000100000000)
  region size 1024K, 26 young (26624K), 4 survivors (4096K)
 Metaspace       used 23945K, committed 24256K, reserved 1114112K
  class space    used 2817K, committed 2944K, reserved 1048576K
}
Event: 11.065 GC heap after
{Heap after GC invocations=10 (full 0):
 garbage-first heap   total reserved 1026048K, committed 45056K, used 14768K [0x00000000c1600000, 0x0000000100000000)
  region size 1024K, 3 young (3072K), 3 survivors (3072K)
 Metaspace       used 23945K, committed 24256K, reserved 1114112K
  class space    used 2817K, committed 2944K, reserved 1048576K
}
Event: 11.796 GC heap before
{Heap before GC invocations=10 (full 0):
 garbage-first heap   total reserved 1026048K, committed 45056K, used 38320K [0x00000000c1600000, 0x0000000100000000)
  region size 1024K, 26 young (26624K), 3 survivors (3072K)
 Metaspace       used 25610K, committed 25984K, reserved 1114112K
  class space    used 3048K, committed 3200K, reserved 1048576K
}
Event: 11.802 GC heap after
{Heap after GC invocations=11 (full 0):
 garbage-first heap   total reserved 1026048K, committed 54272K, used 15384K [0x00000000c1600000, 0x0000000100000000)
  region size 1024K, 2 young (2048K), 2 survivors (2048K)
 Metaspace       used 25610K, committed 25984K, reserved 1114112K
  class space    used 3048K, committed 3200K, reserved 1048576K
}
Event: 12.566 GC heap before
{Heap before GC invocations=11 (full 0):
 garbage-first heap   total reserved 1026048K, committed 54272K, used 45080K [0x00000000c1600000, 0x0000000100000000)
  region size 1024K, 31 young (31744K), 2 survivors (2048K)
 Metaspace       used 27658K, committed 28160K, reserved 1114112K
  class space    used 3349K, committed 3584K, reserved 1048576K
}
Event: 12.572 GC heap after
{Heap after GC invocations=12 (full 0):
 garbage-first heap   total reserved 1026048K, committed 54272K, used 16622K [0x00000000c1600000, 0x0000000100000000)
  region size 1024K, 4 young (4096K), 4 survivors (4096K)
 Metaspace       used 27658K, committed 28160K, reserved 1114112K
  class space    used 3349K, committed 3584K, reserved 1048576K
}
Event: 13.223 GC heap before
{Heap before GC invocations=12 (full 0):
 garbage-first heap   total reserved 1026048K, committed 54272K, used 44270K [0x00000000c1600000, 0x0000000100000000)
  region size 1024K, 31 young (31744K), 4 survivors (4096K)
 Metaspace       used 30180K, committed 30656K, reserved 1114112K
  class space    used 3698K, committed 3904K, reserved 1048576K
}
Event: 13.234 GC heap after
{Heap after GC invocations=13 (full 0):
 garbage-first heap   total reserved 1026048K, committed 54272K, used 18502K [0x00000000c1600000, 0x0000000100000000)
  region size 1024K, 4 young (4096K), 4 survivors (4096K)
 Metaspace       used 30180K, committed 30656K, reserved 1114112K
  class space    used 3698K, committed 3904K, reserved 1048576K
}
Event: 13.801 GC heap before
{Heap before GC invocations=13 (full 0):
 garbage-first heap   total reserved 1026048K, committed 54272K, used 44102K [0x00000000c1600000, 0x0000000100000000)
  region size 1024K, 30 young (30720K), 4 survivors (4096K)
 Metaspace       used 32960K, committed 33472K, reserved 1114112K
  class space    used 4056K, committed 4288K, reserved 1048576K
}
Event: 13.809 GC heap after
{Heap after GC invocations=14 (full 0):
 garbage-first heap   total reserved 1026048K, committed 54272K, used 19616K [0x00000000c1600000, 0x0000000100000000)
  region size 1024K, 4 young (4096K), 4 survivors (4096K)
 Metaspace       used 32960K, committed 33472K, reserved 1114112K
  class space    used 4056K, committed 4288K, reserved 1048576K
}
Event: 14.338 GC heap before
{Heap before GC invocations=14 (full 0):
 garbage-first heap   total reserved 1026048K, committed 54272K, used 44192K [0x00000000c1600000, 0x0000000100000000)
  region size 1024K, 29 young (29696K), 4 survivors (4096K)
 Metaspace       used 35045K, committed 35648K, reserved 1114112K
  class space    used 4339K, committed 4608K, reserved 1048576K
}
Event: 14.345 GC heap after
{Heap after GC invocations=15 (full 0):
 garbage-first heap   total reserved 1026048K, committed 54272K, used 20923K [0x00000000c1600000, 0x0000000100000000)
  region size 1024K, 3 young (3072K), 3 survivors (3072K)
 Metaspace       used 35045K, committed 35648K, reserved 1114112K
  class space    used 4339K, committed 4608K, reserved 1048576K
}
Event: 14.406 GC heap before
{Heap before GC invocations=15 (full 0):
 garbage-first heap   total reserved 1026048K, committed 54272K, used 23995K [0x00000000c1600000, 0x0000000100000000)
  region size 1024K, 8 young (8192K), 3 survivors (3072K)
 Metaspace       used 35396K, committed 35968K, reserved 1114112K
  class space    used 4387K, committed 4672K, reserved 1048576K
}
Event: 14.411 GC heap after
{Heap after GC invocations=16 (full 0):
 garbage-first heap   total reserved 1026048K, committed 54272K, used 20767K [0x00000000c1600000, 0x0000000100000000)
  region size 1024K, 2 young (2048K), 2 survivors (2048K)
 Metaspace       used 35396K, committed 35968K, reserved 1114112K
  class space    used 4387K, committed 4672K, reserved 1048576K
}
Event: 14.838 GC heap before
{Heap before GC invocations=17 (full 0):
 garbage-first heap   total reserved 1026048K, committed 54272K, used 45343K [0x00000000c1600000, 0x0000000100000000)
  region size 1024K, 27 young (27648K), 2 survivors (2048K)
 Metaspace       used 37749K, committed 38336K, reserved 1114112K
  class space    used 4775K, committed 5056K, reserved 1048576K
}
Event: 14.842 GC heap after
{Heap after GC invocations=18 (full 0):
 garbage-first heap   total reserved 1026048K, committed 54272K, used 21032K [0x00000000c1600000, 0x0000000100000000)
  region size 1024K, 2 young (2048K), 2 survivors (2048K)
 Metaspace       used 37749K, committed 38336K, reserved 1114112K
  class space    used 4775K, committed 5056K, reserved 1048576K
}
Event: 15.747 GC heap before
{Heap before GC invocations=18 (full 0):
 garbage-first heap   total reserved 1026048K, committed 54272K, used 45608K [0x00000000c1600000, 0x0000000100000000)
  region size 1024K, 27 young (27648K), 2 survivors (2048K)
 Metaspace       used 40052K, committed 40640K, reserved 1114112K
  class space    used 5181K, committed 5440K, reserved 1048576K
}
Event: 15.760 GC heap after
{Heap after GC invocations=19 (full 0):
 garbage-first heap   total reserved 1026048K, committed 65536K, used 21379K [0x00000000c1600000, 0x0000000100000000)
  region size 1024K, 2 young (2048K), 2 survivors (2048K)
 Metaspace       used 40052K, committed 40640K, reserved 1114112K
  class space    used 5181K, committed 5440K, reserved 1048576K
}

Dll operation events (14 events):
Event: 0.053 Loaded shared library C:\Program Files\Java\jdk-22\bin\java.dll
Event: 0.278 Loaded shared library C:\Program Files\Java\jdk-22\bin\jsvml.dll
Event: 0.960 Loaded shared library C:\Program Files\Java\jdk-22\bin\zip.dll
Event: 0.993 Loaded shared library C:\Program Files\Java\jdk-22\bin\instrument.dll
Event: 1.032 Loaded shared library C:\Program Files\Java\jdk-22\bin\net.dll
Event: 1.040 Loaded shared library C:\Program Files\Java\jdk-22\bin\nio.dll
Event: 1.058 Loaded shared library C:\Program Files\Java\jdk-22\bin\zip.dll
Event: 2.113 Loaded shared library C:\Program Files\Java\jdk-22\bin\jimage.dll
Event: 2.348 Loaded shared library C:\Program Files\Java\jdk-22\bin\verify.dll
Event: 4.226 Loaded shared library C:\Program Files\Java\jdk-22\bin\management.dll
Event: 4.243 Loaded shared library C:\Program Files\Java\jdk-22\bin\management_ext.dll
Event: 7.030 Loaded shared library C:\Program Files\Java\jdk-22\bin\le.dll
Event: 9.408 Loaded shared library C:\Program Files\Java\jdk-22\bin\sunmscapi.dll
Event: 16.661 Loaded shared library C:\Program Files\Java\jdk-22\bin\extnet.dll

Deoptimization events (20 events):
Event: 16.836 Thread 0x0000025f859effa0 Uncommon trap: trap_request=0xffffff45 fr.pc=0x0000025f34ca0920 relative=0x0000000000000540
Event: 16.836 Thread 0x0000025f859effa0 Uncommon trap: reason=unstable_if action=reinterpret pc=0x0000025f34ca0920 method=java.lang.AbstractStringBuilder.inflateIfNeededFor(Ljava/lang/String;)V @ 14 c2
Event: 16.836 Thread 0x0000025f859effa0 DEOPT PACKING pc=0x0000025f34ca0920 sp=0x000000a4216fc060
Event: 16.836 Thread 0x0000025f859effa0 DEOPT UNPACKING pc=0x0000025f347146a2 sp=0x000000a4216fbf30 mode 2
Event: 16.836 Thread 0x0000025f859effa0 Uncommon trap: trap_request=0xffffff45 fr.pc=0x0000025f34ced918 relative=0x0000000000000558
Event: 16.836 Thread 0x0000025f859effa0 Uncommon trap: reason=unstable_if action=reinterpret pc=0x0000025f34ced918 method=java.lang.AbstractStringBuilder.isLatin1()Z @ 10 c2
Event: 16.836 Thread 0x0000025f859effa0 DEOPT PACKING pc=0x0000025f34ced918 sp=0x000000a4216fc070
Event: 16.836 Thread 0x0000025f859effa0 DEOPT UNPACKING pc=0x0000025f347146a2 sp=0x000000a4216fbf98 mode 2
Event: 16.836 Thread 0x0000025f859effa0 Uncommon trap: trap_request=0xffffff45 fr.pc=0x0000025f34c9d398 relative=0x0000000000000538
Event: 16.836 Thread 0x0000025f859effa0 Uncommon trap: reason=unstable_if action=reinterpret pc=0x0000025f34c9d398 method=java.lang.AbstractStringBuilder.inflateIfNeededFor(Ljava/lang/String;)V @ 14 c2
Event: 16.836 Thread 0x0000025f859effa0 DEOPT PACKING pc=0x0000025f34c9d398 sp=0x000000a4216fc000
Event: 16.836 Thread 0x0000025f859effa0 DEOPT UNPACKING pc=0x0000025f347146a2 sp=0x000000a4216fbf28 mode 2
Event: 16.980 Thread 0x0000025f859effa0 Uncommon trap: trap_request=0xffffffcc fr.pc=0x0000025f34cb74a0 relative=0x0000000000000360
Event: 16.980 Thread 0x0000025f859effa0 Uncommon trap: reason=intrinsic_or_type_checked_inlining action=make_not_entrant pc=0x0000025f34cb74a0 method=java.util.Arrays.copyOf([Ljava/lang/Object;ILjava/lang/Class;)[Ljava/lang/Object; @ 35 c2
Event: 16.980 Thread 0x0000025f859effa0 DEOPT PACKING pc=0x0000025f34cb74a0 sp=0x000000a4216f9950
Event: 16.980 Thread 0x0000025f859effa0 DEOPT UNPACKING pc=0x0000025f347146a2 sp=0x000000a4216f98f0 mode 2
Event: 16.989 Thread 0x0000025f859effa0 Uncommon trap: trap_request=0xffffff45 fr.pc=0x0000025f34db1dd8 relative=0x00000000000000b8
Event: 16.989 Thread 0x0000025f859effa0 Uncommon trap: reason=unstable_if action=reinterpret pc=0x0000025f34db1dd8 method=sun.net.util.IPAddressUtil.scan(Ljava/lang/String;JJ[C)I @ 14 c2
Event: 16.989 Thread 0x0000025f859effa0 DEOPT PACKING pc=0x0000025f34db1dd8 sp=0x000000a4216f94b0
Event: 16.989 Thread 0x0000025f859effa0 DEOPT UNPACKING pc=0x0000025f347146a2 sp=0x000000a4216f9348 mode 2

Classes loaded (20 events):
Event: 17.029 Loading class sun/security/ssl/CipherSuite$MacAlg
Event: 17.029 Loading class sun/security/ssl/CipherSuite$MacAlg done
Event: 17.030 Loading class sun/security/ssl/CipherSuite$KeyExchange
Event: 17.031 Loading class sun/security/ssl/CipherSuite$KeyExchange done
Event: 17.031 Loading class sun/security/ssl/NamedGroup$NamedGroupSpec
Event: 17.031 Loading class sun/security/ssl/NamedGroup$NamedGroupScheme
Event: 17.031 Loading class sun/security/ssl/NamedGroup$NamedGroupScheme done
Event: 17.032 Loading class sun/security/ssl/NamedGroup$NamedGroupSpec done
Event: 17.032 Loading class sun/security/ssl/NamedGroup$ECDHEScheme
Event: 17.032 Loading class sun/security/ssl/NamedGroup$ECDHEScheme done
Event: 17.032 Loading class sun/security/ssl/NamedGroup
Event: 17.033 Loading class sun/security/ssl/NamedGroup done
Event: 17.034 Loading class sun/security/ssl/NamedGroup$FFDHEScheme
Event: 17.034 Loading class sun/security/ssl/NamedGroup$FFDHEScheme done
Event: 17.034 Loading class sun/security/ssl/NamedGroup$XDHScheme
Event: 17.034 Loading class sun/security/ssl/NamedGroup$XDHScheme done
Event: 17.035 Loading class sun/security/ssl/JsseJce
Event: 17.035 Loading class sun/security/ssl/JsseJce done
Event: 17.035 Loading class sun/security/ssl/Utilities
Event: 17.036 Loading class sun/security/ssl/Utilities done

Classes unloaded (0 events):
No events

Classes redefined (0 events):
No events

Internal exceptions (20 events):
Event: 13.234 Thread 0x0000025f859effa0 Exception <a 'java/lang/NoSuchMethodError'{0x00000000c2f21c90}: 'void java.lang.invoke.DirectMethodHandle$Holder.invokeInterface(java.lang.Object, java.lang.Object, int)'> (0x00000000c2f21c90) 
thrown [s\open\src\hotspot\share\interpreter\linkResolver.cpp, line 774]
Event: 13.242 Thread 0x0000025f859effa0 Exception <a 'java/lang/IncompatibleClassChangeError'{0x00000000c5542de0}: Found class java.lang.Object, but interface was expected> (0x00000000c5542de0) 
thrown [s\open\src\hotspot\share\interpreter\linkResolver.cpp, line 841]
Event: 13.243 Thread 0x0000025f859effa0 Exception <a 'java/lang/NoSuchMethodError'{0x00000000c5551370}: 'int java.lang.invoke.DirectMethodHandle$Holder.invokeSpecialIFC(java.lang.Object, java.lang.Object, java.lang.Object)'> (0x00000000c5551370) 
thrown [s\open\src\hotspot\share\interpreter\linkResolver.cpp, line 774]
Event: 13.245 Thread 0x0000025f859effa0 Exception <a 'java/lang/NoSuchMethodError'{0x00000000c5566818}: 'void java.lang.invoke.DirectMethodHandle$Holder.invokeStatic(java.lang.Object, int, java.lang.Object)'> (0x00000000c5566818) 
thrown [s\open\src\hotspot\share\interpreter\linkResolver.cpp, line 774]
Event: 13.254 Thread 0x0000025f859effa0 Exception <a 'java/lang/NoSuchMethodError'{0x00000000c55a2468}: 'void java.lang.invoke.DirectMethodHandle$Holder.invokeStatic(java.lang.Object, java.lang.Object, java.lang.Object, int, java.lang.Object)'> (0x00000000c55a2468) 
thrown [s\open\src\hotspot\share\interpreter\linkResolver.cpp, line 774]
Event: 13.255 Thread 0x0000025f859effa0 Exception <a 'java/lang/NoSuchMethodError'{0x00000000c55a8de8}: 'java.lang.Object java.lang.invoke.DirectMethodHandle$Holder.newInvokeSpecial(java.lang.Object, java.lang.Object, java.lang.Object, int)'> (0x00000000c55a8de8) 
thrown [s\open\src\hotspot\share\interpreter\linkResolver.cpp, line 774]
Event: 13.255 Thread 0x0000025f859effa0 Exception <a 'java/lang/NoSuchMethodError'{0x00000000c55acd28}: 'java.lang.Object java.lang.invoke.DirectMethodHandle$Holder.invokeSpecial(java.lang.Object, java.lang.Object, java.lang.Object, java.lang.Object, int)'> (0x00000000c55acd28) 
thrown [s\open\src\hotspot\share\interpreter\linkResolver.cpp, line 774]
Event: 13.255 Thread 0x0000025f859effa0 Exception <a 'java/lang/NoSuchMethodError'{0x00000000c55b01c0}: 'java.lang.Object java.lang.invoke.Invokers$Holder.linkToTargetMethod(java.lang.Object, java.lang.Object, int, java.lang.Object)'> (0x00000000c55b01c0) 
thrown [s\open\src\hotspot\share\interpreter\linkResolver.cpp, line 774]
Event: 13.394 Thread 0x0000025f859effa0 Exception <a 'java/lang/NoSuchMethodError'{0x00000000c44670e8}: 'java.lang.Object java.lang.invoke.DirectMethodHandle$Holder.invokeStaticInit(java.lang.Object, int, int, int, int)'> (0x00000000c44670e8) 
thrown [s\open\src\hotspot\share\interpreter\linkResolver.cpp, line 774]
Event: 13.431 Thread 0x0000025f859effa0 Exception <a 'java/lang/NoSuchMethodError'{0x00000000c44f1de8}: 'java.lang.Object java.lang.invoke.DirectMethodHandle$Holder.invokeStaticInit(java.lang.Object, java.lang.Object, int, int, int, int)'> (0x00000000c44f1de8) 
thrown [s\open\src\hotspot\share\interpreter\linkResolver.cpp, line 774]
Event: 13.723 Thread 0x0000025f859effa0 Exception <a 'java/lang/NoSuchMethodError'{0x00000000c342bf80}: 'int java.lang.invoke.DirectMethodHandle$Holder.invokeVirtual(java.lang.Object, java.lang.Object, java.lang.Object, java.lang.Object)'> (0x00000000c342bf80) 
thrown [s\open\src\hotspot\share\interpreter\linkResolver.cpp, line 774]
Event: 13.724 Thread 0x0000025f859effa0 Exception <a 'java/lang/NoSuchMethodError'{0x00000000c342f840}: 'int java.lang.invoke.DelegatingMethodHandle$Holder.reinvoke_L(java.lang.Object, java.lang.Object, java.lang.Object, java.lang.Object)'> (0x00000000c342f840) 
thrown [s\open\src\hotspot\share\interpreter\linkResolver.cpp, line 774]
Event: 13.831 Thread 0x0000025f859effa0 Exception <a 'java/io/FileNotFoundException'{0x00000000c55cd9c8}> (0x00000000c55cd9c8) 
thrown [s\open\src\hotspot\share\prims\jni.cpp, line 520]
Event: 13.871 Thread 0x0000025f859effa0 Exception <a 'java/lang/NoSuchMethodError'{0x00000000c4e98be0}: 'int java.lang.invoke.DirectMethodHandle$Holder.invokeInterface(java.lang.Object, java.lang.Object, java.lang.Object, java.lang.Object)'> (0x00000000c4e98be0) 
thrown [s\open\src\hotspot\share\interpreter\linkResolver.cpp, line 774]
Event: 13.971 Thread 0x0000025f859effa0 Exception <a 'java/lang/NoSuchMethodError'{0x00000000c44cbaa8}: 'long java.lang.invoke.DirectMethodHandle$Holder.invokeVirtual(java.lang.Object, java.lang.Object)'> (0x00000000c44cbaa8) 
thrown [s\open\src\hotspot\share\interpreter\linkResolver.cpp, line 774]
Event: 13.980 Thread 0x0000025f859effa0 Exception <a 'java/io/FileNotFoundException'{0x00000000c433d158}> (0x00000000c433d158) 
thrown [s\open\src\hotspot\share\prims\jni.cpp, line 520]
Event: 14.155 Thread 0x0000025f859effa0 Exception <a 'java/lang/NoSuchMethodError'{0x00000000c3c2f8d0}: 'java.lang.Object java.lang.invoke.DirectMethodHandle$Holder.newInvokeSpecial(java.lang.Object, java.lang.Object, java.lang.Object, java.lang.Object, java.lang.Object, java.lang.Object, java.lang.Object, java.lang.Object, java.lang.Object, java.lang.Object, java.lang.Object)'> (0x00000000c3c2f8d0) 
thrown [s\open\src\hotspot\share\interpreter\linkResolver.cpp, line 774]
Event: 14.309 Thread 0x0000025f859effa0 Exception <a 'java/lang/NoSuchMethodError'{0x00000000c348f400}: 'void java.lang.invoke.DelegatingMethodHandle$Holder.reinvoke_L(java.lang.Object, java.lang.Object, java.lang.Object, java.lang.Object, int, java.lang.Object, java.lang.Object, java.lang.Object)'> (0x00000000c348f400) 
thrown [s\open\src\hotspot\share\interpreter\linkResolver.cpp, line 774]
Event: 16.161 Thread 0x0000025f859effa0 Exception <a 'java/lang/NoSuchMethodError'{0x00000000c4d93140}: 'int java.lang.invoke.DirectMethodHandle$Holder.invokeStatic(java.lang.Object)'> (0x00000000c4d93140) 
thrown [s\open\src\hotspot\share\interpreter\linkResolver.cpp, line 774]
Event: 16.967 Thread 0x0000025f859effa0 Exception <a 'sun/nio/fs/WindowsException'{0x00000000c363b858}> (0x00000000c363b858) 
thrown [s\open\src\hotspot\share\prims\jni.cpp, line 520]

ZGC Phase Switch (0 events):
No events

VM Operations (20 events):
Event: 14.338 Executing VM operation: G1CollectForAllocation (G1 Evacuation Pause)
Event: 14.345 Executing VM operation: G1CollectForAllocation (G1 Evacuation Pause) done
Event: 14.406 Executing VM operation: CollectForMetadataAllocation (Metadata GC Threshold)
Event: 14.411 Executing VM operation: CollectForMetadataAllocation (Metadata GC Threshold) done
Event: 14.448 Executing VM operation: HandshakeAllThreads (Deoptimize)
Event: 14.449 Executing VM operation: HandshakeAllThreads (Deoptimize) done
Event: 14.464 Executing VM operation: G1PauseRemark
Event: 14.468 Executing VM operation: G1PauseRemark done
Event: 14.486 Executing VM operation: G1PauseCleanup
Event: 14.486 Executing VM operation: G1PauseCleanup done
Event: 14.838 Executing VM operation: G1CollectForAllocation (G1 Evacuation Pause)
Event: 14.842 Executing VM operation: G1CollectForAllocation (G1 Evacuation Pause) done
Event: 15.747 Executing VM operation: G1CollectForAllocation (G1 Evacuation Pause)
Event: 15.760 Executing VM operation: G1CollectForAllocation (G1 Evacuation Pause) done
Event: 16.762 Executing VM operation: Cleanup
Event: 16.762 Executing VM operation: Cleanup done
Event: 16.972 Executing VM operation: HandshakeAllThreads (Deoptimize)
Event: 16.972 Executing VM operation: HandshakeAllThreads (Deoptimize) done
Event: 16.988 Executing VM operation: HandshakeAllThreads (Deoptimize)
Event: 16.988 Executing VM operation: HandshakeAllThreads (Deoptimize) done

Memory protections (0 events):
No events

Nmethod flushes (20 events):
Event: 14.468 Thread 0x0000025f24efebd0 flushing  nmethod 0x0000025f2d524d10
Event: 14.468 Thread 0x0000025f24efebd0 flushing  nmethod 0x0000025f2d54b190
Event: 14.468 Thread 0x0000025f24efebd0 flushing  nmethod 0x0000025f2d573090
Event: 14.468 Thread 0x0000025f24efebd0 flushing  nmethod 0x0000025f2d573590
Event: 14.468 Thread 0x0000025f24efebd0 flushing  nmethod 0x0000025f2d576b90
Event: 14.468 Thread 0x0000025f24efebd0 flushing  nmethod 0x0000025f2d577290
Event: 14.468 Thread 0x0000025f24efebd0 flushing  nmethod 0x0000025f2d579d10
Event: 14.468 Thread 0x0000025f24efebd0 flushing  nmethod 0x0000025f2d57a310
Event: 14.468 Thread 0x0000025f24efebd0 flushing  nmethod 0x0000025f2d57ad90
Event: 14.468 Thread 0x0000025f24efebd0 flushing  nmethod 0x0000025f2d57b710
Event: 14.468 Thread 0x0000025f24efebd0 flushing  nmethod 0x0000025f2d57bf10
Event: 14.468 Thread 0x0000025f24efebd0 flushing  nmethod 0x0000025f2d57c490
Event: 14.468 Thread 0x0000025f24efebd0 flushing  nmethod 0x0000025f2d57c890
Event: 14.468 Thread 0x0000025f24efebd0 flushing  nmethod 0x0000025f2d57cc10
Event: 14.468 Thread 0x0000025f24efebd0 flushing  nmethod 0x0000025f2d57d190
Event: 14.468 Thread 0x0000025f24efebd0 flushing  nmethod 0x0000025f2d590890
Event: 14.468 Thread 0x0000025f24efebd0 flushing  nmethod 0x0000025f2d592790
Event: 14.468 Thread 0x0000025f24efebd0 flushing  nmethod 0x0000025f2d593190
Event: 14.468 Thread 0x0000025f24efebd0 flushing  nmethod 0x0000025f2d593810
Event: 14.468 Thread 0x0000025f24efebd0 flushing  nmethod 0x0000025f2d593c90

Events (20 events):
Event: 0.259 Thread 0x0000025f22c3a510 Thread added: 0x0000025f3f9b1be0
Event: 0.260 Thread 0x0000025f22c3a510 Thread added: 0x0000025f3f9b86a0
Event: 0.261 Thread 0x0000025f22c3a510 Thread added: 0x0000025f3f9bc4d0
Event: 0.262 Thread 0x0000025f22c3a510 Thread added: 0x0000025f3f9bfc30
Event: 0.264 Thread 0x0000025f22c3a510 Thread added: 0x0000025f3f9d8a90
Event: 0.631 Thread 0x0000025f22c3a510 Thread added: 0x0000025f3f98c6f0
Event: 0.800 Thread 0x0000025f22c3a510 Thread added: 0x0000025f3fcaf760
Event: 0.802 Thread 0x0000025f22c3a510 Thread added: 0x0000025f3fcb3450
Event: 0.803 Thread 0x0000025f3fcaf760 Thread added: 0x0000025f3fcb3ae0
Event: 2.318 Thread 0x0000025f22c3a510 Thread added: 0x0000025f3fe87e30
Event: 4.556 Thread 0x0000025f22c3a510 Thread added: 0x0000025f859ef930
Event: 4.582 Thread 0x0000025f859ef930 Thread added: 0x0000025f859effa0
Event: 6.869 Thread 0x0000025f859effa0 Thread added: 0x0000025f86293f80
Event: 9.455 Thread 0x0000025f86293f80 Thread exited: 0x0000025f86293f80
Event: 9.630 Thread 0x0000025f859effa0 Thread added: 0x0000025f86b59fc0
Event: 9.938 Thread 0x0000025f86b59fc0 Thread exited: 0x0000025f86b59fc0
Event: 13.996 Thread 0x0000025f859effa0 Thread added: 0x0000025f88c1a080
Event: 13.998 Thread 0x0000025f88c1a080 Thread added: 0x0000025f87f304b0
Event: 14.009 Thread 0x0000025f859effa0 Thread added: 0x0000025f881d7fd0
Event: 14.075 Thread 0x0000025f859effa0 Thread added: 0x0000025f886d3c60


Dynamic libraries:
0x00007ff652020000 - 0x00007ff652030000 	C:\Program Files\Java\jdk-22\bin\javaw.exe
0x00007ffb58cf0000 - 0x00007ffb58ee8000 	C:\Windows\SYSTEM32\ntdll.dll
0x00007ffb57d40000 - 0x00007ffb57e01000 	C:\Windows\System32\KERNEL32.DLL
0x00007ffb56480000 - 0x00007ffb56776000 	C:\Windows\System32\KERNELBASE.dll
0x00007ffb56b80000 - 0x00007ffb56c80000 	C:\Windows\System32\ucrtbase.dll
0x00007ffb52910000 - 0x00007ffb5292b000 	C:\Program Files\Java\jdk-22\bin\VCRUNTIME140.dll
0x00007ffb4ecb0000 - 0x00007ffb4ecc7000 	C:\Program Files\Java\jdk-22\bin\jli.dll
0x00007ffb57f30000 - 0x00007ffb580cf000 	C:\Windows\System32\USER32.dll
0x00007ffb56980000 - 0x00007ffb569a2000 	C:\Windows\System32\win32u.dll
0x00007ffb46150000 - 0x00007ffb463ea000 	C:\Windows\WinSxS\amd64_microsoft.windows.common-controls_6595b64144ccf1df_6.0.19041.4355_none_60b8b9eb71f62e16\COMCTL32.dll
0x00007ffb56fa0000 - 0x00007ffb5703e000 	C:\Windows\System32\msvcrt.dll
0x00007ffb575f0000 - 0x00007ffb5761b000 	C:\Windows\System32\GDI32.dll
0x00007ffb56a60000 - 0x00007ffb56b77000 	C:\Windows\System32\gdi32full.dll
0x00007ffb56c80000 - 0x00007ffb56d1d000 	C:\Windows\System32\msvcp_win.dll
0x00007ffb57450000 - 0x00007ffb5747f000 	C:\Windows\System32\IMM32.DLL
0x00007ffb53070000 - 0x00007ffb5307c000 	C:\Program Files\Java\jdk-22\bin\vcruntime140_1.dll
0x00007ffb3d4c0000 - 0x00007ffb3d54e000 	C:\Program Files\Java\jdk-22\bin\msvcp140.dll
0x00007ffb0db90000 - 0x00007ffb0e8d9000 	C:\Program Files\Java\jdk-22\bin\server\jvm.dll
0x00007ffb576b0000 - 0x00007ffb57760000 	C:\Windows\System32\ADVAPI32.dll
0x00007ffb56d20000 - 0x00007ffb56dc0000 	C:\Windows\System32\sechost.dll
0x00007ffb572a0000 - 0x00007ffb573c3000 	C:\Windows\System32\RPCRT4.dll
0x00007ffb56780000 - 0x00007ffb567a7000 	C:\Windows\System32\bcrypt.dll
0x00007ffb573d0000 - 0x00007ffb5743b000 	C:\Windows\System32\WS2_32.dll
0x00007ffb55920000 - 0x00007ffb5596b000 	C:\Windows\SYSTEM32\POWRPROF.dll
0x00007ffb4a810000 - 0x00007ffb4a837000 	C:\Windows\SYSTEM32\WINMM.dll
0x00007ffb4a840000 - 0x00007ffb4a84a000 	C:\Windows\SYSTEM32\VERSION.dll
0x00007ffb55790000 - 0x00007ffb557a2000 	C:\Windows\SYSTEM32\UMPDC.dll
0x00007ffb54c00000 - 0x00007ffb54c12000 	C:\Windows\SYSTEM32\kernel.appcore.dll
0x00007ffb528f0000 - 0x00007ffb528fa000 	C:\Program Files\Java\jdk-22\bin\jimage.dll
0x00007ffb3fd70000 - 0x00007ffb3ff54000 	C:\Windows\SYSTEM32\DBGHELP.DLL
0x00007ffb402b0000 - 0x00007ffb402e4000 	C:\Windows\SYSTEM32\dbgcore.DLL
0x00007ffb563f0000 - 0x00007ffb56472000 	C:\Windows\System32\bcryptPrimitives.dll
0x00007ffb4ca00000 - 0x00007ffb4ca3c000 	C:\Program Files\Java\jdk-22\bin\jdwp.dll
0x00007ffb4eca0000 - 0x00007ffb4ecaf000 	C:\Program Files\Java\jdk-22\bin\instrument.dll
0x00007ffb4daa0000 - 0x00007ffb4dabe000 	C:\Program Files\Java\jdk-22\bin\java.dll
0x00007ffb580d0000 - 0x00007ffb5883c000 	C:\Windows\System32\SHELL32.dll
0x00007ffb570a0000 - 0x00007ffb571cb000 	C:\Windows\System32\ole32.dll
0x00007ffb588f0000 - 0x00007ffb58c43000 	C:\Windows\System32\combase.dll
0x00007ffb54350000 - 0x00007ffb54aee000 	C:\Windows\SYSTEM32\windows.storage.dll
0x00007ffb55dc0000 - 0x00007ffb55dee000 	C:\Windows\SYSTEM32\Wldp.dll
0x00007ffb571d0000 - 0x00007ffb5729d000 	C:\Windows\System32\OLEAUT32.dll
0x00007ffb58840000 - 0x00007ffb588ed000 	C:\Windows\System32\SHCORE.dll
0x00007ffb58c50000 - 0x00007ffb58ca5000 	C:\Windows\System32\shlwapi.dll
0x00007ffb562d0000 - 0x00007ffb562f4000 	C:\Windows\SYSTEM32\profapi.dll
0x00007ffb2e930000 - 0x00007ffb2ea07000 	C:\Program Files\Java\jdk-22\bin\jsvml.dll
0x00007ffb4da70000 - 0x00007ffb4da7c000 	C:\Program Files\Java\jdk-22\bin\dt_socket.dll
0x00007ffb557b0000 - 0x00007ffb557eb000 	C:\Windows\SYSTEM32\IPHLPAPI.DLL
0x00007ffb55b20000 - 0x00007ffb55b8a000 	C:\Windows\system32\mswsock.dll
0x00007ffb55800000 - 0x00007ffb558ca000 	C:\Windows\SYSTEM32\DNSAPI.dll
0x00007ffb575e0000 - 0x00007ffb575e8000 	C:\Windows\System32\NSI.dll
0x00007ffb474e0000 - 0x00007ffb474ea000 	C:\Windows\System32\rasadhlp.dll
0x00007ffb47450000 - 0x00007ffb474d0000 	C:\Windows\System32\fwpuclnt.dll
0x00007ffb4cad0000 - 0x00007ffb4cae7000 	C:\Program Files\Java\jdk-22\bin\zip.dll
0x00007ffb4d1f0000 - 0x00007ffb4d200000 	C:\Program Files\Java\jdk-22\bin\net.dll
0x00007ffb43940000 - 0x00007ffb43956000 	C:\Program Files\Java\jdk-22\bin\nio.dll
0x00007ffb4c940000 - 0x00007ffb4c950000 	C:\Program Files\Java\jdk-22\bin\verify.dll
0x00007ffb4c0b0000 - 0x00007ffb4c0ba000 	C:\Program Files\Java\jdk-22\bin\management.dll
0x00007ffb4bd60000 - 0x00007ffb4bd6b000 	C:\Program Files\Java\jdk-22\bin\management_ext.dll
0x00007ffb57440000 - 0x00007ffb57448000 	C:\Windows\System32\PSAPI.DLL
0x00007ffb4bbf0000 - 0x00007ffb4bbfb000 	C:\Program Files\Java\jdk-22\bin\le.dll
0x00007ffb4b540000 - 0x00007ffb4b54e000 	C:\Program Files\Java\jdk-22\bin\sunmscapi.dll
0x00007ffb567b0000 - 0x00007ffb5690e000 	C:\Windows\System32\CRYPT32.dll
0x00007ffb55e30000 - 0x00007ffb55e59000 	C:\Windows\SYSTEM32\ncrypt.dll
0x00007ffb55df0000 - 0x00007ffb55e2b000 	C:\Windows\SYSTEM32\NTASN1.dll
0x00007ffb55d20000 - 0x00007ffb55d38000 	C:\Windows\SYSTEM32\CRYPTSP.dll
0x00007ffb553d0000 - 0x00007ffb55404000 	C:\Windows\system32\rsaenh.dll
0x00007ffb56240000 - 0x00007ffb5626e000 	C:\Windows\SYSTEM32\USERENV.dll
0x00007ffb55d10000 - 0x00007ffb55d1c000 	C:\Windows\SYSTEM32\CRYPTBASE.dll
0x00007ffb4aa10000 - 0x00007ffb4aa19000 	C:\Program Files\Java\jdk-22\bin\extnet.dll

dbghelp: loaded successfully - version: 4.0.5 - missing functions: none
symbol engine: initialized successfully - sym options: 0x614 - pdb path: .;C:\Program Files\Java\jdk-22\bin;C:\Windows\SYSTEM32;C:\Windows\WinSxS\amd64_microsoft.windows.common-controls_6595b64144ccf1df_6.0.19041.4355_none_60b8b9eb71f62e16;C:\Program Files\Java\jdk-22\bin\server

VM Arguments:
jvm_args: -XX:+ShowCodeDetailsInExceptionMessages -agentlib:jdwp=transport=dt_socket,suspend=y,address=localhost:54717 -javaagent:E:\CDAC\Java\eclipse-jee-2024-06-R-win32-x86_64\eclipse\configuration\org.eclipse.osgi\448\0\.cp\lib\javaagent-shaded.jar -Dfile.encoding=UTF-8 -Dstdout.encoding=UTF-8 -Dstderr.encoding=UTF-8 
java_command: com.app.Manager2Application
java_class_path (initial): E:\CDAC\Project\FinanceProject2\BackEnd\manager2\target\classes;C:\Users\GURU\.m2\repository\org\springframework\boot\spring-boot-starter-data-jpa\3.3.2\spring-boot-starter-data-jpa-3.3.2.jar;C:\Users\GURU\.m2\repository\org\springframework\boot\spring-boot-starter-aop\3.3.2\spring-boot-starter-aop-3.3.2.jar;C:\Users\GURU\.m2\repository\org\aspectj\aspectjweaver\1.9.22.1\aspectjweaver-1.9.22.1.jar;C:\Users\GURU\.m2\repository\org\hibernate\orm\hibernate-core\6.5.2.Final\hibernate-core-6.5.2.Final.jar;C:\Users\GURU\.m2\repository\jakarta\persistence\jakarta.persistence-api\3.1.0\jakarta.persistence-api-3.1.0.jar;C:\Users\GURU\.m2\repository\jakarta\transaction\jakarta.transaction-api\2.0.1\jakarta.transaction-api-2.0.1.jar;C:\Users\GURU\.m2\repository\org\jboss\logging\jboss-logging\3.5.3.Final\jboss-logging-3.5.3.Final.jar;C:\Users\GURU\.m2\repository\org\hibernate\common\hibernate-commons-annotations\6.0.6.Final\hibernate-commons-annotations-6.0.6.Final.jar;C:\Users\GURU\.m2\repository\io\smallrye\jandex\3.1.2\jandex-3.1.2.jar;C:\Users\GURU\.m2\repository\com\fasterxml\classmate\1.7.0\classmate-1.7.0.jar;C:\Users\GURU\.m2\repository\net\bytebuddy\byte-buddy\1.14.18\byte-buddy-1.14.18.jar;C:\Users\GURU\.m2\repository\org\glassfish\jaxb\jaxb-runtime\4.0.5\jaxb-runtime-4.0.5.jar;C:\Users\GURU\.m2\repository\org\glassfish\jaxb\jaxb-core\4.0.5\jaxb-core-4.0.5.jar;C:\Users\GURU\.m2\repository\org\glassfish\jaxb\txw2\4.0.5\txw2-4.0.5.jar;C:\Users\GURU\.m2\repository\com\sun\istack\istack-commons-runtime\4.1.2\istack-commons-runtime-4.1.2.jar;C:\Users\GURU\.m2\repository\jakarta\inject\jakarta.inject-api\2.0.1\jakarta.inject-api-2.0.1.jar;C:\Users\GURU\.m2\repository\org\antlr\antlr4-runtime\4.13.0\antlr4-runtime-4.13.0.jar;C:\Users\GURU\.m2\repository\org\springframework\data\spring-data-jpa\3.3.2\spring-data-jpa-3.3.2.jar;C:\Users\GURU\.m2\repository\org\springframework\data\spring-data-commons\3.3.2\spring-data-commons-3.3.2.jar;C:\Users\GURU\.m2\repository\org\springframework\spring-orm\6.1.11\spring-orm-6.1.11.jar;C:\Users\GURU\.m2\repository\org\springframework\spring-context\6.1.11\spring-context-6.1.11.jar;C:\Users\GURU\.m2\repository\org\springframework\spring-tx\6.1.11\spring-tx-6.1.11.jar;C:\Users\GURU\.m2\repository\org\springframework\spring-beans\6.1.11\spring-beans-6.1.11.jar;C:\Users\GURU\.m2\repository\org\springframework\spring-aspects\6.1.11\spring-aspects-6.1.11.jar;C:\Users\GURU\.m2\repository\org\springframework\boot\spring-boot-starter-data-rest\3.3.2\spring-boot-starter-data-rest-3.3.2.jar;C:\Users\GURU\.m2\repository\org\springframework\data\spring-data-rest-webmvc\4.3.2\spring-data-rest-webmvc-4.3.2.jar;C:\Users\GURU\.m2\repository\org\springframework\data\spring-data-rest-core\4.3.2\spring-data-rest-core-4.3.2.jar;C:\Users\GURU\.m2\repository\org\springframework\hateoas\spring-hateoas\2.3.1\spring-hateoas-2.3.1.jar;C:\Users\GURU\.m2\repository\org\springframework\plugin\spring-plugin-core\3.0.0\spring-plugin-core-3.0.0.jar;C:\Users\GURU\.m2\repository\org\atteo\evo-inflector\1.3\evo-inflector-1.3.jar;C:\Users\GURU\.m2\repository\com\fasterxml\jackson\core\jackson-databind\2.17.2\jackson-databind-2.17.2.jar;C:\Users\GURU\.m2\repository\com\fasterxml\jackson\core\jackson-core\2.17.2\jackson-core-2.17.2.jar;C:\Users\GURU\.m2\repository\com\fasterxml\jackson\core\jackson-annotations\2.17.2\jackson-annotations-2.17.2.jar;C:\Users\GURU\.m2\repository\org\springframework\boot\spring-boot-starter-jdbc\3.3.2\spring-boot-starter-jdbc-3.3.2.jar;C:\Users\GURU\.m2\repository\org\springframework\boot\spring-boot-starter\3.3.2\spring-boot-starter-3.3.2.jar;C:\Users\GURU\.m2\repository\org\springframework\boot\spring-boot-starter-logging\3.3.2\spring-boot-starter-logging-3.3.2.jar;C:\Users\GURU\.m2\repository\ch\qos\logback\logback-classic\1.5.6\logback-classic-1.5.6.jar;C:\Users\GURU\.m2\repository\ch\qos\logback\logback-core\1.5.6\logback-core-1.5.6.jar;C:\Users\GURU\.m2\repository\org\apache\logging\log4j\log4j-to-slf4j\2.23.1\log4j-to-slf4j-2.23.1.jar;C:\Users\GURU\.m2\repository\org\apache\logging\log4j\log4j-api\2.23.1\log4j-api-2.23.1.jar;C:\Users\GURU\.m2\repository\org\slf4j\jul-to-slf4j\2.0.13\jul-to-slf4j-2.0.13.jar;C:\Users\GURU\.m2\repository\org\yaml\snakeyaml\2.2\snakeyaml-2.2.jar;C:\Users\GURU\.m2\repository\com\zaxxer\HikariCP\5.1.0\HikariCP-5.1.0.jar;C:\Users\GURU\.m2\repository\org\springframework\spring-jdbc\6.1.11\spring-jdbc-6.1.11.jar;C:\Users\GURU\.m2\repository\org\springframework\boot\spring-boot-starter-mail\3.3.2\spring-boot-starter-mail-3.3.2.jar;C:\Users\GURU\.m2\repository\org\springframework\spring-context-support\6.1.11\spring-context-support-6.1.11.jar;C:\Users\GURU\.m2\repository\org\eclipse\angus\jakarta.mail\2.0.3\jakarta.mail-2.0.3.jar;C:\Users\GURU\.m2\repository\jakarta\activation\jakarta.activation-api\2.1.3\jakarta.activation-api-2.1.3.jar;C:\Users\GURU\.m2\repository\org\eclipse\angus\angus-activation\2.0.2\angus-activation-2.0.2.jar;C:\Users\GURU\.m2\repository\org\springframework\boot\spring-boot-starter-security\3.3.2\spring-boot-starter-security-3.3.2.jar;C:\Users\GURU\.m2\repository\org\springframework\spring-aop\6.1.11\spring-aop-6.1.11.jar;C:\Users\GURU\.m2\repository\org\springframework\security\spring-security-config\6.3.1\spring-security-config-6.3.1.jar;C:\Users\GURU\.m2\repository\org\springframework\security\spring-security-web\6.3.1\spring-security-web-6.3.1.jar;C:\Users\GURU\.m2\repository\org\springframework\spring-expression\6.1.11\spring-expression-6.1.11.jar;C:\Users\GURU\.m2\repository\org\springframework\boot\spring-boot-starter-web\3.3.2\spring-boot-starter-web-3.3.2.jar;C:\Users\GURU\.m2\repository\org\springframework\boot\spring-boot-starter-json\3.3.2\spring-boot-starter-json-3.3.2.jar;C:\Users\GURU\.m2\repository\com\fasterxml\jackson\datatype\jackson-datatype-jdk8\2.17.2\jackson-datatype-jdk8-2.17.2.jar;C:\Users\GURU\.m2\repository\com\fasterxml\jackson\datatype\jackson-datatype-jsr310\2.17.2\jackson-datatype-jsr310-2.17.2.jar;C:\Users\GURU\.m2\repository\com\fasterxml\jackson\module\jackson-module-parameter-names\2.17.2\jackson-module-parameter-names-2.17.2.jar;C:\Users\GURU\.m2\repository\org\springframework\spring-web\6.1.11\spring-web-6.1.11.jar;C:\Users\GURU\.m2\repository\io\micrometer\micrometer-observation\1.13.2\micrometer-observation-1.13.2.jar;C:\Users\GURU\.m2\repository\io\micrometer\micrometer-commons\1.13.2\micrometer-commons-1.13.2.jar;C:\Users\GURU\.m2\repository\org\springframework\spring-webmvc\6.1.11\spring-webmvc-6.1.11.jar;C:\Users\GURU\.m2\repository\org\springframework\data\spring-data-rest-hal-explorer\4.3.2\spring-data-rest-hal-explorer-4.3.2.jar;C:\Users\GURU\.m2\repository\org\slf4j\slf4j-api\2.0.13\slf4j-api-2.0.13.jar;C:\Users\GURU\.m2\repository\org\springframework\boot\spring-boot-devtools\3.3.2\spring-boot-devtools-3.3.2.jar;C:\Users\GURU\.m2\repository\org\springframework\boot\spring-boot\3.3.2\spring-boot-3.3.2.jar;C:\Users\GURU\.m2\repository\org\springframework\boot\spring-boot-autoconfigure\3.3.2\spring-boot-autoconfigure-3.3.2.jar;C:\Users\GURU\.m2\repository\com\mysql\mysql-connector-j\8.3.0\mysql-connector-j-8.3.0.jar;C:\Users\GURU\.m2\repository\org\springframework\boot\spring-boot-starter-tomcat\3.3.2\spring-boot-starter-tomcat-3.3.2.jar;C:\Users\GURU\.m2\repository\jakarta\annotation\jakarta.annotation-api\2.1.1\jakarta.annotation-api-2.1.1.jar;C:\Users\GURU\.m2\repository\org\apache\tomcat\embed\tomcat-embed-core\10.1.26\tomcat-embed-core-10.1.26.jar;C:\Users\GURU\.m2\repository\org\apache\tomcat\embed\tomcat-embed-el\10.1.26\tomcat-embed-el-10.1.26.jar;C:\Users\GURU\.m2\repository\org\apache\tomcat\embed\tomcat-embed-websocket\10.1.26\tomcat-embed-websocket-10.1.26.jar;C:\Users\GURU\.m2\repository\com\jayway\jsonpath\json-path\2.9.0\json-path-2.9.0.jar;C:\Users\GURU\.m2\repository\jakarta\xml\bind\jakarta.xml.bind-api\4.0.2\jakarta.xml.bind-api-4.0.2.jar;C:\Users\GURU\.m2\repository\net\minidev\json-smart\2.5.1\json-smart-2.5.1.jar;C:\Users\GURU\.m2\repository\net\minidev\accessors-smart\2.5.1\accessors-smart-2.5.1.jar;C:\Users\GURU\.m2\repository\org\ow2\asm\asm\9.6\asm-9.6.jar;C:\Users\GURU\.m2\repository\org\springframework\spring-core\6.1.11\spring-core-6.1.11.jar;C:\Users\GURU\.m2\repository\org\springframework\spring-jcl\6.1.11\spring-jcl-6.1.11.jar;C:\Users\GURU\.m2\repository\org\springframework\security\spring-security-core\6.3.1\spring-security-core-6.3.1.jar;C:\Users\GURU\.m2\repository\org\springframework\security\spring-security-crypto\6.3.1\spring-security-crypto-6.3.1.jar
Launcher Type: SUN_STANDARD

[Global flags]
     intx CICompilerCount                          = 3                                         {product} {ergonomic}
     uint ConcGCThreads                            = 1                                         {product} {ergonomic}
     uint G1ConcRefinementThreads                  = 4                                         {product} {ergonomic}
   size_t G1HeapRegionSize                         = 1048576                                   {product} {ergonomic}
   size_t InitialHeapSize                          = 67108864                                  {product} {ergonomic}
   size_t MarkStackSize                            = 4194304                                   {product} {ergonomic}
   size_t MaxHeapSize                              = 1050673152                                {product} {ergonomic}
   size_t MaxNewSize                               = 630194176                                 {product} {ergonomic}
   size_t MinHeapDeltaBytes                        = 1048576                                   {product} {ergonomic}
   size_t MinHeapSize                              = 8388608                                   {product} {ergonomic}
    uintx NonNMethodCodeHeapSize                   = 5832780                                {pd product} {ergonomic}
    uintx NonProfiledCodeHeapSize                  = 122912730                              {pd product} {ergonomic}
    uintx ProfiledCodeHeapSize                     = 122912730                              {pd product} {ergonomic}
    uintx ReservedCodeCacheSize                    = 251658240                              {pd product} {ergonomic}
     bool SegmentedCodeCache                       = true                                      {product} {ergonomic}
     bool ShowCodeDetailsInExceptionMessages       = true                                   {manageable} {command line}
   size_t SoftMaxHeapSize                          = 1050673152                             {manageable} {ergonomic}
     bool UseCompressedOops                        = true                           {product lp64_product} {ergonomic}
     bool UseG1GC                                  = true                                      {product} {ergonomic}
     bool UseLargePagesIndividualAllocation        = false                                  {pd product} {ergonomic}

Logging:
Log output configuration:
 #0: stdout all=warning uptime,level,tags foldmultilines=false
 #1: stderr all=off uptime,level,tags foldmultilines=false

Environment Variables:
PATH=E:/CDAC/Java/eclipse-jee-2024-06-R-win32-x86_64/eclipse//plugins/org.eclipse.justj.openjdk.hotspot.jre.full.win32.x86_64_21.0.3.v20240426-1530/jre/bin/server;E:/CDAC/Java/eclipse-jee-2024-06-R-win32-x86_64/eclipse//plugins/org.eclipse.justj.openjdk.hotspot.jre.full.win32.x86_64_21.0.3.v20240426-1530/jre/bin;C:\Program Files\Common Files\Oracle\Java\javapath;C:\Python312\Scripts\;C:\Python312\;C:\Windows\system32;C:\Windows;C:\Windows\System32\Wbem;C:\Windows\System32\WindowsPowerShell\v1.0\;C:\Windows\System32\OpenSSH\;C:\Program Files (x86)\ATI Technologies\ATI.ACE\Core-Static;C:\Program Files\nodejs\;C:\ProgramData\chocolatey\bin;C:\Program Files\Java\jdk-17\bin;C:\Program Files\Git\cmd;C:\Program Files\Microsoft SQL Server\150\Tools\Binn\;C:\Program Files\Microsoft SQL Server\Client SDK\ODBC\170\Tools\Binn\;C:\Program Files\dotnet\;C:\Program Files\Java\jdk-22\bin;C:\Program Files\MySQL\MySQL Shell 8.0\bin\;C:\Users\GURU\AppData\Local\Microsoft\WindowsApps;C:\Users\GURU\AppData\Local\Programs\Microsoft VS Code\bin;C:\Users\GURU\AppData\Roaming\npm;C:\Users\GURU\.dotnet\tools;E:\CDAC\Java\eclipse-jee-2024-06-R-win32-x86_64\eclipse;
USERNAME=GURU
OS=Windows_NT
PROCESSOR_IDENTIFIER=Intel64 Family 6 Model 42 Stepping 7, GenuineIntel
TMP=C:\Users\GURU\AppData\Local\Temp
TEMP=C:\Users\GURU\AppData\Local\Temp




Periodic native trim disabled

---------------  S Y S T E M  ---------------

OS:
 Windows 10 , 64 bit Build 19041 (10.0.19041.4597)
OS uptime: 8 days 1:45 hours

CPU: total 4 (initial active 4) (2 cores per cpu, 2 threads per core) family 6 model 42 stepping 7 microcode 0x2f, cx8, cmov, fxsr, ht, mmx, sse, sse2, sse3, ssse3, sse4.1, sse4.2, popcnt, tsc, tscinvbit, avx, aes, clmul, vzeroupper, clflush, rdtscp
Processor Information for all 4 processors :
  Max Mhz: 2501, Current Mhz: 1200, Mhz Limit: 2501

Memory: 4k page, system-wide physical 4002M (217M free)
TotalPageFile size 16290M (AvailPageFile size 5M)
current process WorkingSet (physical memory assigned to process): 226M, peak: 228M
current process commit charge ("private bytes"): 257M, peak: 259M

vm_info: Java HotSpot(TM) 64-Bit Server VM (22.0.2+9-70) for windows-amd64 JRE (22.0.2+9-70), built on 2024-06-04T16:52:23Z by "mach5one" with MS VC++ 17.6 (VS2022)

END.
