#
# There is insufficient memory for the Java Runtime Environment to continue.
# Native memory allocation (malloc) failed to allocate 1381456 bytes. Error detail: Chunk::new
# Possible reasons:
#   The system is out of physical RAM or swap space
#   This process is running with CompressedOops enabled, and the Java Heap may be blocking the growth of the native heap
# Possible solutions:
#   Reduce memory load on the system
#   Increase physical memory or swap space
#   Check if swap backing store is full
#   Decrease Java heap size (-Xmx/-Xms)
#   Decrease number of Java threads
#   Decrease Java thread stack sizes (-Xss)
#   Set larger code cache with -XX:ReservedCodeCacheSize=
#   JVM is running with Unscaled Compressed Oops mode in which the Java heap is
#     placed in the first 4GB address space. The Java Heap base address is the
#     maximum limit for the native heap growth. Please use -XX:HeapBaseMinAddress
#     to set the Java Heap base and to place the Java Heap above 4GB virtual address.
# This output file may be truncated or incomplete.
#
#  Out of Memory Error (arena.cpp:150), pid=8804, tid=604
#
# JRE version: Java(TM) SE Runtime Environment (22.0.2+9) (build 22.0.2+9-70)
# Java VM: Java HotSpot(TM) 64-Bit Server VM (22.0.2+9-70, mixed mode, sharing, tiered, compressed oops, compressed class ptrs, g1 gc, windows-amd64)
# No core dump will be written. Minidumps are not enabled by default on client versions of Windows
#

---------------  S U M M A R Y ------------

Command Line: -XX:+ShowCodeDetailsInExceptionMessages -agentlib:jdwp=transport=dt_socket,suspend=y,address=localhost:53632 -javaagent:E:\CDAC\Java\eclipse-jee-2024-06-R-win32-x86_64\eclipse\configuration\org.eclipse.osgi\448\0\.cp\lib\javaagent-shaded.jar -Dfile.encoding=UTF-8 -Dstdout.encoding=UTF-8 -Dstderr.encoding=UTF-8 com.app.Manager2Application

Host: Intel(R) Core(TM) i5-2450M CPU @ 2.50GHz, 4 cores, 3G,  Windows 10 , 64 bit Build 19041 (10.0.19041.4597)
Time: Wed Aug 14 21:54:44 2024 India Standard Time elapsed time: 5350.504302 seconds (0d 1h 29m 10s)

---------------  T H R E A D  ---------------

Current thread (0x000001ef5016e940):  JavaThread "C2 CompilerThread0" daemon [_thread_in_native, id=604, stack(0x000000e50e600000,0x000000e50e700000) (1024K)]


Current CompileTask:
C2:5350505 11726       4       jdk.internal.org.objectweb.asm.MethodWriter::computeAllFrames (510 bytes)

Stack: [0x000000e50e600000,0x000000e50e700000]
Native frames: (J=compiled Java code, j=interpreted, Vv=VM code, C=native code)
V  [jvm.dll+0x6e26e9]  (no source info available)
V  [jvm.dll+0x875753]  (no source info available)
V  [jvm.dll+0x877b7e]  (no source info available)
V  [jvm.dll+0x878253]  (no source info available)
V  [jvm.dll+0x27fc86]  (no source info available)
V  [jvm.dll+0xc3d0f]  (no source info available)
V  [jvm.dll+0xc3f6b]  (no source info available)
V  [jvm.dll+0x3bb442]  (no source info available)
V  [jvm.dll+0x387d4b]  (no source info available)
V  [jvm.dll+0x3871ba]  (no source info available)
V  [jvm.dll+0x2477f8]  (no source info available)
V  [jvm.dll+0x246e9f]  (no source info available)
V  [jvm.dll+0x1c4e80]  (no source info available)
V  [jvm.dll+0x2568f3]  (no source info available)
V  [jvm.dll+0x254baa]  (no source info available)
V  [jvm.dll+0x3f57a6]  (no source info available)
V  [jvm.dll+0x81dc0b]  (no source info available)
V  [jvm.dll+0x6e0d85]  (no source info available)
C  [ucrtbase.dll+0x21bb2]  (no source info available)
C  [KERNEL32.DLL+0x17374]  (no source info available)
C  [ntdll.dll+0x4cc91]  (no source info available)


---------------  P R O C E S S  ---------------

Threads class SMR info:
_java_thread_list=0x000001ef5a919480, length=35, elements={
0x000001ef5013adf0, 0x000001ef5013c1f0, 0x000001ef5013f0b0, 0x000001ef5013fb10,
0x000001ef501438c0, 0x000001ef50167830, 0x000001ef5016e940, 0x000001ef5016fb90,
0x000001ef5037e060, 0x000001ef504c33f0, 0x000001ef50507e60, 0x000001ef505d9680,
0x000001ef552ad860, 0x000001ef557251b0, 0x000001ef55712980, 0x000001ef573ace90,
0x000001ef56f13170, 0x000001ef56008580, 0x000001ef5600a650, 0x000001ef560025e0,
0x000001ef56002c70, 0x000001ef55fff160, 0x000001ef560060f0, 0x000001ef56003300,
0x000001ef56005a60, 0x000001ef560046b0, 0x000001ef56004020, 0x000001ef56001230,
0x000001ef56003990, 0x000001ef560018c0, 0x000001ef56006780, 0x000001ef55fffe80,
0x000001ef56004d40, 0x000001ef58c25850, 0x000001ef58c251c0
}

Java Threads: ( => current thread )
  0x000001ef5013adf0 JavaThread "Reference Handler"          daemon [_thread_blocked, id=10944, stack(0x000000e50e000000,0x000000e50e100000) (1024K)]
  0x000001ef5013c1f0 JavaThread "Finalizer"                  daemon [_thread_blocked, id=3672, stack(0x000000e50e100000,0x000000e50e200000) (1024K)]
  0x000001ef5013f0b0 JavaThread "Signal Dispatcher"          daemon [_thread_blocked, id=12720, stack(0x000000e50e200000,0x000000e50e300000) (1024K)]
  0x000001ef5013fb10 JavaThread "Attach Listener"            daemon [_thread_blocked, id=6336, stack(0x000000e50e300000,0x000000e50e400000) (1024K)]
  0x000001ef501438c0 JavaThread "Service Thread"             daemon [_thread_blocked, id=7640, stack(0x000000e50e400000,0x000000e50e500000) (1024K)]
  0x000001ef50167830 JavaThread "Monitor Deflation Thread"   daemon [_thread_blocked, id=10020, stack(0x000000e50e500000,0x000000e50e600000) (1024K)]
=>0x000001ef5016e940 JavaThread "C2 CompilerThread0"         daemon [_thread_in_native, id=604, stack(0x000000e50e600000,0x000000e50e700000) (1024K)]
  0x000001ef5016fb90 JavaThread "C1 CompilerThread0"         daemon [_thread_blocked, id=9108, stack(0x000000e50e700000,0x000000e50e800000) (1024K)]
  0x000001ef5037e060 JavaThread "Common-Cleaner"             daemon [_thread_blocked, id=12008, stack(0x000000e50e800000,0x000000e50e900000) (1024K)]
  0x000001ef504c33f0 JavaThread "JDWP Transport Listener: dt_socket" daemon [_thread_blocked, id=11072, stack(0x000000e50e900000,0x000000e50ea00000) (1024K)]
  0x000001ef50507e60 JavaThread "JDWP Event Helper Thread"   daemon [_thread_blocked, id=4092, stack(0x000000e50ea00000,0x000000e50eb00000) (1024K)]
  0x000001ef505d9680 JavaThread "JDWP Command Reader"        daemon [_thread_in_native, id=9384, stack(0x000000e50eb00000,0x000000e50ec00000) (1024K)]
  0x000001ef552ad860 JavaThread "Notification Thread"        daemon [_thread_blocked, id=8844, stack(0x000000e50ec00000,0x000000e50ed00000) (1024K)]
  0x000001ef557251b0 JavaThread "Catalina-utility-1"                [_thread_blocked, id=9488, stack(0x000000e50f200000,0x000000e50f300000) (1024K)]
  0x000001ef55712980 JavaThread "Catalina-utility-2"                [_thread_blocked, id=3092, stack(0x000000e50f300000,0x000000e50f400000) (1024K)]
  0x000001ef573ace90 JavaThread "container-0"                       [_thread_blocked, id=7928, stack(0x000000e50f400000,0x000000e50f500000) (1024K)]
  0x000001ef56f13170 JavaThread "mysql-cj-abandoned-connection-cleanup" daemon [_thread_blocked, id=5900, stack(0x000000e50f500000,0x000000e50f600000) (1024K)]
  0x000001ef56008580 JavaThread "HikariPool-1 housekeeper"   daemon [_thread_blocked, id=1544, stack(0x000000e50f700000,0x000000e50f800000) (1024K)]
  0x000001ef5600a650 JavaThread "File Watcher"               daemon [_thread_blocked, id=4556, stack(0x000000e50fa00000,0x000000e50fb00000) (1024K)]
  0x000001ef560025e0 JavaThread "Live Reload Server"         daemon [_thread_in_native, id=7312, stack(0x000000e50fc00000,0x000000e50fd00000) (1024K)]
  0x000001ef56002c70 JavaThread "https-jsse-nio-8080-exec-1" daemon [_thread_blocked, id=9524, stack(0x000000e50fb00000,0x000000e50fc00000) (1024K)]
  0x000001ef55fff160 JavaThread "https-jsse-nio-8080-exec-2" daemon [_thread_blocked, id=6908, stack(0x000000e50fd00000,0x000000e50fe00000) (1024K)]
  0x000001ef560060f0 JavaThread "https-jsse-nio-8080-exec-3" daemon [_thread_blocked, id=3688, stack(0x000000e50fe00000,0x000000e50ff00000) (1024K)]
  0x000001ef56003300 JavaThread "https-jsse-nio-8080-exec-4" daemon [_thread_blocked, id=7020, stack(0x000000e50ff00000,0x000000e510000000) (1024K)]
  0x000001ef56005a60 JavaThread "https-jsse-nio-8080-exec-5" daemon [_thread_blocked, id=2240, stack(0x000000e510000000,0x000000e510100000) (1024K)]
  0x000001ef560046b0 JavaThread "https-jsse-nio-8080-exec-6" daemon [_thread_blocked, id=8296, stack(0x000000e510100000,0x000000e510200000) (1024K)]
  0x000001ef56004020 JavaThread "https-jsse-nio-8080-exec-7" daemon [_thread_blocked, id=8540, stack(0x000000e510200000,0x000000e510300000) (1024K)]
  0x000001ef56001230 JavaThread "https-jsse-nio-8080-exec-8" daemon [_thread_blocked, id=2268, stack(0x000000e510300000,0x000000e510400000) (1024K)]
  0x000001ef56003990 JavaThread "https-jsse-nio-8080-exec-9" daemon [_thread_blocked, id=11740, stack(0x000000e510400000,0x000000e510500000) (1024K)]
  0x000001ef560018c0 JavaThread "https-jsse-nio-8080-exec-10" daemon [_thread_blocked, id=8188, stack(0x000000e510500000,0x000000e510600000) (1024K)]
  0x000001ef56006780 JavaThread "https-jsse-nio-8080-Poller" daemon [_thread_in_native, id=396, stack(0x000000e510600000,0x000000e510700000) (1024K)]
  0x000001ef55fffe80 JavaThread "https-jsse-nio-8080-Acceptor" daemon [_thread_in_native, id=8980, stack(0x000000e510700000,0x000000e510800000) (1024K)]
  0x000001ef56004d40 JavaThread "DestroyJavaVM"                     [_thread_blocked, id=9220, stack(0x000000e50d800000,0x000000e50d900000) (1024K)]
  0x000001ef58c25850 JavaThread "HikariPool-1 connection closer" daemon [_thread_blocked, id=6568, stack(0x000000e50d500000,0x000000e50d600000) (1024K)]
  0x000001ef58c251c0 JavaThread "HikariPool-1 connection adder" daemon [_thread_blocked, id=13340, stack(0x000000e50d600000,0x000000e50d700000) (1024K)]
Total: 35

Other Threads:
  0x000001ef6fcfea20 VMThread "VM Thread"                           [id=6008, stack(0x000000e50df00000,0x000000e50e000000) (1024K)]
  0x000001ef5011ac30 WatcherThread "VM Periodic Task Thread"        [id=13476, stack(0x000000e50de00000,0x000000e50df00000) (1024K)]
  0x000001ef6fc766e0 WorkerThread "GC Thread#0"                     [id=2436, stack(0x000000e50d900000,0x000000e50da00000) (1024K)]
  0x000001ef507083e0 WorkerThread "GC Thread#1"                     [id=11664, stack(0x000000e50ed00000,0x000000e50ee00000) (1024K)]
  0x000001ef5070b050 WorkerThread "GC Thread#2"                     [id=3928, stack(0x000000e50ee00000,0x000000e50ef00000) (1024K)]
  0x000001ef554babd0 WorkerThread "GC Thread#3"                     [id=10008, stack(0x000000e50ef00000,0x000000e50f000000) (1024K)]
  0x000001ef6fc7f410 ConcurrentGCThread "G1 Main Marker"            [id=12452, stack(0x000000e50da00000,0x000000e50db00000) (1024K)]
  0x000001ef6fc80870 WorkerThread "G1 Conc#0"                       [id=9536, stack(0x000000e50db00000,0x000000e50dc00000) (1024K)]
  0x000001ef6fcd9b70 ConcurrentGCThread "G1 Refine#0"               [id=6808, stack(0x000000e50dc00000,0x000000e50dd00000) (1024K)]
  0x000001ef6fcdb700 ConcurrentGCThread "G1 Service"                [id=4036, stack(0x000000e50dd00000,0x000000e50de00000) (1024K)]
Total: 10

Threads with active compile tasks:
C2 CompilerThread0  5351019 11726       4       jdk.internal.org.objectweb.asm.MethodWriter::computeAllFrames (510 bytes)
Total: 1

VM state: not at safepoint (normal execution)

VM Mutex/Monitor currently owned by a thread: None

Heap address: 0x00000000c1600000, size: 1002 MB, Compressed Oops mode: 32-bit

CDS archive(s) mapped at: [0x000001ef0f000000-0x000001ef0fc60000-0x000001ef0fc60000), size 12976128, SharedBaseAddress: 0x000001ef0f000000, ArchiveRelocationMode: 1.
Compressed class space mapped at: 0x000001ef10000000-0x000001ef50000000, reserved size: 1073741824
Narrow klass base: 0x000001ef0f000000, Narrow klass shift: 0, Narrow klass range: 0x41000000

GC Precious Log:
 CardTable entry size: 512
 Card Set container configuration: InlinePtr #cards 5 size 8 Array Of Cards #cards 12 size 40 Howl #buckets 4 coarsen threshold 1843 Howl Bitmap #cards 512 size 80 coarsen threshold 460 Card regions per heap region 1 cards per card region 2048
 CPUs: 4 total, 4 available
 Memory: 4002M
 Large Page Support: Disabled
 NUMA Support: Disabled
 Compressed Oops: Enabled (32-bit)
 Heap Region Size: 1M
 Heap Min Capacity: 8M
 Heap Initial Capacity: 64M
 Heap Max Capacity: 1002M
 Pre-touch: Disabled
 Parallel Workers: 4
 Concurrent Workers: 1
 Concurrent Refinement Workers: 4
 Periodic GC: Disabled

Heap:
 garbage-first heap   total reserved 1026048K, committed 84992K, used 55826K [0x00000000c1600000, 0x0000000100000000)
  region size 1024K, 18 young (18432K), 3 survivors (3072K)
 Metaspace       used 86662K, committed 87360K, reserved 1179648K
  class space    used 11766K, committed 12096K, reserved 1048576K

Heap Regions: E=young(eden), S=young(survivor), O=old, HS=humongous(starts), HC=humongous(continues), CS=collection set, F=free, TAMS=top-at-mark-start, PB=parsable bottom
|   0|0x00000000c1600000, 0x00000000c1700000, 0x00000000c1700000|100%|HS|  |TAMS 0x00000000c1600000| PB 0x00000000c1600000| Complete |  0
|   1|0x00000000c1700000, 0x00000000c1800000, 0x00000000c1800000|100%| O|  |TAMS 0x00000000c1700000| PB 0x00000000c1700000| Untracked |  0
|   2|0x00000000c1800000, 0x00000000c1900000, 0x00000000c1900000|100%| O|  |TAMS 0x00000000c1800000| PB 0x00000000c1800000| Untracked |  0
|   3|0x00000000c1900000, 0x00000000c1a00000, 0x00000000c1a00000|100%| O|  |TAMS 0x00000000c1900000| PB 0x00000000c1900000| Untracked |  0
|   4|0x00000000c1a00000, 0x00000000c1b00000, 0x00000000c1b00000|100%| O|  |TAMS 0x00000000c1a00000| PB 0x00000000c1a00000| Untracked |  0
|   5|0x00000000c1b00000, 0x00000000c1c00000, 0x00000000c1c00000|100%| O|  |TAMS 0x00000000c1b00000| PB 0x00000000c1b00000| Untracked |  0
|   6|0x00000000c1c00000, 0x00000000c1d00000, 0x00000000c1d00000|100%| O|  |TAMS 0x00000000c1c00000| PB 0x00000000c1c00000| Untracked |  0
|   7|0x00000000c1d00000, 0x00000000c1e00000, 0x00000000c1e00000|100%| O|  |TAMS 0x00000000c1d00000| PB 0x00000000c1d00000| Untracked |  0
|   8|0x00000000c1e00000, 0x00000000c1f00000, 0x00000000c1f00000|100%| O|  |TAMS 0x00000000c1e00000| PB 0x00000000c1e00000| Untracked |  0
|   9|0x00000000c1f00000, 0x00000000c2000000, 0x00000000c2000000|100%| O|Cm|TAMS 0x00000000c1f00000| PB 0x00000000c1f00000| Complete |  0
|  10|0x00000000c2000000, 0x00000000c2100000, 0x00000000c2100000|100%| O|  |TAMS 0x00000000c2000000| PB 0x00000000c2000000| Untracked |  0
|  11|0x00000000c2100000, 0x00000000c2200000, 0x00000000c2200000|100%| O|  |TAMS 0x00000000c2100000| PB 0x00000000c2100000| Untracked |  0
|  12|0x00000000c2200000, 0x00000000c2300000, 0x00000000c2300000|100%| O|  |TAMS 0x00000000c2200000| PB 0x00000000c2200000| Untracked |  0
|  13|0x00000000c2300000, 0x00000000c2400000, 0x00000000c2400000|100%| O|  |TAMS 0x00000000c2300000| PB 0x00000000c2300000| Untracked |  0
|  14|0x00000000c2400000, 0x00000000c2500000, 0x00000000c2500000|100%| O|  |TAMS 0x00000000c2400000| PB 0x00000000c2400000| Untracked |  0
|  15|0x00000000c2500000, 0x00000000c2600000, 0x00000000c2600000|100%| O|  |TAMS 0x00000000c2500000| PB 0x00000000c2500000| Untracked |  0
|  16|0x00000000c2600000, 0x00000000c2700000, 0x00000000c2700000|100%| O|  |TAMS 0x00000000c2600000| PB 0x00000000c2600000| Untracked |  0
|  17|0x00000000c2700000, 0x00000000c2800000, 0x00000000c2800000|100%| O|  |TAMS 0x00000000c2700000| PB 0x00000000c2700000| Untracked |  0
|  18|0x00000000c2800000, 0x00000000c2900000, 0x00000000c2900000|100%| O|  |TAMS 0x00000000c2800000| PB 0x00000000c2800000| Untracked |  0
|  19|0x00000000c2900000, 0x00000000c2984890, 0x00000000c2a00000| 51%| O|  |TAMS 0x00000000c2900000| PB 0x00000000c2900000| Untracked |  0
|  20|0x00000000c2a00000, 0x00000000c2b00000, 0x00000000c2b00000|100%| O|Cm|TAMS 0x00000000c2a00000| PB 0x00000000c2a00000| Complete |  0
|  21|0x00000000c2b00000, 0x00000000c2c00000, 0x00000000c2c00000|100%| O|  |TAMS 0x00000000c2b00000| PB 0x00000000c2b00000| Untracked |  0
|  22|0x00000000c2c00000, 0x00000000c2d00000, 0x00000000c2d00000|100%| O|  |TAMS 0x00000000c2c00000| PB 0x00000000c2c00000| Untracked |  0
|  23|0x00000000c2d00000, 0x00000000c2d00000, 0x00000000c2e00000|  0%| F|  |TAMS 0x00000000c2d00000| PB 0x00000000c2d00000| Untracked |  0
|  24|0x00000000c2e00000, 0x00000000c2f00000, 0x00000000c2f00000|100%| O|  |TAMS 0x00000000c2e00000| PB 0x00000000c2e00000| Untracked |  0
|  25|0x00000000c2f00000, 0x00000000c2f00000, 0x00000000c3000000|  0%| F|  |TAMS 0x00000000c2f00000| PB 0x00000000c2f00000| Untracked |  0
|  26|0x00000000c3000000, 0x00000000c3100000, 0x00000000c3100000|100%| O|  |TAMS 0x00000000c3000000| PB 0x00000000c3000000| Untracked |  0
|  27|0x00000000c3100000, 0x00000000c3100000, 0x00000000c3200000|  0%| F|  |TAMS 0x00000000c3100000| PB 0x00000000c3100000| Untracked |  0
|  28|0x00000000c3200000, 0x00000000c3300000, 0x00000000c3300000|100%| O|  |TAMS 0x00000000c3200000| PB 0x00000000c3200000| Untracked |  0
|  29|0x00000000c3300000, 0x00000000c3400000, 0x00000000c3400000|100%| O|  |TAMS 0x00000000c3300000| PB 0x00000000c3300000| Untracked |  0
|  30|0x00000000c3400000, 0x00000000c3500000, 0x00000000c3500000|100%| O|  |TAMS 0x00000000c3400000| PB 0x00000000c3400000| Untracked |  0
|  31|0x00000000c3500000, 0x00000000c3600000, 0x00000000c3600000|100%| O|  |TAMS 0x00000000c3500000| PB 0x00000000c3500000| Untracked |  0
|  32|0x00000000c3600000, 0x00000000c3700000, 0x00000000c3700000|100%| O|Cm|TAMS 0x00000000c3600000| PB 0x00000000c3600000| Complete |  0
|  33|0x00000000c3700000, 0x00000000c3800000, 0x00000000c3800000|100%| O|  |TAMS 0x00000000c3700000| PB 0x00000000c3700000| Untracked |  0
|  34|0x00000000c3800000, 0x00000000c3900000, 0x00000000c3900000|100%| O|  |TAMS 0x00000000c3800000| PB 0x00000000c3800000| Untracked |  0
|  35|0x00000000c3900000, 0x00000000c3900000, 0x00000000c3a00000|  0%| F|  |TAMS 0x00000000c3900000| PB 0x00000000c3900000| Untracked |  0
|  36|0x00000000c3a00000, 0x00000000c3a00000, 0x00000000c3b00000|  0%| F|  |TAMS 0x00000000c3a00000| PB 0x00000000c3a00000| Untracked |  0
|  37|0x00000000c3b00000, 0x00000000c3c00000, 0x00000000c3c00000|100%| O|  |TAMS 0x00000000c3b00000| PB 0x00000000c3b00000| Untracked |  0
|  38|0x00000000c3c00000, 0x00000000c3d00000, 0x00000000c3d00000|100%| O|  |TAMS 0x00000000c3c00000| PB 0x00000000c3c00000| Untracked |  0
|  39|0x00000000c3d00000, 0x00000000c3e00000, 0x00000000c3e00000|100%| O|  |TAMS 0x00000000c3d00000| PB 0x00000000c3d00000| Untracked |  0
|  40|0x00000000c3e00000, 0x00000000c3f00000, 0x00000000c3f00000|100%| O|  |TAMS 0x00000000c3e00000| PB 0x00000000c3e00000| Untracked |  0
|  41|0x00000000c3f00000, 0x00000000c3f00000, 0x00000000c4000000|  0%| F|  |TAMS 0x00000000c3f00000| PB 0x00000000c3f00000| Untracked |  0
|  42|0x00000000c4000000, 0x00000000c4100000, 0x00000000c4100000|100%| S|CS|TAMS 0x00000000c4000000| PB 0x00000000c4000000| Complete |  0
|  43|0x00000000c4100000, 0x00000000c4200000, 0x00000000c4200000|100%| O|  |TAMS 0x00000000c4100000| PB 0x00000000c4100000| Untracked |  0
|  44|0x00000000c4200000, 0x00000000c4300000, 0x00000000c4300000|100%| O|  |TAMS 0x00000000c4200000| PB 0x00000000c4200000| Untracked |  0
|  45|0x00000000c4300000, 0x00000000c4300000, 0x00000000c4400000|  0%| F|  |TAMS 0x00000000c4300000| PB 0x00000000c4300000| Untracked |  0
|  46|0x00000000c4400000, 0x00000000c4400000, 0x00000000c4500000|  0%| F|  |TAMS 0x00000000c4400000| PB 0x00000000c4400000| Untracked |  0
|  47|0x00000000c4500000, 0x00000000c4600000, 0x00000000c4600000|100%| S|CS|TAMS 0x00000000c4500000| PB 0x00000000c4500000| Complete |  0
|  48|0x00000000c4600000, 0x00000000c4700000, 0x00000000c4700000|100%| S|CS|TAMS 0x00000000c4600000| PB 0x00000000c4600000| Complete |  0
|  49|0x00000000c4700000, 0x00000000c4700000, 0x00000000c4800000|  0%| F|  |TAMS 0x00000000c4700000| PB 0x00000000c4700000| Untracked |  0
|  50|0x00000000c4800000, 0x00000000c4800000, 0x00000000c4900000|  0%| F|  |TAMS 0x00000000c4800000| PB 0x00000000c4800000| Untracked |  0
|  51|0x00000000c4900000, 0x00000000c4900000, 0x00000000c4a00000|  0%| F|  |TAMS 0x00000000c4900000| PB 0x00000000c4900000| Untracked |  0
|  52|0x00000000c4a00000, 0x00000000c4a00000, 0x00000000c4b00000|  0%| F|  |TAMS 0x00000000c4a00000| PB 0x00000000c4a00000| Untracked |  0
|  53|0x00000000c4b00000, 0x00000000c4b00000, 0x00000000c4c00000|  0%| F|  |TAMS 0x00000000c4b00000| PB 0x00000000c4b00000| Untracked |  0
|  54|0x00000000c4c00000, 0x00000000c4c00000, 0x00000000c4d00000|  0%| F|  |TAMS 0x00000000c4c00000| PB 0x00000000c4c00000| Untracked |  0
|  55|0x00000000c4d00000, 0x00000000c4d00000, 0x00000000c4e00000|  0%| F|  |TAMS 0x00000000c4d00000| PB 0x00000000c4d00000| Untracked |  0
|  56|0x00000000c4e00000, 0x00000000c4e00000, 0x00000000c4f00000|  0%| F|  |TAMS 0x00000000c4e00000| PB 0x00000000c4e00000| Untracked |  0
|  57|0x00000000c4f00000, 0x00000000c4f00000, 0x00000000c5000000|  0%| F|  |TAMS 0x00000000c4f00000| PB 0x00000000c4f00000| Untracked |  0
|  58|0x00000000c5000000, 0x00000000c5000000, 0x00000000c5100000|  0%| F|  |TAMS 0x00000000c5000000| PB 0x00000000c5000000| Untracked |  0
|  59|0x00000000c5100000, 0x00000000c5100000, 0x00000000c5200000|  0%| F|  |TAMS 0x00000000c5100000| PB 0x00000000c5100000| Untracked |  0
|  60|0x00000000c5200000, 0x00000000c5200000, 0x00000000c5300000|  0%| F|  |TAMS 0x00000000c5200000| PB 0x00000000c5200000| Untracked |  0
|  61|0x00000000c5300000, 0x00000000c5300000, 0x00000000c5400000|  0%| F|  |TAMS 0x00000000c5300000| PB 0x00000000c5300000| Untracked |  0
|  62|0x00000000c5400000, 0x00000000c5400000, 0x00000000c5500000|  0%| F|  |TAMS 0x00000000c5400000| PB 0x00000000c5400000| Untracked |  0
|  63|0x00000000c5500000, 0x00000000c5500000, 0x00000000c5600000|  0%| F|  |TAMS 0x00000000c5500000| PB 0x00000000c5500000| Untracked |  0
|  64|0x00000000c5600000, 0x00000000c5600000, 0x00000000c5700000|  0%| F|  |TAMS 0x00000000c5600000| PB 0x00000000c5600000| Untracked |  0
|  65|0x00000000c5700000, 0x00000000c5700000, 0x00000000c5800000|  0%| F|  |TAMS 0x00000000c5700000| PB 0x00000000c5700000| Untracked |  0
|  66|0x00000000c5800000, 0x00000000c5800000, 0x00000000c5900000|  0%| F|  |TAMS 0x00000000c5800000| PB 0x00000000c5800000| Untracked |  0
|  67|0x00000000c5900000, 0x00000000c5900000, 0x00000000c5a00000|  0%| F|  |TAMS 0x00000000c5900000| PB 0x00000000c5900000| Untracked |  0
|  68|0x00000000c5a00000, 0x00000000c5acb118, 0x00000000c5b00000| 79%| E|  |TAMS 0x00000000c5a00000| PB 0x00000000c5a00000| Complete |  0
|  69|0x00000000c5b00000, 0x00000000c5c00000, 0x00000000c5c00000|100%| E|CS|TAMS 0x00000000c5b00000| PB 0x00000000c5b00000| Complete |  0
|  70|0x00000000c5c00000, 0x00000000c5d00000, 0x00000000c5d00000|100%| E|CS|TAMS 0x00000000c5c00000| PB 0x00000000c5c00000| Complete |  0
|  71|0x00000000c5d00000, 0x00000000c5e00000, 0x00000000c5e00000|100%| E|CS|TAMS 0x00000000c5d00000| PB 0x00000000c5d00000| Complete |  0
|  72|0x00000000c5e00000, 0x00000000c5f00000, 0x00000000c5f00000|100%| E|CS|TAMS 0x00000000c5e00000| PB 0x00000000c5e00000| Complete |  0
|  73|0x00000000c5f00000, 0x00000000c6000000, 0x00000000c6000000|100%| E|CS|TAMS 0x00000000c5f00000| PB 0x00000000c5f00000| Complete |  0
|  74|0x00000000c6000000, 0x00000000c6100000, 0x00000000c6100000|100%| E|CS|TAMS 0x00000000c6000000| PB 0x00000000c6000000| Complete |  0
|  75|0x00000000c6100000, 0x00000000c6200000, 0x00000000c6200000|100%| E|CS|TAMS 0x00000000c6100000| PB 0x00000000c6100000| Complete |  0
|  76|0x00000000c6200000, 0x00000000c6300000, 0x00000000c6300000|100%| E|CS|TAMS 0x00000000c6200000| PB 0x00000000c6200000| Complete |  0
|  77|0x00000000c6300000, 0x00000000c6400000, 0x00000000c6400000|100%| E|CS|TAMS 0x00000000c6300000| PB 0x00000000c6300000| Complete |  0
|  78|0x00000000c6400000, 0x00000000c6500000, 0x00000000c6500000|100%| E|CS|TAMS 0x00000000c6400000| PB 0x00000000c6400000| Complete |  0
|  79|0x00000000c6500000, 0x00000000c6600000, 0x00000000c6600000|100%| E|CS|TAMS 0x00000000c6500000| PB 0x00000000c6500000| Complete |  0
|  80|0x00000000c6600000, 0x00000000c6700000, 0x00000000c6700000|100%| E|CS|TAMS 0x00000000c6600000| PB 0x00000000c6600000| Complete |  0
|  81|0x00000000c6700000, 0x00000000c6800000, 0x00000000c6800000|100%| E|CS|TAMS 0x00000000c6700000| PB 0x00000000c6700000| Complete |  0
|  82|0x00000000c6800000, 0x00000000c6900000, 0x00000000c6900000|100%| E|CS|TAMS 0x00000000c6800000| PB 0x00000000c6800000| Complete |  0

Card table byte_map: [0x000001ef79f90000,0x000001ef7a190000] _byte_map_base: 0x000001ef79985000

Marking Bits: (CMBitMap*) 0x000001ef6fc76df0
 Bits: [0x000001ef7a190000, 0x000001ef7b138000)

Polling page: 0x000001ef79740000

Metaspace:

Usage:
  Non-class:     73.14 MB used.
      Class:     11.49 MB used.
       Both:     84.63 MB used.

Virtual space:
  Non-class space:      128.00 MB reserved,      73.50 MB ( 57%) committed,  2 nodes.
      Class space:        1.00 GB reserved,      11.81 MB (  1%) committed,  1 nodes.
             Both:        1.12 GB reserved,      85.31 MB (  7%) committed. 

Chunk freelists:
   Non-Class:  6.41 MB
       Class:  4.26 MB
        Both:  10.67 MB

MaxMetaspaceSize: unlimited
CompressedClassSpaceSize: 1.00 GB
Initial GC threshold: 21.00 MB
Current GC threshold: 141.56 MB
CDS: on
 - commit_granule_bytes: 65536.
 - commit_granule_words: 8192.
 - virtual_space_node_default_size: 8388608.
 - enlarge_chunks_in_place: 1.
 - use_allocation_guard: 0.


Internal statistics:

num_allocs_failed_limit: 9.
num_arena_births: 1408.
num_arena_deaths: 464.
num_vsnodes_births: 3.
num_vsnodes_deaths: 0.
num_space_committed: 1365.
num_space_uncommitted: 0.
num_chunks_returned_to_freelist: 534.
num_chunks_taken_from_freelist: 4677.
num_chunk_merges: 146.
num_chunk_splits: 3113.
num_chunks_enlarged: 2385.
num_inconsistent_stats: 0.

CodeHeap 'non-profiled nmethods': size=120000Kb used=4351Kb max_used=5049Kb free=115648Kb
 bounds [0x000001ef07ad0000, 0x000001ef07fc0000, 0x000001ef0f000000]
CodeHeap 'profiled nmethods': size=120000Kb used=10299Kb max_used=14558Kb free=109700Kb
 bounds [0x000001ef00000000, 0x000001ef00e50000, 0x000001ef07530000]
CodeHeap 'non-nmethods': size=5760Kb used=1848Kb max_used=1916Kb free=3911Kb
 bounds [0x000001ef07530000, 0x000001ef077a0000, 0x000001ef07ad0000]
 total_blobs=6647 nmethods=5855 adapters=695
 compilation: enabled
              stopped_count=0, restarted_count=0
 full_count=0

Compilation events (20 events):
Event: 5349.225 Thread 0x000001ef5016fb90 11752       3       java.lang.Character::hashCode (2 bytes)
Event: 5349.225 Thread 0x000001ef5016fb90 nmethod 11752 0x000001ef002bf390 code [0x000001ef002bf520, 0x000001ef002bf610]
Event: 5349.227 Thread 0x000001ef5016fb90 11753       3       java.util.regex.Pattern::createGroup (86 bytes)
Event: 5349.229 Thread 0x000001ef5016fb90 nmethod 11753 0x000001ef00237d10 code [0x000001ef00237f00, 0x000001ef002386f8]
Event: 5349.230 Thread 0x000001ef5016fb90 11754       3       java.util.regex.Pattern$GroupHead::<init> (10 bytes)
Event: 5349.231 Thread 0x000001ef5016fb90 nmethod 11754 0x000001ef00505710 code [0x000001ef005058c0, 0x000001ef00505af8]
Event: 5349.231 Thread 0x000001ef5016fb90 11755       3       java.util.regex.Pattern::accept (43 bytes)
Event: 5349.232 Thread 0x000001ef5016fb90 nmethod 11755 0x000001ef005f9390 code [0x000001ef005f9560, 0x000001ef005f9870]
Event: 5349.265 Thread 0x000001ef5016fb90 11757       1       org.hibernate.sql.ast.spi.AbstractSqlAstTranslator::getCurrentClauseStack (5 bytes)
Event: 5349.266 Thread 0x000001ef5016fb90 nmethod 11757 0x000001ef07c76710 code [0x000001ef07c768a0, 0x000001ef07c76968]
Event: 5349.282 Thread 0x000001ef5016fb90 11758       1       com.mysql.cj.protocol.a.result.OkPacket::getUpdateCount (5 bytes)
Event: 5349.283 Thread 0x000001ef5016fb90 nmethod 11758 0x000001ef07c87c10 code [0x000001ef07c87da0, 0x000001ef07c87e68]
Event: 5349.283 Thread 0x000001ef5016fb90 11759       1       com.mysql.cj.protocol.a.result.OkPacket::getUpdateID (5 bytes)
Event: 5349.283 Thread 0x000001ef5016fb90 nmethod 11759 0x000001ef07c8c390 code [0x000001ef07c8c520, 0x000001ef07c8c5e8]
Event: 5349.284 Thread 0x000001ef5016fb90 11760       1       com.mysql.cj.protocol.a.result.OkPacket::getInfo (5 bytes)
Event: 5349.284 Thread 0x000001ef5016fb90 nmethod 11760 0x000001ef07c92410 code [0x000001ef07c925a0, 0x000001ef07c92668]
Event: 5349.965 Thread 0x000001ef5016e940 nmethod 11709 0x000001ef07e14d10 code [0x000001ef07e15140, 0x000001ef07e1ada0]
Event: 5349.967 Thread 0x000001ef5016e940 11718       4       java.util.concurrent.ConcurrentHashMap::spread (10 bytes)
Event: 5349.968 Thread 0x000001ef5016e940 nmethod 11718 0x000001ef07c92d10 code [0x000001ef07c92e80, 0x000001ef07c92ef8]
Event: 5349.968 Thread 0x000001ef5016e940 11726       4       jdk.internal.org.objectweb.asm.MethodWriter::computeAllFrames (510 bytes)

GC Heap History (20 events):
Event: 218.676 GC heap before
{Heap before GC invocations=35 (full 0):
 garbage-first heap   total reserved 1026048K, committed 84992K, used 73061K [0x00000000c1600000, 0x0000000100000000)
  region size 1024K, 39 young (39936K), 5 survivors (5120K)
 Metaspace       used 80256K, committed 81088K, reserved 1179648K
  class space    used 11045K, committed 11392K, reserved 1048576K
}
Event: 218.714 GC heap after
{Heap after GC invocations=36 (full 0):
 garbage-first heap   total reserved 1026048K, committed 84992K, used 41734K [0x00000000c1600000, 0x0000000100000000)
  region size 1024K, 5 young (5120K), 5 survivors (5120K)
 Metaspace       used 80256K, committed 81088K, reserved 1179648K
  class space    used 11045K, committed 11392K, reserved 1048576K
}
Event: 493.283 GC heap before
{Heap before GC invocations=37 (full 0):
 garbage-first heap   total reserved 1026048K, committed 84992K, used 73478K [0x00000000c1600000, 0x0000000100000000)
  region size 1024K, 36 young (36864K), 5 survivors (5120K)
 Metaspace       used 82407K, committed 83264K, reserved 1179648K
  class space    used 11321K, committed 11712K, reserved 1048576K
}
Event: 493.308 GC heap after
{Heap after GC invocations=38 (full 0):
 garbage-first heap   total reserved 1026048K, committed 84992K, used 43124K [0x00000000c1600000, 0x0000000100000000)
  region size 1024K, 4 young (4096K), 4 survivors (4096K)
 Metaspace       used 82407K, committed 83264K, reserved 1179648K
  class space    used 11321K, committed 11712K, reserved 1048576K
}
Event: 530.093 GC heap before
{Heap before GC invocations=38 (full 0):
 garbage-first heap   total reserved 1026048K, committed 84992K, used 73844K [0x00000000c1600000, 0x0000000100000000)
  region size 1024K, 35 young (35840K), 4 survivors (4096K)
 Metaspace       used 85417K, committed 86272K, reserved 1179648K
  class space    used 11727K, committed 12096K, reserved 1048576K
}
Event: 530.126 GC heap after
{Heap after GC invocations=39 (full 0):
 garbage-first heap   total reserved 1026048K, committed 84992K, used 43588K [0x00000000c1600000, 0x0000000100000000)
  region size 1024K, 3 young (3072K), 3 survivors (3072K)
 Metaspace       used 85417K, committed 86272K, reserved 1179648K
  class space    used 11727K, committed 12096K, reserved 1048576K
}
Event: 1236.932 GC heap before
{Heap before GC invocations=39 (full 0):
 garbage-first heap   total reserved 1026048K, committed 84992K, used 75332K [0x00000000c1600000, 0x0000000100000000)
  region size 1024K, 34 young (34816K), 3 survivors (3072K)
 Metaspace       used 85444K, committed 86272K, reserved 1179648K
  class space    used 11727K, committed 12096K, reserved 1048576K
}
Event: 1236.945 GC heap after
{Heap after GC invocations=40 (full 0):
 garbage-first heap   total reserved 1026048K, committed 84992K, used 43081K [0x00000000c1600000, 0x0000000100000000)
  region size 1024K, 2 young (2048K), 2 survivors (2048K)
 Metaspace       used 85444K, committed 86272K, reserved 1179648K
  class space    used 11727K, committed 12096K, reserved 1048576K
}
Event: 1916.021 GC heap before
{Heap before GC invocations=41 (full 0):
 garbage-first heap   total reserved 1026048K, committed 84992K, used 76873K [0x00000000c1600000, 0x0000000100000000)
  region size 1024K, 35 young (35840K), 2 survivors (2048K)
 Metaspace       used 85125K, committed 86336K, reserved 1179648K
  class space    used 11621K, committed 12096K, reserved 1048576K
}
Event: 1916.178 GC heap after
{Heap after GC invocations=42 (full 0):
 garbage-first heap   total reserved 1026048K, committed 84992K, used 43741K [0x00000000c1600000, 0x0000000100000000)
  region size 1024K, 3 young (3072K), 3 survivors (3072K)
 Metaspace       used 85125K, committed 86336K, reserved 1179648K
  class space    used 11621K, committed 12096K, reserved 1048576K
}
Event: 2633.344 GC heap before
{Heap before GC invocations=42 (full 0):
 garbage-first heap   total reserved 1026048K, committed 84992K, used 75485K [0x00000000c1600000, 0x0000000100000000)
  region size 1024K, 34 young (34816K), 3 survivors (3072K)
 Metaspace       used 85131K, committed 86336K, reserved 1179648K
  class space    used 11621K, committed 12096K, reserved 1048576K
}
Event: 2633.497 GC heap after
{Heap after GC invocations=43 (full 0):
 garbage-first heap   total reserved 1026048K, committed 84992K, used 41675K [0x00000000c1600000, 0x0000000100000000)
  region size 1024K, 3 young (3072K), 3 survivors (3072K)
 Metaspace       used 85131K, committed 86336K, reserved 1179648K
  class space    used 11621K, committed 12096K, reserved 1048576K
}
Event: 3389.947 GC heap before
{Heap before GC invocations=43 (full 0):
 garbage-first heap   total reserved 1026048K, committed 84992K, used 75467K [0x00000000c1600000, 0x0000000100000000)
  region size 1024K, 36 young (36864K), 3 survivors (3072K)
 Metaspace       used 85131K, committed 86336K, reserved 1179648K
  class space    used 11621K, committed 12096K, reserved 1048576K
}
Event: 3389.985 GC heap after
{Heap after GC invocations=44 (full 0):
 garbage-first heap   total reserved 1026048K, committed 84992K, used 41665K [0x00000000c1600000, 0x0000000100000000)
  region size 1024K, 3 young (3072K), 3 survivors (3072K)
 Metaspace       used 85131K, committed 86336K, reserved 1179648K
  class space    used 11621K, committed 12096K, reserved 1048576K
}
Event: 4050.317 GC heap before
{Heap before GC invocations=45 (full 0):
 garbage-first heap   total reserved 1026048K, committed 84992K, used 75457K [0x00000000c1600000, 0x0000000100000000)
  region size 1024K, 36 young (36864K), 3 survivors (3072K)
 Metaspace       used 85216K, committed 86464K, reserved 1179648K
  class space    used 11614K, committed 12096K, reserved 1048576K
}
Event: 4050.331 GC heap after
{Heap after GC invocations=46 (full 0):
 garbage-first heap   total reserved 1026048K, committed 84992K, used 41894K [0x00000000c1600000, 0x0000000100000000)
  region size 1024K, 3 young (3072K), 3 survivors (3072K)
 Metaspace       used 85216K, committed 86464K, reserved 1179648K
  class space    used 11614K, committed 12096K, reserved 1048576K
}
Event: 4793.504 GC heap before
{Heap before GC invocations=46 (full 0):
 garbage-first heap   total reserved 1026048K, committed 84992K, used 74662K [0x00000000c1600000, 0x0000000100000000)
  region size 1024K, 36 young (36864K), 3 survivors (3072K)
 Metaspace       used 85220K, committed 86464K, reserved 1179648K
  class space    used 11614K, committed 12096K, reserved 1048576K
}
Event: 4793.533 GC heap after
{Heap after GC invocations=47 (full 0):
 garbage-first heap   total reserved 1026048K, committed 84992K, used 40570K [0x00000000c1600000, 0x0000000100000000)
  region size 1024K, 3 young (3072K), 3 survivors (3072K)
 Metaspace       used 85220K, committed 86464K, reserved 1179648K
  class space    used 11614K, committed 12096K, reserved 1048576K
}
Event: 5231.284 GC heap before
{Heap before GC invocations=47 (full 0):
 garbage-first heap   total reserved 1026048K, committed 84992K, used 74362K [0x00000000c1600000, 0x0000000100000000)
  region size 1024K, 37 young (37888K), 3 survivors (3072K)
 Metaspace       used 86250K, committed 86976K, reserved 1179648K
  class space    used 11717K, committed 12096K, reserved 1048576K
}
Event: 5231.306 GC heap after
{Heap after GC invocations=48 (full 0):
 garbage-first heap   total reserved 1026048K, committed 84992K, used 41490K [0x00000000c1600000, 0x0000000100000000)
  region size 1024K, 3 young (3072K), 3 survivors (3072K)
 Metaspace       used 86250K, committed 86976K, reserved 1179648K
  class space    used 11717K, committed 12096K, reserved 1048576K
}

Dll operation events (14 events):
Event: 0.048 Loaded shared library C:\Program Files\Java\jdk-22\bin\java.dll
Event: 0.171 Loaded shared library C:\Program Files\Java\jdk-22\bin\jsvml.dll
Event: 0.713 Loaded shared library C:\Program Files\Java\jdk-22\bin\zip.dll
Event: 0.728 Loaded shared library C:\Program Files\Java\jdk-22\bin\instrument.dll
Event: 0.749 Loaded shared library C:\Program Files\Java\jdk-22\bin\net.dll
Event: 0.755 Loaded shared library C:\Program Files\Java\jdk-22\bin\nio.dll
Event: 0.772 Loaded shared library C:\Program Files\Java\jdk-22\bin\zip.dll
Event: 1.820 Loaded shared library C:\Program Files\Java\jdk-22\bin\jimage.dll
Event: 2.174 Loaded shared library C:\Program Files\Java\jdk-22\bin\verify.dll
Event: 4.550 Loaded shared library C:\Program Files\Java\jdk-22\bin\management.dll
Event: 4.563 Loaded shared library C:\Program Files\Java\jdk-22\bin\management_ext.dll
Event: 7.399 Loaded shared library C:\Program Files\Java\jdk-22\bin\le.dll
Event: 8.855 Loaded shared library C:\Program Files\Java\jdk-22\bin\sunmscapi.dll
Event: 16.378 Loaded shared library C:\Program Files\Java\jdk-22\bin\extnet.dll

Deoptimization events (20 events):
Event: 5349.013 Thread 0x000001ef56005a60 DEOPT PACKING pc=0x000001ef006729ec sp=0x000000e5100f9e70
Event: 5349.013 Thread 0x000001ef56005a60 DEOPT UNPACKING pc=0x000001ef07584e42 sp=0x000000e5100f9420 mode 1
Event: 5349.013 Thread 0x000001ef56005a60 DEOPT PACKING pc=0x000001ef00671224 sp=0x000000e5100f9fe0
Event: 5349.013 Thread 0x000001ef56005a60 DEOPT UNPACKING pc=0x000001ef07584e42 sp=0x000000e5100f9580 mode 1
Event: 5349.181 Thread 0x000001ef56005a60 Uncommon trap: trap_request=0xffffff97 fr.pc=0x000001ef07f06448 relative=0x0000000000000108
Event: 5349.181 Thread 0x000001ef56005a60 Uncommon trap: reason=unhandled action=none pc=0x000001ef07f06448 method=jdk.internal.loader.BuiltinClassLoader.loadClass(Ljava/lang/String;Z)Ljava/lang/Class; @ 19 c2
Event: 5349.181 Thread 0x000001ef56005a60 DEOPT PACKING pc=0x000001ef07f06448 sp=0x000000e5100f7970
Event: 5349.181 Thread 0x000001ef56005a60 DEOPT UNPACKING pc=0x000001ef075846a2 sp=0x000000e5100f7890 mode 2
Event: 5349.181 Thread 0x000001ef56005a60 DEOPT PACKING pc=0x000001ef001ce4e4 sp=0x000000e5100f79c0
Event: 5349.181 Thread 0x000001ef56005a60 DEOPT UNPACKING pc=0x000001ef07584e42 sp=0x000000e5100f6e68 mode 1
Event: 5349.181 Thread 0x000001ef56005a60 DEOPT PACKING pc=0x000001ef07f54ad0 sp=0x000000e5100f8380
Event: 5349.181 Thread 0x000001ef56005a60 DEOPT UNPACKING pc=0x000001ef07584e42 sp=0x000000e5100f7790 mode 1
Event: 5349.182 Thread 0x000001ef56005a60 Uncommon trap: trap_request=0xffffff97 fr.pc=0x000001ef07f06448 relative=0x0000000000000108
Event: 5349.182 Thread 0x000001ef56005a60 Uncommon trap: reason=unhandled action=none pc=0x000001ef07f06448 method=jdk.internal.loader.BuiltinClassLoader.loadClass(Ljava/lang/String;Z)Ljava/lang/Class; @ 19 c2
Event: 5349.182 Thread 0x000001ef56005a60 DEOPT PACKING pc=0x000001ef07f06448 sp=0x000000e5100f7970
Event: 5349.182 Thread 0x000001ef56005a60 DEOPT UNPACKING pc=0x000001ef075846a2 sp=0x000000e5100f7890 mode 2
Event: 5349.183 Thread 0x000001ef56005a60 DEOPT PACKING pc=0x000001ef001ce4e4 sp=0x000000e5100f79c0
Event: 5349.183 Thread 0x000001ef56005a60 DEOPT UNPACKING pc=0x000001ef07584e42 sp=0x000000e5100f6e68 mode 1
Event: 5349.183 Thread 0x000001ef56005a60 DEOPT PACKING pc=0x000001ef07f54ad0 sp=0x000000e5100f8380
Event: 5349.184 Thread 0x000001ef56005a60 DEOPT UNPACKING pc=0x000001ef07584e42 sp=0x000000e5100f7790 mode 1

Classes loaded (20 events):
Event: 494.109 Loading class jdk/internal/reflect/MethodHandleDoubleFieldAccessorImpl
Event: 494.109 Loading class jdk/internal/reflect/MethodHandleDoubleFieldAccessorImpl done
Event: 494.114 Loading class jdk/internal/reflect/MethodHandleBooleanFieldAccessorImpl
Event: 494.115 Loading class jdk/internal/reflect/MethodHandleBooleanFieldAccessorImpl done
Event: 494.337 Loading class sun/util/resources/LocaleData$CommonResourceBundleProvider
Event: 494.338 Loading class sun/util/resources/LocaleData$LocaleDataResourceBundleProvider
Event: 494.338 Loading class java/util/spi/ResourceBundleProvider
Event: 494.339 Loading class java/util/spi/ResourceBundleProvider done
Event: 494.340 Loading class sun/util/resources/LocaleData$LocaleDataResourceBundleProvider done
Event: 494.340 Loading class sun/util/resources/LocaleData$CommonResourceBundleProvider done
Event: 494.340 Loading class java/util/ArrayList$SubList$1
Event: 494.341 Loading class java/util/ArrayList$SubList$1 done
Event: 494.341 Loading class sun/util/resources/Bundles$2
Event: 494.342 Loading class sun/util/resources/Bundles$2 done
Event: 1780.575 Loading class sun/net/ConnectionResetException
Event: 1780.633 Loading class sun/net/ConnectionResetException done
Event: 4794.868 Loading class jdk/internal/reflect/MethodHandleFloatFieldAccessorImpl
Event: 4794.871 Loading class jdk/internal/reflect/MethodHandleFloatFieldAccessorImpl done
Event: 5348.962 Loading class java/text/ParsePosition
Event: 5348.976 Loading class java/text/ParsePosition done

Classes unloaded (20 events):
Event: 1237.201 Thread 0x000001ef6fcfea20 Unloading class 0x000001ef10018000 'java/lang/invoke/LambdaForm$MH+0x000001ef10018000'
Event: 1237.201 Thread 0x000001ef6fcfea20 Unloading class 0x000001ef10004000 'java/lang/invoke/LambdaForm$MH+0x000001ef10004000'
Event: 1237.201 Thread 0x000001ef6fcfea20 Unloading class 0x000001ef10003c00 'java/lang/invoke/LambdaForm$MH+0x000001ef10003c00'
Event: 1237.201 Thread 0x000001ef6fcfea20 Unloading class 0x000001ef10003800 'java/lang/invoke/LambdaForm$MH+0x000001ef10003800'
Event: 1237.201 Thread 0x000001ef6fcfea20 Unloading class 0x000001ef10003400 'java/lang/invoke/LambdaForm$MH+0x000001ef10003400'
Event: 3390.474 Thread 0x000001ef6fcfea20 Unloading class 0x000001ef103cc400 'java/lang/invoke/LambdaForm$MH+0x000001ef103cc400'
Event: 3390.475 Thread 0x000001ef6fcfea20 Unloading class 0x000001ef103ac000 'java/lang/invoke/LambdaForm$MH+0x000001ef103ac000'
Event: 3390.475 Thread 0x000001ef6fcfea20 Unloading class 0x000001ef1039a000 'java/lang/invoke/LambdaForm$BMH+0x000001ef1039a000'
Event: 3390.476 Thread 0x000001ef6fcfea20 Unloading class 0x000001ef1032c400 'java/lang/invoke/LambdaForm$MH+0x000001ef1032c400'
Event: 3390.476 Thread 0x000001ef6fcfea20 Unloading class 0x000001ef1032b800 'java/lang/invoke/LambdaForm$MH+0x000001ef1032b800'
Event: 3390.476 Thread 0x000001ef6fcfea20 Unloading class 0x000001ef1032b400 'java/lang/invoke/LambdaForm$MH+0x000001ef1032b400'
Event: 3390.476 Thread 0x000001ef6fcfea20 Unloading class 0x000001ef1032b000 'java/lang/invoke/LambdaForm$MH+0x000001ef1032b000'
Event: 3390.476 Thread 0x000001ef6fcfea20 Unloading class 0x000001ef1032a800 'java/lang/invoke/LambdaForm$MH+0x000001ef1032a800'
Event: 3390.476 Thread 0x000001ef6fcfea20 Unloading class 0x000001ef1032a000 'java/lang/invoke/LambdaForm$MH+0x000001ef1032a000'
Event: 3390.476 Thread 0x000001ef6fcfea20 Unloading class 0x000001ef10134c00 'java/lang/invoke/LambdaForm$MH+0x000001ef10134c00'
Event: 3390.476 Thread 0x000001ef6fcfea20 Unloading class 0x000001ef100acc00 'java/lang/invoke/LambdaForm$MH+0x000001ef100acc00'
Event: 3390.477 Thread 0x000001ef6fcfea20 Unloading class 0x000001ef10083800 'java/lang/invoke/LambdaForm$MH+0x000001ef10083800'
Event: 3390.478 Thread 0x000001ef6fcfea20 Unloading class 0x000001ef10083000 'java/lang/invoke/LambdaForm$MH+0x000001ef10083000'
Event: 3390.478 Thread 0x000001ef6fcfea20 Unloading class 0x000001ef10082800 'java/lang/invoke/LambdaForm$MH+0x000001ef10082800'
Event: 3390.478 Thread 0x000001ef6fcfea20 Unloading class 0x000001ef10082400 'java/lang/invoke/LambdaForm$MH+0x000001ef10082400'

Classes redefined (0 events):
No events

Internal exceptions (20 events):
Event: 4794.876 Thread 0x000001ef56002c70 Exception <a 'java/lang/NoSuchMethodError'{0x00000000c63fd180}: 'void java.lang.invoke.DelegatingMethodHandle$Holder.reinvoke_L(java.lang.Object, java.lang.Object, float)'> (0x00000000c63fd180) 
thrown [s\open\src\hotspot\share\interpreter\linkResolver.cpp, line 774]
Event: 4794.944 Thread 0x000001ef56002c70 Exception <a 'java/lang/NoSuchMethodError'{0x00000000c6100340}: 'float java.lang.invoke.Invokers$Holder.invokeExact_MT(java.lang.Object, java.lang.Object, java.lang.Object)'> (0x00000000c6100340) 
thrown [s\open\src\hotspot\share\interpreter\linkResolver.cpp, line 774]
Event: 4802.223 Thread 0x000001ef56001230 Exception <a 'sun/net/ConnectionResetException'{0x00000000c6577668}: Connection reset> (0x00000000c6577668) 
thrown [s\open\src\hotspot\share\prims\jni.cpp, line 539]
Event: 4802.224 Thread 0x000001ef56003990 Exception <a 'sun/net/ConnectionResetException'{0x00000000c68f96f0}: Connection reset> (0x00000000c68f96f0) 
thrown [s\open\src\hotspot\share\prims\jni.cpp, line 539]
Event: 4802.225 Thread 0x000001ef56001230 Exception <a 'java/io/IOException'{0x00000000c6578280}: Connection reset by peer> (0x00000000c6578280) 
thrown [s\open\src\hotspot\share\prims\jni.cpp, line 539]
Event: 4802.225 Thread 0x000001ef56003990 Exception <a 'java/io/IOException'{0x00000000c68fa308}: Connection reset by peer> (0x00000000c68fa308) 
thrown [s\open\src\hotspot\share\prims\jni.cpp, line 539]
Event: 4802.227 Thread 0x000001ef55fff160 Exception <a 'sun/net/ConnectionResetException'{0x00000000c6261330}: Connection reset> (0x00000000c6261330) 
thrown [s\open\src\hotspot\share\prims\jni.cpp, line 539]
Event: 4802.228 Thread 0x000001ef55fff160 Exception <a 'java/io/IOException'{0x00000000c6261f48}: Connection reset by peer> (0x00000000c6261f48) 
thrown [s\open\src\hotspot\share\prims\jni.cpp, line 539]
Event: 5125.786 Thread 0x000001ef56004020 Exception <a 'java/lang/NoSuchMethodError'{0x00000000c4fd4780}: 'void java.lang.invoke.DirectMethodHandle$Holder.invokeVirtual(java.lang.Object, java.lang.Object, double)'> (0x00000000c4fd4780) 
thrown [s\open\src\hotspot\share\interpreter\linkResolver.cpp, line 774]
Event: 5125.791 Thread 0x000001ef56004020 Exception <a 'java/lang/NoSuchMethodError'{0x00000000c4fdf760}: 'double java.lang.invoke.DelegatingMethodHandle$Holder.reinvoke_L(java.lang.Object, java.lang.Object, int)'> (0x00000000c4fdf760) 
thrown [s\open\src\hotspot\share\interpreter\linkResolver.cpp, line 774]
Event: 5126.007 Thread 0x000001ef56004020 Exception <a 'java/lang/NoSuchMethodError'{0x00000000c4d12300}: 'int java.lang.invoke.DirectMethodHandle$Holder.invokeStatic(java.lang.Object, java.lang.Object, int, java.lang.Object)'> (0x00000000c4d12300) 
thrown [s\open\src\hotspot\share\interpreter\linkResolver.cpp, line 774]
Event: 5126.064 Thread 0x000001ef56004020 Exception <a 'java/lang/NoSuchMethodError'{0x00000000c4db74b0}: 'java.lang.Object java.lang.invoke.DirectMethodHandle$Holder.invokeStatic(java.lang.Object, int, java.lang.Object)'> (0x00000000c4db74b0) 
thrown [s\open\src\hotspot\share\interpreter\linkResolver.cpp, line 774]
Event: 5126.066 Thread 0x000001ef56004020 Exception <a 'java/lang/NoSuchMethodError'{0x00000000c4dbd630}: 'void java.lang.invoke.DirectMethodHandle$Holder.invokeStatic(java.lang.Object, int, java.lang.Object, java.lang.Object, java.lang.Object, java.lang.Object)'> (0x00000000c4dbd630) 
thrown [s\open\src\hotspot\share\interpreter\linkResolver.cpp, line 774]
Event: 5336.517 Thread 0x000001ef58c22a60 Exception <a 'java/io/IOException'{0x00000000c5f01e28}> (0x00000000c5f01e28) 
thrown [s\open\src\hotspot\share\prims\jni.cpp, line 520]
Event: 5336.521 Thread 0x000001ef58c22a60 Exception <a 'java/io/IOException'{0x00000000c5f02da0}> (0x00000000c5f02da0) 
thrown [s\open\src\hotspot\share\prims\jni.cpp, line 520]
Event: 5342.151 Thread 0x000001ef58c25850 Exception <a 'java/net/SocketException'{0x00000000c5f77130}: Connection reset by peer: shutdown> (0x00000000c5f77130) 
thrown [s\open\src\hotspot\share\prims\jni.cpp, line 539]
Event: 5348.954 Thread 0x000001ef56005a60 Exception <a 'java/lang/NoSuchMethodError'{0x00000000c5c5ce98}: 'long java.lang.invoke.DirectMethodHandle$Holder.invokeStatic(java.lang.Object, java.lang.Object, int)'> (0x00000000c5c5ce98) 
thrown [s\open\src\hotspot\share\interpreter\linkResolver.cpp, line 774]
Event: 5348.958 Thread 0x000001ef56005a60 Exception <a 'java/lang/NoSuchMethodError'{0x00000000c5c6afc0}: 'void java.lang.invoke.DelegatingMethodHandle$Holder.reinvoke_L(java.lang.Object, java.lang.Object, int)'> (0x00000000c5c6afc0) 
thrown [s\open\src\hotspot\share\interpreter\linkResolver.cpp, line 774]
Event: 5349.047 Thread 0x000001ef56005a60 Exception <a 'java/lang/NoSuchMethodError'{0x00000000c5cfa700}: 'int java.lang.invoke.DirectMethodHandle$Holder.invokeStatic(java.lang.Object, java.lang.Object, int, int)'> (0x00000000c5cfa700) 
thrown [s\open\src\hotspot\share\interpreter\linkResolver.cpp, line 774]
Event: 5349.252 Thread 0x000001ef56005a60 Exception <a 'java/lang/IncompatibleClassChangeError'{0x00000000c5aa3210}: Found class java.lang.Object, but interface was expected> (0x00000000c5aa3210) 
thrown [s\open\src\hotspot\share\interpreter\linkResolver.cpp, line 841]

ZGC Phase Switch (0 events):
No events

VM Operations (20 events):
Event: 5285.946 Executing VM operation: Cleanup
Event: 5285.946 Executing VM operation: Cleanup done
Event: 5286.958 Executing VM operation: Cleanup
Event: 5286.958 Executing VM operation: Cleanup done
Event: 5291.444 Executing VM operation: HandshakeAllThreads (HandshakeForDeflation)
Event: 5291.445 Executing VM operation: HandshakeAllThreads (HandshakeForDeflation) done
Event: 5291.445 Executing VM operation: RendezvousGCThreads
Event: 5291.445 Executing VM operation: RendezvousGCThreads done
Event: 5336.731 Executing VM operation: Cleanup
Event: 5336.731 Executing VM operation: Cleanup done
Event: 5342.783 Executing VM operation: Cleanup
Event: 5342.783 Executing VM operation: Cleanup done
Event: 5349.092 Executing VM operation: HandshakeAllThreads (Deoptimize)
Event: 5349.093 Executing VM operation: HandshakeAllThreads (Deoptimize) done
Event: 5349.093 Executing VM operation: Cleanup
Event: 5349.093 Executing VM operation: Cleanup done
Event: 5349.109 Executing VM operation: HandshakeAllThreads (Deoptimize)
Event: 5349.110 Executing VM operation: HandshakeAllThreads (Deoptimize) done
Event: 5350.123 Executing VM operation: Cleanup
Event: 5350.123 Executing VM operation: Cleanup done

Memory protections (0 events):
No events

Nmethod flushes (20 events):
Event: 5231.763 Thread 0x000001ef6fcfea20 flushing  nmethod 0x000001ef00d5ec90
Event: 5231.763 Thread 0x000001ef6fcfea20 flushing  nmethod 0x000001ef00d5f190
Event: 5231.763 Thread 0x000001ef6fcfea20 flushing  nmethod 0x000001ef00d60690
Event: 5231.763 Thread 0x000001ef6fcfea20 flushing  nmethod 0x000001ef00d61310
Event: 5231.763 Thread 0x000001ef6fcfea20 flushing  nmethod 0x000001ef00d61790
Event: 5231.763 Thread 0x000001ef6fcfea20 flushing  nmethod 0x000001ef00d65090
Event: 5231.763 Thread 0x000001ef6fcfea20 flushing  nmethod 0x000001ef00d87c90
Event: 5231.763 Thread 0x000001ef6fcfea20 flushing  nmethod 0x000001ef00d88810
Event: 5231.763 Thread 0x000001ef6fcfea20 flushing  nmethod 0x000001ef00d8db10
Event: 5231.763 Thread 0x000001ef6fcfea20 flushing  nmethod 0x000001ef00d8e010
Event: 5231.763 Thread 0x000001ef6fcfea20 flushing  nmethod 0x000001ef00d8f990
Event: 5231.763 Thread 0x000001ef6fcfea20 flushing  nmethod 0x000001ef00da3690
Event: 5231.763 Thread 0x000001ef6fcfea20 flushing  nmethod 0x000001ef00da3b10
Event: 5231.763 Thread 0x000001ef6fcfea20 flushing  nmethod 0x000001ef00da4a90
Event: 5231.763 Thread 0x000001ef6fcfea20 flushing  nmethod 0x000001ef00da6610
Event: 5231.763 Thread 0x000001ef6fcfea20 flushing  nmethod 0x000001ef00da6990
Event: 5231.763 Thread 0x000001ef6fcfea20 flushing  nmethod 0x000001ef00da6f10
Event: 5231.763 Thread 0x000001ef6fcfea20 flushing  nmethod 0x000001ef00da8610
Event: 5231.763 Thread 0x000001ef6fcfea20 flushing  nmethod 0x000001ef00dabc90
Event: 5231.763 Thread 0x000001ef6fcfea20 flushing  nmethod 0x000001ef00dadd10

Events (20 events):
Event: 3566.321 Thread 0x000001ef553fadf0 Thread exited: 0x000001ef553fadf0
Event: 3566.414 Thread 0x000001ef553fbb10 Thread exited: 0x000001ef553fbb10
Event: 3571.162 Thread 0x000001ef56008580 Thread added: 0x000001ef553f8000
Event: 3571.166 Thread 0x000001ef553f8000 Thread added: 0x000001ef553f65c0
Event: 3571.246 Thread 0x000001ef5016fb90 Thread added: 0x000001ef58da94e0
Event: 3575.394 Thread 0x000001ef58da94e0 Thread exited: 0x000001ef58da94e0
Event: 3583.834 Thread 0x000001ef553f8000 Thread exited: 0x000001ef553f8000
Event: 3583.926 Thread 0x000001ef553f65c0 Thread exited: 0x000001ef553f65c0
Event: 3609.407 Thread 0x000001ef56008580 Thread added: 0x000001ef553f9a40
Event: 3609.418 Thread 0x000001ef553f9a40 Thread added: 0x000001ef553fadf0
Event: 3616.215 Thread 0x000001ef553f9a40 Thread exited: 0x000001ef553f9a40
Event: 3616.309 Thread 0x000001ef553fadf0 Thread exited: 0x000001ef553fadf0
Event: 5125.895 Thread 0x000001ef5016fb90 Thread added: 0x000001ef58da8070
Event: 5131.250 Thread 0x000001ef58da8070 Thread exited: 0x000001ef58da8070
Event: 5336.514 Thread 0x000001ef56008580 Thread added: 0x000001ef58c22a60
Event: 5336.523 Thread 0x000001ef58c22a60 Thread added: 0x000001ef58c251c0
Event: 5341.536 Thread 0x000001ef58c22a60 Thread exited: 0x000001ef58c22a60
Event: 5341.661 Thread 0x000001ef58c251c0 Thread exited: 0x000001ef58c251c0
Event: 5342.146 Thread 0x000001ef56008580 Thread added: 0x000001ef58c25850
Event: 5342.152 Thread 0x000001ef58c25850 Thread added: 0x000001ef58c251c0


Dynamic libraries:
0x00007ff652020000 - 0x00007ff652030000 	C:\Program Files\Java\jdk-22\bin\javaw.exe
0x00007ffb58cf0000 - 0x00007ffb58ee8000 	C:\Windows\SYSTEM32\ntdll.dll
0x00007ffb57d40000 - 0x00007ffb57e01000 	C:\Windows\System32\KERNEL32.DLL
0x00007ffb56480000 - 0x00007ffb56776000 	C:\Windows\System32\KERNELBASE.dll
0x00007ffb56b80000 - 0x00007ffb56c80000 	C:\Windows\System32\ucrtbase.dll
0x00007ffb53090000 - 0x00007ffb530ab000 	C:\Program Files\Java\jdk-22\bin\VCRUNTIME140.dll
0x00007ffb4cad0000 - 0x00007ffb4cae7000 	C:\Program Files\Java\jdk-22\bin\jli.dll
0x00007ffb57f30000 - 0x00007ffb580cf000 	C:\Windows\System32\USER32.dll
0x00007ffb56980000 - 0x00007ffb569a2000 	C:\Windows\System32\win32u.dll
0x00007ffb575f0000 - 0x00007ffb5761b000 	C:\Windows\System32\GDI32.dll
0x00007ffb56a60000 - 0x00007ffb56b77000 	C:\Windows\System32\gdi32full.dll
0x00007ffb56c80000 - 0x00007ffb56d1d000 	C:\Windows\System32\msvcp_win.dll
0x00007ffb46150000 - 0x00007ffb463ea000 	C:\Windows\WinSxS\amd64_microsoft.windows.common-controls_6595b64144ccf1df_6.0.19041.4355_none_60b8b9eb71f62e16\COMCTL32.dll
0x00007ffb56fa0000 - 0x00007ffb5703e000 	C:\Windows\System32\msvcrt.dll
0x00007ffb57450000 - 0x00007ffb5747f000 	C:\Windows\System32\IMM32.DLL
0x00007ffb53080000 - 0x00007ffb5308c000 	C:\Program Files\Java\jdk-22\bin\vcruntime140_1.dll
0x00007ffb3d4c0000 - 0x00007ffb3d54e000 	C:\Program Files\Java\jdk-22\bin\msvcp140.dll
0x00007ffb011a0000 - 0x00007ffb01ee9000 	C:\Program Files\Java\jdk-22\bin\server\jvm.dll
0x00007ffb576b0000 - 0x00007ffb57760000 	C:\Windows\System32\ADVAPI32.dll
0x00007ffb56d20000 - 0x00007ffb56dc0000 	C:\Windows\System32\sechost.dll
0x00007ffb572a0000 - 0x00007ffb573c3000 	C:\Windows\System32\RPCRT4.dll
0x00007ffb56780000 - 0x00007ffb567a7000 	C:\Windows\System32\bcrypt.dll
0x00007ffb573d0000 - 0x00007ffb5743b000 	C:\Windows\System32\WS2_32.dll
0x00007ffb55920000 - 0x00007ffb5596b000 	C:\Windows\SYSTEM32\POWRPROF.dll
0x00007ffb4a840000 - 0x00007ffb4a84a000 	C:\Windows\SYSTEM32\VERSION.dll
0x00007ffb4a810000 - 0x00007ffb4a837000 	C:\Windows\SYSTEM32\WINMM.dll
0x00007ffb55790000 - 0x00007ffb557a2000 	C:\Windows\SYSTEM32\UMPDC.dll
0x00007ffb54c00000 - 0x00007ffb54c12000 	C:\Windows\SYSTEM32\kernel.appcore.dll
0x00007ffb528f0000 - 0x00007ffb528fa000 	C:\Program Files\Java\jdk-22\bin\jimage.dll
0x00007ffb3fd70000 - 0x00007ffb3ff54000 	C:\Windows\SYSTEM32\DBGHELP.DLL
0x00007ffb402b0000 - 0x00007ffb402e4000 	C:\Windows\SYSTEM32\dbgcore.DLL
0x00007ffb563f0000 - 0x00007ffb56472000 	C:\Windows\System32\bcryptPrimitives.dll
0x00007ffb38840000 - 0x00007ffb3887c000 	C:\Program Files\Java\jdk-22\bin\jdwp.dll
0x00007ffb4eca0000 - 0x00007ffb4ecaf000 	C:\Program Files\Java\jdk-22\bin\instrument.dll
0x00007ffb4bd80000 - 0x00007ffb4bd9e000 	C:\Program Files\Java\jdk-22\bin\java.dll
0x00007ffb580d0000 - 0x00007ffb5883c000 	C:\Windows\System32\SHELL32.dll
0x00007ffb570a0000 - 0x00007ffb571cb000 	C:\Windows\System32\ole32.dll
0x00007ffb588f0000 - 0x00007ffb58c43000 	C:\Windows\System32\combase.dll
0x00007ffb54350000 - 0x00007ffb54aee000 	C:\Windows\SYSTEM32\windows.storage.dll
0x00007ffb55dc0000 - 0x00007ffb55dee000 	C:\Windows\SYSTEM32\Wldp.dll
0x00007ffb571d0000 - 0x00007ffb5729d000 	C:\Windows\System32\OLEAUT32.dll
0x00007ffb58840000 - 0x00007ffb588ed000 	C:\Windows\System32\SHCORE.dll
0x00007ffb58c50000 - 0x00007ffb58ca5000 	C:\Windows\System32\shlwapi.dll
0x00007ffb562d0000 - 0x00007ffb562f4000 	C:\Windows\SYSTEM32\profapi.dll
0x00007ffb2eac0000 - 0x00007ffb2eb97000 	C:\Program Files\Java\jdk-22\bin\jsvml.dll
0x00007ffb4c940000 - 0x00007ffb4c94c000 	C:\Program Files\Java\jdk-22\bin\dt_socket.dll
0x00007ffb557b0000 - 0x00007ffb557eb000 	C:\Windows\SYSTEM32\IPHLPAPI.DLL
0x00007ffb55b20000 - 0x00007ffb55b8a000 	C:\Windows\system32\mswsock.dll
0x00007ffb55800000 - 0x00007ffb558ca000 	C:\Windows\SYSTEM32\DNSAPI.dll
0x00007ffb575e0000 - 0x00007ffb575e8000 	C:\Windows\System32\NSI.dll
0x00007ffb474e0000 - 0x00007ffb474ea000 	C:\Windows\System32\rasadhlp.dll
0x00007ffb47450000 - 0x00007ffb474d0000 	C:\Windows\System32\fwpuclnt.dll
0x00007ffb45c20000 - 0x00007ffb45c37000 	C:\Program Files\Java\jdk-22\bin\zip.dll
0x00007ffb4c0b0000 - 0x00007ffb4c0c0000 	C:\Program Files\Java\jdk-22\bin\net.dll
0x00007ffb42db0000 - 0x00007ffb42dc6000 	C:\Program Files\Java\jdk-22\bin\nio.dll
0x00007ffb4bd70000 - 0x00007ffb4bd80000 	C:\Program Files\Java\jdk-22\bin\verify.dll
0x00007ffb4b540000 - 0x00007ffb4b54a000 	C:\Program Files\Java\jdk-22\bin\management.dll
0x00007ffb4aa10000 - 0x00007ffb4aa1b000 	C:\Program Files\Java\jdk-22\bin\management_ext.dll
0x00007ffb57440000 - 0x00007ffb57448000 	C:\Windows\System32\PSAPI.DLL
0x00007ffb46490000 - 0x00007ffb4649b000 	C:\Program Files\Java\jdk-22\bin\le.dll
0x00007ffb45c10000 - 0x00007ffb45c1e000 	C:\Program Files\Java\jdk-22\bin\sunmscapi.dll
0x00007ffb567b0000 - 0x00007ffb5690e000 	C:\Windows\System32\CRYPT32.dll
0x00007ffb55e30000 - 0x00007ffb55e59000 	C:\Windows\SYSTEM32\ncrypt.dll
0x00007ffb55df0000 - 0x00007ffb55e2b000 	C:\Windows\SYSTEM32\NTASN1.dll
0x00007ffb55d20000 - 0x00007ffb55d38000 	C:\Windows\SYSTEM32\CRYPTSP.dll
0x00007ffb553d0000 - 0x00007ffb55404000 	C:\Windows\system32\rsaenh.dll
0x00007ffb56240000 - 0x00007ffb5626e000 	C:\Windows\SYSTEM32\USERENV.dll
0x00007ffb55d10000 - 0x00007ffb55d1c000 	C:\Windows\SYSTEM32\CRYPTBASE.dll
0x00007ffb42da0000 - 0x00007ffb42da9000 	C:\Program Files\Java\jdk-22\bin\extnet.dll
0x00007ffb53060000 - 0x00007ffb53067000 	C:\Windows\system32\wshunix.dll

dbghelp: loaded successfully - version: 4.0.5 - missing functions: none
symbol engine: initialized successfully - sym options: 0x614 - pdb path: .;C:\Program Files\Java\jdk-22\bin;C:\Windows\SYSTEM32;C:\Windows\WinSxS\amd64_microsoft.windows.common-controls_6595b64144ccf1df_6.0.19041.4355_none_60b8b9eb71f62e16;C:\Program Files\Java\jdk-22\bin\server

VM Arguments:
jvm_args: -XX:+ShowCodeDetailsInExceptionMessages -agentlib:jdwp=transport=dt_socket,suspend=y,address=localhost:53632 -javaagent:E:\CDAC\Java\eclipse-jee-2024-06-R-win32-x86_64\eclipse\configuration\org.eclipse.osgi\448\0\.cp\lib\javaagent-shaded.jar -Dfile.encoding=UTF-8 -Dstdout.encoding=UTF-8 -Dstderr.encoding=UTF-8 
java_command: com.app.Manager2Application
java_class_path (initial): E:\CDAC\Project\FinanceProject2\BackEnd\manager2\target\classes;C:\Users\GURU\.m2\repository\org\springframework\boot\spring-boot-starter-data-jpa\3.3.2\spring-boot-starter-data-jpa-3.3.2.jar;C:\Users\GURU\.m2\repository\org\springframework\boot\spring-boot-starter-aop\3.3.2\spring-boot-starter-aop-3.3.2.jar;C:\Users\GURU\.m2\repository\org\aspectj\aspectjweaver\1.9.22.1\aspectjweaver-1.9.22.1.jar;C:\Users\GURU\.m2\repository\org\hibernate\orm\hibernate-core\6.5.2.Final\hibernate-core-6.5.2.Final.jar;C:\Users\GURU\.m2\repository\jakarta\persistence\jakarta.persistence-api\3.1.0\jakarta.persistence-api-3.1.0.jar;C:\Users\GURU\.m2\repository\jakarta\transaction\jakarta.transaction-api\2.0.1\jakarta.transaction-api-2.0.1.jar;C:\Users\GURU\.m2\repository\org\jboss\logging\jboss-logging\3.5.3.Final\jboss-logging-3.5.3.Final.jar;C:\Users\GURU\.m2\repository\org\hibernate\common\hibernate-commons-annotations\6.0.6.Final\hibernate-commons-annotations-6.0.6.Final.jar;C:\Users\GURU\.m2\repository\io\smallrye\jandex\3.1.2\jandex-3.1.2.jar;C:\Users\GURU\.m2\repository\com\fasterxml\classmate\1.7.0\classmate-1.7.0.jar;C:\Users\GURU\.m2\repository\net\bytebuddy\byte-buddy\1.14.18\byte-buddy-1.14.18.jar;C:\Users\GURU\.m2\repository\org\glassfish\jaxb\jaxb-runtime\4.0.5\jaxb-runtime-4.0.5.jar;C:\Users\GURU\.m2\repository\org\glassfish\jaxb\jaxb-core\4.0.5\jaxb-core-4.0.5.jar;C:\Users\GURU\.m2\repository\org\glassfish\jaxb\txw2\4.0.5\txw2-4.0.5.jar;C:\Users\GURU\.m2\repository\com\sun\istack\istack-commons-runtime\4.1.2\istack-commons-runtime-4.1.2.jar;C:\Users\GURU\.m2\repository\jakarta\inject\jakarta.inject-api\2.0.1\jakarta.inject-api-2.0.1.jar;C:\Users\GURU\.m2\repository\org\antlr\antlr4-runtime\4.13.0\antlr4-runtime-4.13.0.jar;C:\Users\GURU\.m2\repository\org\springframework\data\spring-data-jpa\3.3.2\spring-data-jpa-3.3.2.jar;C:\Users\GURU\.m2\repository\org\springframework\data\spring-data-commons\3.3.2\spring-data-commons-3.3.2.jar;C:\Users\GURU\.m2\repository\org\springframework\spring-orm\6.1.11\spring-orm-6.1.11.jar;C:\Users\GURU\.m2\repository\org\springframework\spring-context\6.1.11\spring-context-6.1.11.jar;C:\Users\GURU\.m2\repository\org\springframework\spring-tx\6.1.11\spring-tx-6.1.11.jar;C:\Users\GURU\.m2\repository\org\springframework\spring-beans\6.1.11\spring-beans-6.1.11.jar;C:\Users\GURU\.m2\repository\org\springframework\spring-aspects\6.1.11\spring-aspects-6.1.11.jar;C:\Users\GURU\.m2\repository\org\springframework\boot\spring-boot-starter-data-rest\3.3.2\spring-boot-starter-data-rest-3.3.2.jar;C:\Users\GURU\.m2\repository\org\springframework\data\spring-data-rest-webmvc\4.3.2\spring-data-rest-webmvc-4.3.2.jar;C:\Users\GURU\.m2\repository\org\springframework\data\spring-data-rest-core\4.3.2\spring-data-rest-core-4.3.2.jar;C:\Users\GURU\.m2\repository\org\springframework\hateoas\spring-hateoas\2.3.1\spring-hateoas-2.3.1.jar;C:\Users\GURU\.m2\repository\org\springframework\plugin\spring-plugin-core\3.0.0\spring-plugin-core-3.0.0.jar;C:\Users\GURU\.m2\repository\org\atteo\evo-inflector\1.3\evo-inflector-1.3.jar;C:\Users\GURU\.m2\repository\com\fasterxml\jackson\core\jackson-databind\2.17.2\jackson-databind-2.17.2.jar;C:\Users\GURU\.m2\repository\com\fasterxml\jackson\core\jackson-core\2.17.2\jackson-core-2.17.2.jar;C:\Users\GURU\.m2\repository\com\fasterxml\jackson\core\jackson-annotations\2.17.2\jackson-annotations-2.17.2.jar;C:\Users\GURU\.m2\repository\org\springframework\boot\spring-boot-starter-jdbc\3.3.2\spring-boot-starter-jdbc-3.3.2.jar;C:\Users\GURU\.m2\repository\org\springframework\boot\spring-boot-starter\3.3.2\spring-boot-starter-3.3.2.jar;C:\Users\GURU\.m2\repository\org\springframework\boot\spring-boot-starter-logging\3.3.2\spring-boot-starter-logging-3.3.2.jar;C:\Users\GURU\.m2\repository\ch\qos\logback\logback-classic\1.5.6\logback-classic-1.5.6.jar;C:\Users\GURU\.m2\repository\ch\qos\logback\logback-core\1.5.6\logback-core-1.5.6.jar;C:\Users\GURU\.m2\repository\org\apache\logging\log4j\log4j-to-slf4j\2.23.1\log4j-to-slf4j-2.23.1.jar;C:\Users\GURU\.m2\repository\org\apache\logging\log4j\log4j-api\2.23.1\log4j-api-2.23.1.jar;C:\Users\GURU\.m2\repository\org\slf4j\jul-to-slf4j\2.0.13\jul-to-slf4j-2.0.13.jar;C:\Users\GURU\.m2\repository\org\yaml\snakeyaml\2.2\snakeyaml-2.2.jar;C:\Users\GURU\.m2\repository\com\zaxxer\HikariCP\5.1.0\HikariCP-5.1.0.jar;C:\Users\GURU\.m2\repository\org\springframework\spring-jdbc\6.1.11\spring-jdbc-6.1.11.jar;C:\Users\GURU\.m2\repository\org\springframework\boot\spring-boot-starter-mail\3.3.2\spring-boot-starter-mail-3.3.2.jar;C:\Users\GURU\.m2\repository\org\springframework\spring-context-support\6.1.11\spring-context-support-6.1.11.jar;C:\Users\GURU\.m2\repository\org\eclipse\angus\jakarta.mail\2.0.3\jakarta.mail-2.0.3.jar;C:\Users\GURU\.m2\repository\jakarta\activation\jakarta.activation-api\2.1.3\jakarta.activation-api-2.1.3.jar;C:\Users\GURU\.m2\repository\org\eclipse\angus\angus-activation\2.0.2\angus-activation-2.0.2.jar;C:\Users\GURU\.m2\repository\org\springframework\boot\spring-boot-starter-security\3.3.2\spring-boot-starter-security-3.3.2.jar;C:\Users\GURU\.m2\repository\org\springframework\spring-aop\6.1.11\spring-aop-6.1.11.jar;C:\Users\GURU\.m2\repository\org\springframework\security\spring-security-config\6.3.1\spring-security-config-6.3.1.jar;C:\Users\GURU\.m2\repository\org\springframework\security\spring-security-web\6.3.1\spring-security-web-6.3.1.jar;C:\Users\GURU\.m2\repository\org\springframework\spring-expression\6.1.11\spring-expression-6.1.11.jar;C:\Users\GURU\.m2\repository\org\springframework\boot\spring-boot-starter-web\3.3.2\spring-boot-starter-web-3.3.2.jar;C:\Users\GURU\.m2\repository\org\springframework\boot\spring-boot-starter-json\3.3.2\spring-boot-starter-json-3.3.2.jar;C:\Users\GURU\.m2\repository\com\fasterxml\jackson\datatype\jackson-datatype-jdk8\2.17.2\jackson-datatype-jdk8-2.17.2.jar;C:\Users\GURU\.m2\repository\com\fasterxml\jackson\datatype\jackson-datatype-jsr310\2.17.2\jackson-datatype-jsr310-2.17.2.jar;C:\Users\GURU\.m2\repository\com\fasterxml\jackson\module\jackson-module-parameter-names\2.17.2\jackson-module-parameter-names-2.17.2.jar;C:\Users\GURU\.m2\repository\org\springframework\spring-web\6.1.11\spring-web-6.1.11.jar;C:\Users\GURU\.m2\repository\io\micrometer\micrometer-observation\1.13.2\micrometer-observation-1.13.2.jar;C:\Users\GURU\.m2\repository\io\micrometer\micrometer-commons\1.13.2\micrometer-commons-1.13.2.jar;C:\Users\GURU\.m2\repository\org\springframework\spring-webmvc\6.1.11\spring-webmvc-6.1.11.jar;C:\Users\GURU\.m2\repository\org\springframework\data\spring-data-rest-hal-explorer\4.3.2\spring-data-rest-hal-explorer-4.3.2.jar;C:\Users\GURU\.m2\repository\org\slf4j\slf4j-api\2.0.13\slf4j-api-2.0.13.jar;C:\Users\GURU\.m2\repository\org\springframework\boot\spring-boot-devtools\3.3.2\spring-boot-devtools-3.3.2.jar;C:\Users\GURU\.m2\repository\org\springframework\boot\spring-boot\3.3.2\spring-boot-3.3.2.jar;C:\Users\GURU\.m2\repository\org\springframework\boot\spring-boot-autoconfigure\3.3.2\spring-boot-autoconfigure-3.3.2.jar;C:\Users\GURU\.m2\repository\com\mysql\mysql-connector-j\8.3.0\mysql-connector-j-8.3.0.jar;C:\Users\GURU\.m2\repository\org\springframework\boot\spring-boot-starter-tomcat\3.3.2\spring-boot-starter-tomcat-3.3.2.jar;C:\Users\GURU\.m2\repository\jakarta\annotation\jakarta.annotation-api\2.1.1\jakarta.annotation-api-2.1.1.jar;C:\Users\GURU\.m2\repository\org\apache\tomcat\embed\tomcat-embed-core\10.1.26\tomcat-embed-core-10.1.26.jar;C:\Users\GURU\.m2\repository\org\apache\tomcat\embed\tomcat-embed-el\10.1.26\tomcat-embed-el-10.1.26.jar;C:\Users\GURU\.m2\repository\org\apache\tomcat\embed\tomcat-embed-websocket\10.1.26\tomcat-embed-websocket-10.1.26.jar;C:\Users\GURU\.m2\repository\com\jayway\jsonpath\json-path\2.9.0\json-path-2.9.0.jar;C:\Users\GURU\.m2\repository\jakarta\xml\bind\jakarta.xml.bind-api\4.0.2\jakarta.xml.bind-api-4.0.2.jar;C:\Users\GURU\.m2\repository\net\minidev\json-smart\2.5.1\json-smart-2.5.1.jar;C:\Users\GURU\.m2\repository\net\minidev\accessors-smart\2.5.1\accessors-smart-2.5.1.jar;C:\Users\GURU\.m2\repository\org\ow2\asm\asm\9.6\asm-9.6.jar;C:\Users\GURU\.m2\repository\org\springframework\spring-core\6.1.11\spring-core-6.1.11.jar;C:\Users\GURU\.m2\repository\org\springframework\spring-jcl\6.1.11\spring-jcl-6.1.11.jar;C:\Users\GURU\.m2\repository\org\springframework\security\spring-security-core\6.3.1\spring-security-core-6.3.1.jar;C:\Users\GURU\.m2\repository\org\springframework\security\spring-security-crypto\6.3.1\spring-security-crypto-6.3.1.jar
Launcher Type: SUN_STANDARD

[Global flags]
     intx CICompilerCount                          = 3                                         {product} {ergonomic}
     uint ConcGCThreads                            = 1                                         {product} {ergonomic}
     uint G1ConcRefinementThreads                  = 4                                         {product} {ergonomic}
   size_t G1HeapRegionSize                         = 1048576                                   {product} {ergonomic}
   size_t InitialHeapSize                          = 67108864                                  {product} {ergonomic}
   size_t MarkStackSize                            = 4194304                                   {product} {ergonomic}
   size_t MaxHeapSize                              = 1050673152                                {product} {ergonomic}
   size_t MaxNewSize                               = 630194176                                 {product} {ergonomic}
   size_t MinHeapDeltaBytes                        = 1048576                                   {product} {ergonomic}
   size_t MinHeapSize                              = 8388608                                   {product} {ergonomic}
    uintx NonNMethodCodeHeapSize                   = 5832780                                {pd product} {ergonomic}
    uintx NonProfiledCodeHeapSize                  = 122912730                              {pd product} {ergonomic}
    uintx ProfiledCodeHeapSize                     = 122912730                              {pd product} {ergonomic}
    uintx ReservedCodeCacheSize                    = 251658240                              {pd product} {ergonomic}
     bool SegmentedCodeCache                       = true                                      {product} {ergonomic}
     bool ShowCodeDetailsInExceptionMessages       = true                                   {manageable} {command line}
   size_t SoftMaxHeapSize                          = 1050673152                             {manageable} {ergonomic}
     bool UseCompressedOops                        = true                           {product lp64_product} {ergonomic}
     bool UseG1GC                                  = true                                      {product} {ergonomic}
     bool UseLargePagesIndividualAllocation        = false                                  {pd product} {ergonomic}

Logging:
Log output configuration:
 #0: stdout all=warning uptime,level,tags foldmultilines=false
 #1: stderr all=off uptime,level,tags foldmultilines=false

Environment Variables:
PATH=E:/CDAC/Java/eclipse-jee-2024-06-R-win32-x86_64/eclipse//plugins/org.eclipse.justj.openjdk.hotspot.jre.full.win32.x86_64_21.0.3.v20240426-1530/jre/bin/server;E:/CDAC/Java/eclipse-jee-2024-06-R-win32-x86_64/eclipse//plugins/org.eclipse.justj.openjdk.hotspot.jre.full.win32.x86_64_21.0.3.v20240426-1530/jre/bin;C:\Program Files\Common Files\Oracle\Java\javapath;C:\Python312\Scripts\;C:\Python312\;C:\Windows\system32;C:\Windows;C:\Windows\System32\Wbem;C:\Windows\System32\WindowsPowerShell\v1.0\;C:\Windows\System32\OpenSSH\;C:\Program Files (x86)\ATI Technologies\ATI.ACE\Core-Static;C:\Program Files\nodejs\;C:\ProgramData\chocolatey\bin;C:\Program Files\Java\jdk-17\bin;C:\Program Files\Git\cmd;C:\Program Files\Microsoft SQL Server\150\Tools\Binn\;C:\Program Files\Microsoft SQL Server\Client SDK\ODBC\170\Tools\Binn\;C:\Program Files\dotnet\;C:\Program Files\Java\jdk-22\bin;C:\Program Files\MySQL\MySQL Shell 8.0\bin\;C:\Users\GURU\AppData\Local\Microsoft\WindowsApps;C:\Users\GURU\AppData\Local\Programs\Microsoft VS Code\bin;C:\Users\GURU\AppData\Roaming\npm;C:\Users\GURU\.dotnet\tools;E:\CDAC\Java\eclipse-jee-2024-06-R-win32-x86_64\eclipse;
USERNAME=GURU
OS=Windows_NT
PROCESSOR_IDENTIFIER=Intel64 Family 6 Model 42 Stepping 7, GenuineIntel
TMP=C:\Users\GURU\AppData\Local\Temp
TEMP=C:\Users\GURU\AppData\Local\Temp




Periodic native trim disabled

---------------  S Y S T E M  ---------------

OS:
 Windows 10 , 64 bit Build 19041 (10.0.19041.4597)
OS uptime: 8 days 1:40 hours

CPU: total 4 (initial active 4) (2 cores per cpu, 2 threads per core) family 6 model 42 stepping 7 microcode 0x2f, cx8, cmov, fxsr, ht, mmx, sse, sse2, sse3, ssse3, sse4.1, sse4.2, popcnt, tsc, tscinvbit, avx, aes, clmul, vzeroupper, clflush, rdtscp
Processor Information for all 4 processors :
  Max Mhz: 2501, Current Mhz: 1000, Mhz Limit: 2501

Memory: 4k page, system-wide physical 4002M (312M free)
TotalPageFile size 16290M (AvailPageFile size 4M)
current process WorkingSet (physical memory assigned to process): 253M, peak: 336M
current process commit charge ("private bytes"): 342M, peak: 364M

vm_info: Java HotSpot(TM) 64-Bit Server VM (22.0.2+9-70) for windows-amd64 JRE (22.0.2+9-70), built on 2024-06-04T16:52:23Z by "mach5one" with MS VC++ 17.6 (VS2022)

END.
